{
    "Attributes": "---- CHECKING WRITE PERMISSION on s3://data.earth/sar/sentinel1/rtc/20.0m\n---- OK.\n---- CREATED TEMPORARY WORKING DIRECTORY:\n/dev/shm/seppoRPxym90qyg\n/dev/shm/seppoRPxym90qyg/recipe_sentinel1_grd.py\n---- PREPARED RECIPE:\nCOMMAND   = /dev/shm/seppoRPxym90qyg/recipe_sentinel1_grd.py\nARGUMENTS =['-r']\n---- PREPARING FILES:\n. exists and is writeable.\n\n---- Processing recipe    : /dev/shm/seppoRPxym90qyg/recipe_sentinel1_grd.py\n---- Processing parameters: ['-r']\n---- Logfile              : SRP_recipe_sentinel1_grd.py.log\n---- PROCESSING ...\n---- DONE.\n---- RESULTS NAME: S1B_IW_GRDH_1SDV_20170906T230409_20170906T230434_007278_00CD65_3B08-EBD\n---- WRITE OUTPUT DATA TO s3://data.earth/sar/sentinel1/rtc/20.0m ...\n---- DELETING FILE EBD_RESULT_FILES\n---- DELETING FILE S1B_IW_GRDH_1SDV_20170906T230409_20170906T230434_007278_00CD65_3B08-EBD_pix.tif\n---- MAKING ZIPFILE S1B_IW_GRDH_1SDV_20170906T230409_20170906T230434_007278_00CD65_3B08-EBD.zip\nAdded to zip archive and removed: S1B_IW_GRDH_1SDV_20170906T230409_20170906T230434_007278_00CD65_3B08-EBD_inc_DN.tif\nAdded to zip archive and removed: S1B_IW_GRDH_1SDV_20170906T230409_20170906T230434_007278_00CD65_3B08-EBD_lsmap.tif\nAdded to zip archive and removed: S1B_IW_GRDH_1SDV_20170906T230409_20170906T230434_007278_00CD65_3B08-EBD_vh.log\nAdded to zip archive and removed: S1B_IW_GRDH_1SDV_20170906T230409_20170906T230434_007278_00CD65_3B08-EBD_vh_AMP.tif\nAdded to zip archive and removed: S1B_IW_GRDH_1SDV_20170906T230409_20170906T230434_007278_00CD65_3B08-EBD_vh_DN_browse.tif\nAdded to zip archive and removed: S1B_IW_GRDH_1SDV_20170906T230409_20170906T230434_007278_00CD65_3B08-EBD_vv.log\nAdded to zip archive and removed: S1B_IW_GRDH_1SDV_20170906T230409_20170906T230434_007278_00CD65_3B08-EBD_vv_AMP.tif\nAdded to zip archive and removed: S1B_IW_GRDH_1SDV_20170906T230409_20170906T230434_007278_00CD65_3B08-EBD_vv_DN_browse.tif\nAdded to zip archive and removed: S1B_IW_GRDH_1SDV_20170906T230409_20170906T230434_007278_00CD65_3B08-EBD_vvvh_DN_browse.tif\nAdded to zip archive and removed: SRP_recipe_sentinel1_grd.py.log\nUploaded file S1B_IW_GRDH_1SDV_20170906T230409_20170906T230434_007278_00CD65_3B08-EBD.zip to s3://data.earth/sar/sentinel1/rtc/20.0m/S1B_IW_GRDH_1SDV_20170906T230409_20170906T230434_007278_00CD65_3B08-EBD.zip\n---- DONE.\n---- RESULTS STORED in:\ns3://data.earth/sar/sentinel1/rtc/20.0m/S1B_IW_GRDH_1SDV_20170906T230409_20170906T230434_007278_00CD65_3B08-EBD.zip\n\n---- FINAL CLEANUP DELETING TEMPDIR.\n",
    "Duration_hms": "0:14:04.783598",
    "Duration_sec": "844.783598",
    "EndTime": "2017-10-19T16:57:49.095608",
    "Job": "seppo_recipe_processor.py -z -o s3://data.earth/sar/sentinel1/rtc/20.0m -r '${SEPPO_HOME}/recipies/gamma/recipe_sentinel1_grd.py -r' -i https://datapool.asf.alaska.edu/GRD_HD/SB/S1B_IW_GRDH_1SDV_20170906T230409_20170906T230434_007278_00CD65_3B08.zip",
    "JobID": "18NZJ",
    "StartTime": "2017-10-19T16:43:44.312010",
    "User": "c502wwf"
}
-----------------------------------------------------------
{
    "Attributes": "---- CHECKING WRITE PERMISSION on s3://data.earth/sar/sentinel1/rtc/20.0m\n---- OK.\n---- CREATED TEMPORARY WORKING DIRECTORY:\n/dev/shm/seppoRPzvggscge\n/dev/shm/seppoRPzvggscge/recipe_sentinel1_grd.py\n---- PREPARED RECIPE:\nCOMMAND   = /dev/shm/seppoRPzvggscge/recipe_sentinel1_grd.py\nARGUMENTS =['-r']\n---- PREPARING FILES:\n. exists and is writeable.\n\n---- Processing recipe    : /dev/shm/seppoRPzvggscge/recipe_sentinel1_grd.py\n---- Processing parameters: ['-r']\n---- Logfile              : SRP_recipe_sentinel1_grd.py.log\n---- PROCESSING ...\n---- DONE.\n---- RESULTS NAME: S1B_IW_GRDH_1SDV_20171007T103427_20171007T103452_007722_00DA3C_8DF0-EBD\n---- WRITE OUTPUT DATA TO s3://data.earth/sar/sentinel1/rtc/20.0m ...\n---- DELETING FILE EBD_RESULT_FILES\n---- DELETING FILE S1B_IW_GRDH_1SDV_20171007T103427_20171007T103452_007722_00DA3C_8DF0-EBD_pix.tif\n---- MAKING ZIPFILE S1B_IW_GRDH_1SDV_20171007T103427_20171007T103452_007722_00DA3C_8DF0-EBD.zip\nAdded to zip archive and removed: S1B_IW_GRDH_1SDV_20171007T103427_20171007T103452_007722_00DA3C_8DF0-EBD_inc_DN.tif\nAdded to zip archive and removed: S1B_IW_GRDH_1SDV_20171007T103427_20171007T103452_007722_00DA3C_8DF0-EBD_lsmap.tif\nAdded to zip archive and removed: S1B_IW_GRDH_1SDV_20171007T103427_20171007T103452_007722_00DA3C_8DF0-EBD_vh.log\nAdded to zip archive and removed: S1B_IW_GRDH_1SDV_20171007T103427_20171007T103452_007722_00DA3C_8DF0-EBD_vh_AMP.tif\nAdded to zip archive and removed: S1B_IW_GRDH_1SDV_20171007T103427_20171007T103452_007722_00DA3C_8DF0-EBD_vh_DN_browse.tif\nAdded to zip archive and removed: S1B_IW_GRDH_1SDV_20171007T103427_20171007T103452_007722_00DA3C_8DF0-EBD_vv.log\nAdded to zip archive and removed: S1B_IW_GRDH_1SDV_20171007T103427_20171007T103452_007722_00DA3C_8DF0-EBD_vv_AMP.tif\nAdded to zip archive and removed: S1B_IW_GRDH_1SDV_20171007T103427_20171007T103452_007722_00DA3C_8DF0-EBD_vv_DN_browse.tif\nAdded to zip archive and removed: S1B_IW_GRDH_1SDV_20171007T103427_20171007T103452_007722_00DA3C_8DF0-EBD_vvvh_DN_browse.tif\nAdded to zip archive and removed: SRP_recipe_sentinel1_grd.py.log\nUploaded file S1B_IW_GRDH_1SDV_20171007T103427_20171007T103452_007722_00DA3C_8DF0-EBD.zip to s3://data.earth/sar/sentinel1/rtc/20.0m/S1B_IW_GRDH_1SDV_20171007T103427_20171007T103452_007722_00DA3C_8DF0-EBD.zip\n---- DONE.\n---- RESULTS STORED in:\ns3://data.earth/sar/sentinel1/rtc/20.0m/S1B_IW_GRDH_1SDV_20171007T103427_20171007T103452_007722_00DA3C_8DF0-EBD.zip\n\n---- FINAL CLEANUP DELETING TEMPDIR.\n",
    "Duration_hms": "0:14:19.115159",
    "Duration_sec": "859.115159",
    "EndTime": "2017-10-19T16:57:59.314831",
    "Job": "seppo_recipe_processor.py -z -o s3://data.earth/sar/sentinel1/rtc/20.0m -r '${SEPPO_HOME}/recipies/gamma/recipe_sentinel1_grd.py -r' -i https://datapool.asf.alaska.edu/GRD_HD/SB/S1B_IW_GRDH_1SDV_20171007T103427_20171007T103452_007722_00DA3C_8DF0.zip",
    "JobID": "18NZJ",
    "StartTime": "2017-10-19T16:43:40.199672",
    "User": "c502wwf"
}
-----------------------------------------------------------
{
    "Attributes": "---- CHECKING WRITE PERMISSION on s3://data.earth/sar/sentinel1/rtc/20.0m\n---- OK.\n---- CREATED TEMPORARY WORKING DIRECTORY:\n/dev/shm/seppoRPeq5fagnf\n/dev/shm/seppoRPeq5fagnf/recipe_sentinel1_grd.py\n---- PREPARED RECIPE:\nCOMMAND   = /dev/shm/seppoRPeq5fagnf/recipe_sentinel1_grd.py\nARGUMENTS =['-r']\n---- PREPARING FILES:\n. exists and is writeable.\n\n---- Processing recipe    : /dev/shm/seppoRPeq5fagnf/recipe_sentinel1_grd.py\n---- Processing parameters: ['-r']\n---- Logfile              : SRP_recipe_sentinel1_grd.py.log\n---- PROCESSING ...\n---- DONE.\n---- RESULTS NAME: S1B_IW_GRDH_1SDV_20171012T230413_20171012T230438_007803_00DC8A_4CE3-EBD\n---- WRITE OUTPUT DATA TO s3://data.earth/sar/sentinel1/rtc/20.0m ...\n---- DELETING FILE EBD_RESULT_FILES\n---- DELETING FILE S1B_IW_GRDH_1SDV_20171012T230413_20171012T230438_007803_00DC8A_4CE3-EBD_pix.tif\n---- MAKING ZIPFILE S1B_IW_GRDH_1SDV_20171012T230413_20171012T230438_007803_00DC8A_4CE3-EBD.zip\nAdded to zip archive and removed: S1B_IW_GRDH_1SDV_20171012T230413_20171012T230438_007803_00DC8A_4CE3-EBD_inc_DN.tif\nAdded to zip archive and removed: S1B_IW_GRDH_1SDV_20171012T230413_20171012T230438_007803_00DC8A_4CE3-EBD_lsmap.tif\nAdded to zip archive and removed: S1B_IW_GRDH_1SDV_20171012T230413_20171012T230438_007803_00DC8A_4CE3-EBD_vh.log\nAdded to zip archive and removed: S1B_IW_GRDH_1SDV_20171012T230413_20171012T230438_007803_00DC8A_4CE3-EBD_vh_AMP.tif\nAdded to zip archive and removed: S1B_IW_GRDH_1SDV_20171012T230413_20171012T230438_007803_00DC8A_4CE3-EBD_vh_DN_browse.tif\nAdded to zip archive and removed: S1B_IW_GRDH_1SDV_20171012T230413_20171012T230438_007803_00DC8A_4CE3-EBD_vv.log\nAdded to zip archive and removed: S1B_IW_GRDH_1SDV_20171012T230413_20171012T230438_007803_00DC8A_4CE3-EBD_vv_AMP.tif\nAdded to zip archive and removed: S1B_IW_GRDH_1SDV_20171012T230413_20171012T230438_007803_00DC8A_4CE3-EBD_vv_DN_browse.tif\nAdded to zip archive and removed: S1B_IW_GRDH_1SDV_20171012T230413_20171012T230438_007803_00DC8A_4CE3-EBD_vvvh_DN_browse.tif\nAdded to zip archive and removed: SRP_recipe_sentinel1_grd.py.log\nUploaded file S1B_IW_GRDH_1SDV_20171012T230413_20171012T230438_007803_00DC8A_4CE3-EBD.zip to s3://data.earth/sar/sentinel1/rtc/20.0m/S1B_IW_GRDH_1SDV_20171012T230413_20171012T230438_007803_00DC8A_4CE3-EBD.zip\n---- DONE.\n---- RESULTS STORED in:\ns3://data.earth/sar/sentinel1/rtc/20.0m/S1B_IW_GRDH_1SDV_20171012T230413_20171012T230438_007803_00DC8A_4CE3-EBD.zip\n\n---- FINAL CLEANUP DELETING TEMPDIR.\n",
    "Duration_hms": "0:14:30.692501",
    "Duration_sec": "870.692501",
    "EndTime": "2017-10-19T17:01:53.593194",
    "Job": "seppo_recipe_processor.py -z -o s3://data.earth/sar/sentinel1/rtc/20.0m -r '${SEPPO_HOME}/recipies/gamma/recipe_sentinel1_grd.py -r' -i https://datapool.asf.alaska.edu/GRD_HD/SB/S1B_IW_GRDH_1SDV_20171012T230413_20171012T230438_007803_00DC8A_4CE3.zip",
    "JobID": "18NZJ",
    "StartTime": "2017-10-19T16:47:22.900693",
    "User": "c502wwf"
}
-----------------------------------------------------------
{
    "Attributes": "---- CHECKING WRITE PERMISSION on s3://data.earth/sar/sentinel1/rtc/20.0m\n---- OK.\n---- CREATED TEMPORARY WORKING DIRECTORY:\n/dev/shm/seppoRPmcasm10s\n/dev/shm/seppoRPmcasm10s/recipe_sentinel1_grd.py\n---- PREPARED RECIPE:\nCOMMAND   = /dev/shm/seppoRPmcasm10s/recipe_sentinel1_grd.py\nARGUMENTS =['-r']\n---- PREPARING FILES:\n. exists and is writeable.\n\n---- Processing recipe    : /dev/shm/seppoRPmcasm10s/recipe_sentinel1_grd.py\n---- Processing parameters: ['-r']\n---- Logfile              : SRP_recipe_sentinel1_grd.py.log\n---- PROCESSING ...\n---- DONE.\n---- RESULTS NAME: S1B_IW_GRDH_1SDV_20170906T230434_20170906T230459_007278_00CD65_9422-EBD\n---- WRITE OUTPUT DATA TO s3://data.earth/sar/sentinel1/rtc/20.0m ...\n---- DELETING FILE EBD_RESULT_FILES\n---- DELETING FILE S1B_IW_GRDH_1SDV_20170906T230434_20170906T230459_007278_00CD65_9422-EBD_pix.tif\n---- MAKING ZIPFILE S1B_IW_GRDH_1SDV_20170906T230434_20170906T230459_007278_00CD65_9422-EBD.zip\nAdded to zip archive and removed: S1B_IW_GRDH_1SDV_20170906T230434_20170906T230459_007278_00CD65_9422-EBD_inc_DN.tif\nAdded to zip archive and removed: S1B_IW_GRDH_1SDV_20170906T230434_20170906T230459_007278_00CD65_9422-EBD_lsmap.tif\nAdded to zip archive and removed: S1B_IW_GRDH_1SDV_20170906T230434_20170906T230459_007278_00CD65_9422-EBD_vh.log\nAdded to zip archive and removed: S1B_IW_GRDH_1SDV_20170906T230434_20170906T230459_007278_00CD65_9422-EBD_vh_AMP.tif\nAdded to zip archive and removed: S1B_IW_GRDH_1SDV_20170906T230434_20170906T230459_007278_00CD65_9422-EBD_vh_DN_browse.tif\nAdded to zip archive and removed: S1B_IW_GRDH_1SDV_20170906T230434_20170906T230459_007278_00CD65_9422-EBD_vv.log\nAdded to zip archive and removed: S1B_IW_GRDH_1SDV_20170906T230434_20170906T230459_007278_00CD65_9422-EBD_vv_AMP.tif\nAdded to zip archive and removed: S1B_IW_GRDH_1SDV_20170906T230434_20170906T230459_007278_00CD65_9422-EBD_vv_DN_browse.tif\nAdded to zip archive and removed: S1B_IW_GRDH_1SDV_20170906T230434_20170906T230459_007278_00CD65_9422-EBD_vvvh_DN_browse.tif\nAdded to zip archive and removed: SRP_recipe_sentinel1_grd.py.log\nUploaded file S1B_IW_GRDH_1SDV_20170906T230434_20170906T230459_007278_00CD65_9422-EBD.zip to s3://data.earth/sar/sentinel1/rtc/20.0m/S1B_IW_GRDH_1SDV_20170906T230434_20170906T230459_007278_00CD65_9422-EBD.zip\n---- DONE.\n---- RESULTS STORED in:\ns3://data.earth/sar/sentinel1/rtc/20.0m/S1B_IW_GRDH_1SDV_20170906T230434_20170906T230459_007278_00CD65_9422-EBD.zip\n\n---- FINAL CLEANUP DELETING TEMPDIR.\n",
    "Duration_hms": "0:14:05.137031",
    "Duration_sec": "845.137031",
    "EndTime": "2017-10-19T17:02:26.410165",
    "Job": "seppo_recipe_processor.py -z -o s3://data.earth/sar/sentinel1/rtc/20.0m -r '${SEPPO_HOME}/recipies/gamma/recipe_sentinel1_grd.py -r' -i https://datapool.asf.alaska.edu/GRD_HD/SB/S1B_IW_GRDH_1SDV_20170906T230434_20170906T230459_007278_00CD65_9422.zip",
    "JobID": "18NZJ",
    "StartTime": "2017-10-19T16:48:21.273134",
    "User": "c502wwf"
}
-----------------------------------------------------------
{
    "Attributes": "---- CHECKING WRITE PERMISSION on s3://data.earth/sar/sentinel1/rtc/20.0m\n---- OK.\n---- CREATED TEMPORARY WORKING DIRECTORY:\n/dev/shm/seppoRPoqg7v72j\n/dev/shm/seppoRPoqg7v72j/recipe_sentinel1_grd.py\n---- PREPARED RECIPE:\nCOMMAND   = /dev/shm/seppoRPoqg7v72j/recipe_sentinel1_grd.py\nARGUMENTS =['-r']\n---- PREPARING FILES:\n. exists and is writeable.\n\n---- Processing recipe    : /dev/shm/seppoRPoqg7v72j/recipe_sentinel1_grd.py\n---- Processing parameters: ['-r']\n---- Logfile              : SRP_recipe_sentinel1_grd.py.log\n---- PROCESSING ...\n---- DONE.\n---- RESULTS NAME: S1B_IW_GRDH_1SDV_20171007T103402_20171007T103427_007722_00DA3C_C63B-EBD\n---- WRITE OUTPUT DATA TO s3://data.earth/sar/sentinel1/rtc/20.0m ...\n---- DELETING FILE EBD_RESULT_FILES\n---- DELETING FILE S1B_IW_GRDH_1SDV_20171007T103402_20171007T103427_007722_00DA3C_C63B-EBD_pix.tif\n---- MAKING ZIPFILE S1B_IW_GRDH_1SDV_20171007T103402_20171007T103427_007722_00DA3C_C63B-EBD.zip\nAdded to zip archive and removed: S1B_IW_GRDH_1SDV_20171007T103402_20171007T103427_007722_00DA3C_C63B-EBD_inc_DN.tif\nAdded to zip archive and removed: S1B_IW_GRDH_1SDV_20171007T103402_20171007T103427_007722_00DA3C_C63B-EBD_lsmap.tif\nAdded to zip archive and removed: S1B_IW_GRDH_1SDV_20171007T103402_20171007T103427_007722_00DA3C_C63B-EBD_vh.log\nAdded to zip archive and removed: S1B_IW_GRDH_1SDV_20171007T103402_20171007T103427_007722_00DA3C_C63B-EBD_vh_AMP.tif\nAdded to zip archive and removed: S1B_IW_GRDH_1SDV_20171007T103402_20171007T103427_007722_00DA3C_C63B-EBD_vh_DN_browse.tif\nAdded to zip archive and removed: S1B_IW_GRDH_1SDV_20171007T103402_20171007T103427_007722_00DA3C_C63B-EBD_vv.log\nAdded to zip archive and removed: S1B_IW_GRDH_1SDV_20171007T103402_20171007T103427_007722_00DA3C_C63B-EBD_vv_AMP.tif\nAdded to zip archive and removed: S1B_IW_GRDH_1SDV_20171007T103402_20171007T103427_007722_00DA3C_C63B-EBD_vv_DN_browse.tif\nAdded to zip archive and removed: S1B_IW_GRDH_1SDV_20171007T103402_20171007T103427_007722_00DA3C_C63B-EBD_vvvh_DN_browse.tif\nAdded to zip archive and removed: SRP_recipe_sentinel1_grd.py.log\nUploaded file S1B_IW_GRDH_1SDV_20171007T103402_20171007T103427_007722_00DA3C_C63B-EBD.zip to s3://data.earth/sar/sentinel1/rtc/20.0m/S1B_IW_GRDH_1SDV_20171007T103402_20171007T103427_007722_00DA3C_C63B-EBD.zip\n---- DONE.\n---- RESULTS STORED in:\ns3://data.earth/sar/sentinel1/rtc/20.0m/S1B_IW_GRDH_1SDV_20171007T103402_20171007T103427_007722_00DA3C_C63B-EBD.zip\n\n---- FINAL CLEANUP DELETING TEMPDIR.\n",
    "Duration_hms": "0:14:29.641150",
    "Duration_sec": "869.64115",
    "EndTime": "2017-10-19T17:12:23.298539",
    "Job": "seppo_recipe_processor.py -z -o s3://data.earth/sar/sentinel1/rtc/20.0m -r '${SEPPO_HOME}/recipies/gamma/recipe_sentinel1_grd.py -r' -i https://datapool.asf.alaska.edu/GRD_HD/SB/S1B_IW_GRDH_1SDV_20171007T103402_20171007T103427_007722_00DA3C_C63B.zip",
    "JobID": "18NZJ",
    "StartTime": "2017-10-19T16:57:53.657389",
    "User": "c502wwf"
}
-----------------------------------------------------------
{
    "Attributes": "---- CHECKING WRITE PERMISSION on s3://data.earth/sar/sentinel1/rtc/20.0m\n---- OK.\n---- CREATED TEMPORARY WORKING DIRECTORY:\n/dev/shm/seppoRPp7b9no1p\n/dev/shm/seppoRPp7b9no1p/recipe_sentinel1_grd.py\n---- PREPARED RECIPE:\nCOMMAND   = /dev/shm/seppoRPp7b9no1p/recipe_sentinel1_grd.py\nARGUMENTS =['-r']\n---- PREPARING FILES:\n. exists and is writeable.\n\n---- Processing recipe    : /dev/shm/seppoRPp7b9no1p/recipe_sentinel1_grd.py\n---- Processing parameters: ['-r']\n---- Logfile              : SRP_recipe_sentinel1_grd.py.log\n---- PROCESSING ...\n---- DONE.\n---- RESULTS NAME: S1B_IW_GRDH_1SDV_20171012T230438_20171012T230503_007803_00DC8A_BC52-EBD\n---- WRITE OUTPUT DATA TO s3://data.earth/sar/sentinel1/rtc/20.0m ...\n---- DELETING FILE EBD_RESULT_FILES\n---- DELETING FILE S1B_IW_GRDH_1SDV_20171012T230438_20171012T230503_007803_00DC8A_BC52-EBD_pix.tif\n---- MAKING ZIPFILE S1B_IW_GRDH_1SDV_20171012T230438_20171012T230503_007803_00DC8A_BC52-EBD.zip\nAdded to zip archive and removed: S1B_IW_GRDH_1SDV_20171012T230438_20171012T230503_007803_00DC8A_BC52-EBD_inc_DN.tif\nAdded to zip archive and removed: S1B_IW_GRDH_1SDV_20171012T230438_20171012T230503_007803_00DC8A_BC52-EBD_lsmap.tif\nAdded to zip archive and removed: S1B_IW_GRDH_1SDV_20171012T230438_20171012T230503_007803_00DC8A_BC52-EBD_vh.log\nAdded to zip archive and removed: S1B_IW_GRDH_1SDV_20171012T230438_20171012T230503_007803_00DC8A_BC52-EBD_vh_AMP.tif\nAdded to zip archive and removed: S1B_IW_GRDH_1SDV_20171012T230438_20171012T230503_007803_00DC8A_BC52-EBD_vh_DN_browse.tif\nAdded to zip archive and removed: S1B_IW_GRDH_1SDV_20171012T230438_20171012T230503_007803_00DC8A_BC52-EBD_vv.log\nAdded to zip archive and removed: S1B_IW_GRDH_1SDV_20171012T230438_20171012T230503_007803_00DC8A_BC52-EBD_vv_AMP.tif\nAdded to zip archive and removed: S1B_IW_GRDH_1SDV_20171012T230438_20171012T230503_007803_00DC8A_BC52-EBD_vv_DN_browse.tif\nAdded to zip archive and removed: S1B_IW_GRDH_1SDV_20171012T230438_20171012T230503_007803_00DC8A_BC52-EBD_vvvh_DN_browse.tif\nAdded to zip archive and removed: SRP_recipe_sentinel1_grd.py.log\nUploaded file S1B_IW_GRDH_1SDV_20171012T230438_20171012T230503_007803_00DC8A_BC52-EBD.zip to s3://data.earth/sar/sentinel1/rtc/20.0m/S1B_IW_GRDH_1SDV_20171012T230438_20171012T230503_007803_00DC8A_BC52-EBD.zip\n---- DONE.\n---- RESULTS STORED in:\ns3://data.earth/sar/sentinel1/rtc/20.0m/S1B_IW_GRDH_1SDV_20171012T230438_20171012T230503_007803_00DC8A_BC52-EBD.zip\n\n---- FINAL CLEANUP DELETING TEMPDIR.\n",
    "Duration_hms": "0:14:23.839488",
    "Duration_sec": "863.839488",
    "EndTime": "2017-10-19T17:12:27.661063",
    "Job": "seppo_recipe_processor.py -z -o s3://data.earth/sar/sentinel1/rtc/20.0m -r '${SEPPO_HOME}/recipies/gamma/recipe_sentinel1_grd.py -r' -i https://datapool.asf.alaska.edu/GRD_HD/SB/S1B_IW_GRDH_1SDV_20171012T230438_20171012T230503_007803_00DC8A_BC52.zip",
    "JobID": "18NZJ",
    "StartTime": "2017-10-19T16:58:03.821575",
    "User": "c502wwf"
}
-----------------------------------------------------------
