{
    "Attributes": "---- CHECKING WRITE PERMISSION on s3://data.earth/sar/sentinel1/rtc/20.0m\n---- OK.\n---- CREATED TEMPORARY WORKING DIRECTORY:\n/dev/shm/seppoRPc0j1iwtf\n/dev/shm/seppoRPc0j1iwtf/recipe_sentinel1_grd.py\n---- PREPARED RECIPE:\nCOMMAND   = /dev/shm/seppoRPc0j1iwtf/recipe_sentinel1_grd.py\nARGUMENTS =['-r', '-proj', 'UTM', '-xres', '20', '-yres', '-20']\n---- PREPARING FILES:\n. exists and is writeable.\n\n---- Processing recipe    : /dev/shm/seppoRPc0j1iwtf/recipe_sentinel1_grd.py\n---- Processing parameters: ['-r', '-proj', 'UTM', '-xres', '20', '-yres', '-20']\n---- Logfile              : SRP_recipe_sentinel1_grd.py.log\n---- PROCESSING ...\n---- DONE.\n---- RESULTS NAME: S1B_IW_GRDH_1SDV_20170930T230438_20170930T230503_007628_00D78E_042C-EBD\n---- WRITE OUTPUT DATA TO s3://data.earth/sar/sentinel1/rtc/20.0m ...\n---- DELETING FILE EBD_RESULT_FILES\n---- DELETING FILE S1B_IW_GRDH_1SDV_20170930T230438_20170930T230503_007628_00D78E_042C-EBD_pix.tif\n---- MAKING ZIPFILE S1B_IW_GRDH_1SDV_20170930T230438_20170930T230503_007628_00D78E_042C-EBD.zip\nAdded to zip archive and removed: S1B_IW_GRDH_1SDV_20170930T230438_20170930T230503_007628_00D78E_042C-EBD_inc_DN.tif\nAdded to zip archive and removed: S1B_IW_GRDH_1SDV_20170930T230438_20170930T230503_007628_00D78E_042C-EBD_lsmap.tif\nAdded to zip archive and removed: S1B_IW_GRDH_1SDV_20170930T230438_20170930T230503_007628_00D78E_042C-EBD_vh.log\nAdded to zip archive and removed: S1B_IW_GRDH_1SDV_20170930T230438_20170930T230503_007628_00D78E_042C-EBD_vh_AMP.tif\nAdded to zip archive and removed: S1B_IW_GRDH_1SDV_20170930T230438_20170930T230503_007628_00D78E_042C-EBD_vh_DN_browse.tif\nAdded to zip archive and removed: S1B_IW_GRDH_1SDV_20170930T230438_20170930T230503_007628_00D78E_042C-EBD_vv.log\nAdded to zip archive and removed: S1B_IW_GRDH_1SDV_20170930T230438_20170930T230503_007628_00D78E_042C-EBD_vv_AMP.tif\nAdded to zip archive and removed: S1B_IW_GRDH_1SDV_20170930T230438_20170930T230503_007628_00D78E_042C-EBD_vv_DN_browse.tif\nAdded to zip archive and removed: S1B_IW_GRDH_1SDV_20170930T230438_20170930T230503_007628_00D78E_042C-EBD_vvvh_DN_browse.tif\nAdded to zip archive and removed: SRP_recipe_sentinel1_grd.py.log\nUploaded file S1B_IW_GRDH_1SDV_20170930T230438_20170930T230503_007628_00D78E_042C-EBD.zip to s3://data.earth/sar/sentinel1/rtc/20.0m/S1B_IW_GRDH_1SDV_20170930T230438_20170930T230503_007628_00D78E_042C-EBD.zip\n---- DONE.\n---- RESULTS STORED in:\ns3://data.earth/sar/sentinel1/rtc/20.0m/S1B_IW_GRDH_1SDV_20170930T230438_20170930T230503_007628_00D78E_042C-EBD.zip\n\n---- FINAL CLEANUP DELETING TEMPDIR.\n",
    "Duration_hms": "0:16:35.993653",
    "Duration_sec": "995.993653",
    "EndTime": "2017-10-07T16:45:32.412659",
    "Job": "seppo_recipe_processor.py -z -o s3://data.earth/sar/sentinel1/rtc/20.0m -r '/mnt/s/seppo/recipies/gamma/recipe_sentinel1_grd.py -r -proj UTM -xres 20 -yres -20' -i https://datapool.asf.alaska.edu/GRD_HD/SB/S1B_IW_GRDH_1SDV_20170930T230438_20170930T230503_007628_00D78E_042C.zip",
    "JobID": "colombia-s1p77gcs",
    "StartTime": "2017-10-07T16:28:56.419006",
    "User": "ebduser"
}
-----------------------------------------------------------
{
    "Attributes": "---- CHECKING WRITE PERMISSION on s3://data.earth/sar/sentinel1/rtc/20.0m\n---- OK.\n---- CREATED TEMPORARY WORKING DIRECTORY:\n/dev/shm/seppoRPuhhhqie9\n/dev/shm/seppoRPuhhhqie9/recipe_sentinel1_grd.py\n---- PREPARED RECIPE:\nCOMMAND   = /dev/shm/seppoRPuhhhqie9/recipe_sentinel1_grd.py\nARGUMENTS =['-r', '-proj', 'UTM', '-xres', '20', '-yres', '-20']\n---- PREPARING FILES:\n. exists and is writeable.\n\n---- Processing recipe    : /dev/shm/seppoRPuhhhqie9/recipe_sentinel1_grd.py\n---- Processing parameters: ['-r', '-proj', 'UTM', '-xres', '20', '-yres', '-20']\n---- Logfile              : SRP_recipe_sentinel1_grd.py.log\n---- PROCESSING ...\n---- DONE.\n---- RESULTS NAME: S1B_IW_GRDH_1SDV_20170720T230432_20170720T230457_006578_00B920_1F64-EBD\n---- WRITE OUTPUT DATA TO s3://data.earth/sar/sentinel1/rtc/20.0m ...\n---- DELETING FILE EBD_RESULT_FILES\n---- DELETING FILE S1B_IW_GRDH_1SDV_20170720T230432_20170720T230457_006578_00B920_1F64-EBD_pix.tif\n---- MAKING ZIPFILE S1B_IW_GRDH_1SDV_20170720T230432_20170720T230457_006578_00B920_1F64-EBD.zip\nAdded to zip archive and removed: S1B_IW_GRDH_1SDV_20170720T230432_20170720T230457_006578_00B920_1F64-EBD_inc_DN.tif\nAdded to zip archive and removed: S1B_IW_GRDH_1SDV_20170720T230432_20170720T230457_006578_00B920_1F64-EBD_lsmap.tif\nAdded to zip archive and removed: S1B_IW_GRDH_1SDV_20170720T230432_20170720T230457_006578_00B920_1F64-EBD_vh.log\nAdded to zip archive and removed: S1B_IW_GRDH_1SDV_20170720T230432_20170720T230457_006578_00B920_1F64-EBD_vh_AMP.tif\nAdded to zip archive and removed: S1B_IW_GRDH_1SDV_20170720T230432_20170720T230457_006578_00B920_1F64-EBD_vh_DN_browse.tif\nAdded to zip archive and removed: S1B_IW_GRDH_1SDV_20170720T230432_20170720T230457_006578_00B920_1F64-EBD_vv.log\nAdded to zip archive and removed: S1B_IW_GRDH_1SDV_20170720T230432_20170720T230457_006578_00B920_1F64-EBD_vv_AMP.tif\nAdded to zip archive and removed: S1B_IW_GRDH_1SDV_20170720T230432_20170720T230457_006578_00B920_1F64-EBD_vv_DN_browse.tif\nAdded to zip archive and removed: S1B_IW_GRDH_1SDV_20170720T230432_20170720T230457_006578_00B920_1F64-EBD_vvvh_DN_browse.tif\nAdded to zip archive and removed: SRP_recipe_sentinel1_grd.py.log\nUploaded file S1B_IW_GRDH_1SDV_20170720T230432_20170720T230457_006578_00B920_1F64-EBD.zip to s3://data.earth/sar/sentinel1/rtc/20.0m/S1B_IW_GRDH_1SDV_20170720T230432_20170720T230457_006578_00B920_1F64-EBD.zip\n---- DONE.\n---- RESULTS STORED in:\ns3://data.earth/sar/sentinel1/rtc/20.0m/S1B_IW_GRDH_1SDV_20170720T230432_20170720T230457_006578_00B920_1F64-EBD.zip\n\n---- FINAL CLEANUP DELETING TEMPDIR.\n",
    "Duration_hms": "0:17:55.582767",
    "Duration_sec": "1075.582767",
    "EndTime": "2017-10-07T16:46:59.194447",
    "Job": "seppo_recipe_processor.py -z -o s3://data.earth/sar/sentinel1/rtc/20.0m -r '/mnt/s/seppo/recipies/gamma/recipe_sentinel1_grd.py -r -proj UTM -xres 20 -yres -20' -i https://datapool.asf.alaska.edu/GRD_HD/SB/S1B_IW_GRDH_1SDV_20170720T230432_20170720T230457_006578_00B920_1F64.zip",
    "JobID": "colombia-s1p77gcs",
    "StartTime": "2017-10-07T16:29:03.611680",
    "User": "ebduser"
}
-----------------------------------------------------------
{
    "Attributes": "---- CHECKING WRITE PERMISSION on s3://data.earth/sar/sentinel1/rtc/20.0m\n---- OK.\n---- CREATED TEMPORARY WORKING DIRECTORY:\n/dev/shm/seppoRPjiiaiyd2\n/dev/shm/seppoRPjiiaiyd2/recipe_sentinel1_grd.py\n---- PREPARED RECIPE:\nCOMMAND   = /dev/shm/seppoRPjiiaiyd2/recipe_sentinel1_grd.py\nARGUMENTS =['-r', '-proj', 'UTM', '-xres', '20', '-yres', '-20']\n---- PREPARING FILES:\n. exists and is writeable.\n\n---- Processing recipe    : /dev/shm/seppoRPjiiaiyd2/recipe_sentinel1_grd.py\n---- Processing parameters: ['-r', '-proj', 'UTM', '-xres', '20', '-yres', '-20']\n---- Logfile              : SRP_recipe_sentinel1_grd.py.log\n---- PROCESSING ...\n---- DONE.\n---- RESULTS NAME: S1B_IW_GRDH_1SDV_20170813T230433_20170813T230458_006928_00C340_E738-EBD\n---- WRITE OUTPUT DATA TO s3://data.earth/sar/sentinel1/rtc/20.0m ...\n---- DELETING FILE EBD_RESULT_FILES\n---- DELETING FILE S1B_IW_GRDH_1SDV_20170813T230433_20170813T230458_006928_00C340_E738-EBD_pix.tif\n---- MAKING ZIPFILE S1B_IW_GRDH_1SDV_20170813T230433_20170813T230458_006928_00C340_E738-EBD.zip\nAdded to zip archive and removed: S1B_IW_GRDH_1SDV_20170813T230433_20170813T230458_006928_00C340_E738-EBD_inc_DN.tif\nAdded to zip archive and removed: S1B_IW_GRDH_1SDV_20170813T230433_20170813T230458_006928_00C340_E738-EBD_lsmap.tif\nAdded to zip archive and removed: S1B_IW_GRDH_1SDV_20170813T230433_20170813T230458_006928_00C340_E738-EBD_vh.log\nAdded to zip archive and removed: S1B_IW_GRDH_1SDV_20170813T230433_20170813T230458_006928_00C340_E738-EBD_vh_AMP.tif\nAdded to zip archive and removed: S1B_IW_GRDH_1SDV_20170813T230433_20170813T230458_006928_00C340_E738-EBD_vh_DN_browse.tif\nAdded to zip archive and removed: S1B_IW_GRDH_1SDV_20170813T230433_20170813T230458_006928_00C340_E738-EBD_vv.log\nAdded to zip archive and removed: S1B_IW_GRDH_1SDV_20170813T230433_20170813T230458_006928_00C340_E738-EBD_vv_AMP.tif\nAdded to zip archive and removed: S1B_IW_GRDH_1SDV_20170813T230433_20170813T230458_006928_00C340_E738-EBD_vv_DN_browse.tif\nAdded to zip archive and removed: S1B_IW_GRDH_1SDV_20170813T230433_20170813T230458_006928_00C340_E738-EBD_vvvh_DN_browse.tif\nAdded to zip archive and removed: SRP_recipe_sentinel1_grd.py.log\nUploaded file S1B_IW_GRDH_1SDV_20170813T230433_20170813T230458_006928_00C340_E738-EBD.zip to s3://data.earth/sar/sentinel1/rtc/20.0m/S1B_IW_GRDH_1SDV_20170813T230433_20170813T230458_006928_00C340_E738-EBD.zip\n---- DONE.\n---- RESULTS STORED in:\ns3://data.earth/sar/sentinel1/rtc/20.0m/S1B_IW_GRDH_1SDV_20170813T230433_20170813T230458_006928_00C340_E738-EBD.zip\n\n---- FINAL CLEANUP DELETING TEMPDIR.\n",
    "Duration_hms": "0:16:14.276777",
    "Duration_sec": "974.276777",
    "EndTime": "2017-10-07T17:03:18.007211",
    "Job": "seppo_recipe_processor.py -z -o s3://data.earth/sar/sentinel1/rtc/20.0m -r '/mnt/s/seppo/recipies/gamma/recipe_sentinel1_grd.py -r -proj UTM -xres 20 -yres -20' -i https://datapool.asf.alaska.edu/GRD_HD/SB/S1B_IW_GRDH_1SDV_20170813T230433_20170813T230458_006928_00C340_E738.zip",
    "JobID": "colombia-s1p77gcs",
    "StartTime": "2017-10-07T16:47:03.730434",
    "User": "ebduser"
}
-----------------------------------------------------------
{
    "Attributes": "---- CHECKING WRITE PERMISSION on s3://data.earth/sar/sentinel1/rtc/20.0m\n---- OK.\n---- CREATED TEMPORARY WORKING DIRECTORY:\n/dev/shm/seppoRP0958iy7w\n/dev/shm/seppoRP0958iy7w/recipe_sentinel1_grd.py\n---- PREPARED RECIPE:\nCOMMAND   = /dev/shm/seppoRP0958iy7w/recipe_sentinel1_grd.py\nARGUMENTS =['-r', '-proj', 'UTM', '-xres', '20', '-yres', '-20']\n---- PREPARING FILES:\n. exists and is writeable.\n\n---- Processing recipe    : /dev/shm/seppoRP0958iy7w/recipe_sentinel1_grd.py\n---- Processing parameters: ['-r', '-proj', 'UTM', '-xres', '20', '-yres', '-20']\n---- Logfile              : SRP_recipe_sentinel1_grd.py.log\n---- PROCESSING ...\n---- DONE.\n---- RESULTS NAME: S1B_IW_GRDH_1SDV_20170614T230430_20170614T230455_006053_00AA16_C3AE-EBD\n---- WRITE OUTPUT DATA TO s3://data.earth/sar/sentinel1/rtc/20.0m ...\n---- DELETING FILE EBD_RESULT_FILES\n---- DELETING FILE S1B_IW_GRDH_1SDV_20170614T230430_20170614T230455_006053_00AA16_C3AE-EBD_pix.tif\n---- MAKING ZIPFILE S1B_IW_GRDH_1SDV_20170614T230430_20170614T230455_006053_00AA16_C3AE-EBD.zip\nAdded to zip archive and removed: S1B_IW_GRDH_1SDV_20170614T230430_20170614T230455_006053_00AA16_C3AE-EBD_inc_DN.tif\nAdded to zip archive and removed: S1B_IW_GRDH_1SDV_20170614T230430_20170614T230455_006053_00AA16_C3AE-EBD_lsmap.tif\nAdded to zip archive and removed: S1B_IW_GRDH_1SDV_20170614T230430_20170614T230455_006053_00AA16_C3AE-EBD_vh.log\nAdded to zip archive and removed: S1B_IW_GRDH_1SDV_20170614T230430_20170614T230455_006053_00AA16_C3AE-EBD_vh_AMP.tif\nAdded to zip archive and removed: S1B_IW_GRDH_1SDV_20170614T230430_20170614T230455_006053_00AA16_C3AE-EBD_vh_DN_browse.tif\nAdded to zip archive and removed: S1B_IW_GRDH_1SDV_20170614T230430_20170614T230455_006053_00AA16_C3AE-EBD_vv.log\nAdded to zip archive and removed: S1B_IW_GRDH_1SDV_20170614T230430_20170614T230455_006053_00AA16_C3AE-EBD_vv_AMP.tif\nAdded to zip archive and removed: S1B_IW_GRDH_1SDV_20170614T230430_20170614T230455_006053_00AA16_C3AE-EBD_vv_DN_browse.tif\nAdded to zip archive and removed: S1B_IW_GRDH_1SDV_20170614T230430_20170614T230455_006053_00AA16_C3AE-EBD_vvvh_DN_browse.tif\nAdded to zip archive and removed: SRP_recipe_sentinel1_grd.py.log\nUploaded file S1B_IW_GRDH_1SDV_20170614T230430_20170614T230455_006053_00AA16_C3AE-EBD.zip to s3://data.earth/sar/sentinel1/rtc/20.0m/S1B_IW_GRDH_1SDV_20170614T230430_20170614T230455_006053_00AA16_C3AE-EBD.zip\n---- DONE.\n---- RESULTS STORED in:\ns3://data.earth/sar/sentinel1/rtc/20.0m/S1B_IW_GRDH_1SDV_20170614T230430_20170614T230455_006053_00AA16_C3AE-EBD.zip\n\n---- FINAL CLEANUP DELETING TEMPDIR.\n",
    "Duration_hms": "0:18:44.400871",
    "Duration_sec": "1124.400871",
    "EndTime": "2017-10-07T17:04:21.394210",
    "Job": "seppo_recipe_processor.py -z -o s3://data.earth/sar/sentinel1/rtc/20.0m -r '/mnt/s/seppo/recipies/gamma/recipe_sentinel1_grd.py -r -proj UTM -xres 20 -yres -20' -i https://datapool.asf.alaska.edu/GRD_HD/SB/S1B_IW_GRDH_1SDV_20170614T230430_20170614T230455_006053_00AA16_C3AE.zip",
    "JobID": "colombia-s1p77gcs",
    "StartTime": "2017-10-07T16:45:36.993339",
    "User": "ebduser"
}
-----------------------------------------------------------
{
    "Attributes": "---- CHECKING WRITE PERMISSION on s3://data.earth/sar/sentinel1/rtc/20.0m\n---- OK.\n---- CREATED TEMPORARY WORKING DIRECTORY:\n/dev/shm/seppoRPnaa68m66\n/dev/shm/seppoRPnaa68m66/recipe_sentinel1_grd.py\n---- PREPARED RECIPE:\nCOMMAND   = /dev/shm/seppoRPnaa68m66/recipe_sentinel1_grd.py\nARGUMENTS =['-r', '-proj', 'UTM', '-xres', '20', '-yres', '-20']\n---- PREPARING FILES:\n. exists and is writeable.\n\n---- Processing recipe    : /dev/shm/seppoRPnaa68m66/recipe_sentinel1_grd.py\n---- Processing parameters: ['-r', '-proj', 'UTM', '-xres', '20', '-yres', '-20']\n---- Logfile              : SRP_recipe_sentinel1_grd.py.log\n---- PROCESSING ...\n---- DONE.\n---- RESULTS NAME: S1B_IW_GRDH_1SDV_20170801T230433_20170801T230458_006753_00BE26_1C64-EBD\n---- WRITE OUTPUT DATA TO s3://data.earth/sar/sentinel1/rtc/20.0m ...\n---- DELETING FILE EBD_RESULT_FILES\n---- DELETING FILE S1B_IW_GRDH_1SDV_20170801T230433_20170801T230458_006753_00BE26_1C64-EBD_pix.tif\n---- MAKING ZIPFILE S1B_IW_GRDH_1SDV_20170801T230433_20170801T230458_006753_00BE26_1C64-EBD.zip\nAdded to zip archive and removed: S1B_IW_GRDH_1SDV_20170801T230433_20170801T230458_006753_00BE26_1C64-EBD_inc_DN.tif\nAdded to zip archive and removed: S1B_IW_GRDH_1SDV_20170801T230433_20170801T230458_006753_00BE26_1C64-EBD_lsmap.tif\nAdded to zip archive and removed: S1B_IW_GRDH_1SDV_20170801T230433_20170801T230458_006753_00BE26_1C64-EBD_vh.log\nAdded to zip archive and removed: S1B_IW_GRDH_1SDV_20170801T230433_20170801T230458_006753_00BE26_1C64-EBD_vh_AMP.tif\nAdded to zip archive and removed: S1B_IW_GRDH_1SDV_20170801T230433_20170801T230458_006753_00BE26_1C64-EBD_vh_DN_browse.tif\nAdded to zip archive and removed: S1B_IW_GRDH_1SDV_20170801T230433_20170801T230458_006753_00BE26_1C64-EBD_vv.log\nAdded to zip archive and removed: S1B_IW_GRDH_1SDV_20170801T230433_20170801T230458_006753_00BE26_1C64-EBD_vv_AMP.tif\nAdded to zip archive and removed: S1B_IW_GRDH_1SDV_20170801T230433_20170801T230458_006753_00BE26_1C64-EBD_vv_DN_browse.tif\nAdded to zip archive and removed: S1B_IW_GRDH_1SDV_20170801T230433_20170801T230458_006753_00BE26_1C64-EBD_vvvh_DN_browse.tif\nAdded to zip archive and removed: SRP_recipe_sentinel1_grd.py.log\nUploaded file S1B_IW_GRDH_1SDV_20170801T230433_20170801T230458_006753_00BE26_1C64-EBD.zip to s3://data.earth/sar/sentinel1/rtc/20.0m/S1B_IW_GRDH_1SDV_20170801T230433_20170801T230458_006753_00BE26_1C64-EBD.zip\n---- DONE.\n---- RESULTS STORED in:\ns3://data.earth/sar/sentinel1/rtc/20.0m/S1B_IW_GRDH_1SDV_20170801T230433_20170801T230458_006753_00BE26_1C64-EBD.zip\n\n---- FINAL CLEANUP DELETING TEMPDIR.\n",
    "Duration_hms": "0:16:41.347679",
    "Duration_sec": "1001.347679",
    "EndTime": "2017-10-07T17:06:38.443267",
    "Job": "seppo_recipe_processor.py -z -o s3://data.earth/sar/sentinel1/rtc/20.0m -r '/mnt/s/seppo/recipies/gamma/recipe_sentinel1_grd.py -r -proj UTM -xres 20 -yres -20' -i https://datapool.asf.alaska.edu/GRD_HD/SB/S1B_IW_GRDH_1SDV_20170801T230433_20170801T230458_006753_00BE26_1C64.zip",
    "JobID": "colombia-s1p77gcs",
    "StartTime": "2017-10-07T16:49:57.095588",
    "User": "ebduser"
}
-----------------------------------------------------------
{
    "Attributes": "---- CHECKING WRITE PERMISSION on s3://data.earth/sar/sentinel1/rtc/20.0m\n---- OK.\n---- CREATED TEMPORARY WORKING DIRECTORY:\n/dev/shm/seppoRP41nl8tip\n/dev/shm/seppoRP41nl8tip/recipe_sentinel1_grd.py\n---- PREPARED RECIPE:\nCOMMAND   = /dev/shm/seppoRP41nl8tip/recipe_sentinel1_grd.py\nARGUMENTS =['-r', '-proj', 'UTM', '-xres', '20', '-yres', '-20']\n---- PREPARING FILES:\n. exists and is writeable.\n\n---- Processing recipe    : /dev/shm/seppoRP41nl8tip/recipe_sentinel1_grd.py\n---- Processing parameters: ['-r', '-proj', 'UTM', '-xres', '20', '-yres', '-20']\n---- Logfile              : SRP_recipe_sentinel1_grd.py.log\n---- PROCESSING ...\n---- DONE.\n---- RESULTS NAME: S1B_IW_GRDH_1SDV_20170825T230434_20170825T230459_007103_00C850_AE67-EBD\n---- WRITE OUTPUT DATA TO s3://data.earth/sar/sentinel1/rtc/20.0m ...\n---- DELETING FILE EBD_RESULT_FILES\n---- DELETING FILE S1B_IW_GRDH_1SDV_20170825T230434_20170825T230459_007103_00C850_AE67-EBD_pix.tif\n---- MAKING ZIPFILE S1B_IW_GRDH_1SDV_20170825T230434_20170825T230459_007103_00C850_AE67-EBD.zip\nAdded to zip archive and removed: S1B_IW_GRDH_1SDV_20170825T230434_20170825T230459_007103_00C850_AE67-EBD_inc_DN.tif\nAdded to zip archive and removed: S1B_IW_GRDH_1SDV_20170825T230434_20170825T230459_007103_00C850_AE67-EBD_lsmap.tif\nAdded to zip archive and removed: S1B_IW_GRDH_1SDV_20170825T230434_20170825T230459_007103_00C850_AE67-EBD_vh.log\nAdded to zip archive and removed: S1B_IW_GRDH_1SDV_20170825T230434_20170825T230459_007103_00C850_AE67-EBD_vh_AMP.tif\nAdded to zip archive and removed: S1B_IW_GRDH_1SDV_20170825T230434_20170825T230459_007103_00C850_AE67-EBD_vh_DN_browse.tif\nAdded to zip archive and removed: S1B_IW_GRDH_1SDV_20170825T230434_20170825T230459_007103_00C850_AE67-EBD_vv.log\nAdded to zip archive and removed: S1B_IW_GRDH_1SDV_20170825T230434_20170825T230459_007103_00C850_AE67-EBD_vv_AMP.tif\nAdded to zip archive and removed: S1B_IW_GRDH_1SDV_20170825T230434_20170825T230459_007103_00C850_AE67-EBD_vv_DN_browse.tif\nAdded to zip archive and removed: S1B_IW_GRDH_1SDV_20170825T230434_20170825T230459_007103_00C850_AE67-EBD_vvvh_DN_browse.tif\nAdded to zip archive and removed: SRP_recipe_sentinel1_grd.py.log\nUploaded file S1B_IW_GRDH_1SDV_20170825T230434_20170825T230459_007103_00C850_AE67-EBD.zip to s3://data.earth/sar/sentinel1/rtc/20.0m/S1B_IW_GRDH_1SDV_20170825T230434_20170825T230459_007103_00C850_AE67-EBD.zip\n---- DONE.\n---- RESULTS STORED in:\ns3://data.earth/sar/sentinel1/rtc/20.0m/S1B_IW_GRDH_1SDV_20170825T230434_20170825T230459_007103_00C850_AE67-EBD.zip\n\n---- FINAL CLEANUP DELETING TEMPDIR.\n",
    "Duration_hms": "0:16:18.124475",
    "Duration_sec": "978.124475",
    "EndTime": "2017-10-07T17:20:44.136630",
    "Job": "seppo_recipe_processor.py -z -o s3://data.earth/sar/sentinel1/rtc/20.0m -r '/mnt/s/seppo/recipies/gamma/recipe_sentinel1_grd.py -r -proj UTM -xres 20 -yres -20' -i https://datapool.asf.alaska.edu/GRD_HD/SB/S1B_IW_GRDH_1SDV_20170825T230434_20170825T230459_007103_00C850_AE67.zip",
    "JobID": "colombia-s1p77gcs",
    "StartTime": "2017-10-07T17:04:26.012155",
    "User": "ebduser"
}
-----------------------------------------------------------
{
    "Attributes": "---- CHECKING WRITE PERMISSION on s3://data.earth/sar/sentinel1/rtc/20.0m\n---- OK.\n---- CREATED TEMPORARY WORKING DIRECTORY:\n/dev/shm/seppoRPhnv1ev7i\n/dev/shm/seppoRPhnv1ev7i/recipe_sentinel1_grd.py\n---- PREPARED RECIPE:\nCOMMAND   = /dev/shm/seppoRPhnv1ev7i/recipe_sentinel1_grd.py\nARGUMENTS =['-r', '-proj', 'UTM', '-xres', '20', '-yres', '-20']\n---- PREPARING FILES:\n. exists and is writeable.\n\n---- Processing recipe    : /dev/shm/seppoRPhnv1ev7i/recipe_sentinel1_grd.py\n---- Processing parameters: ['-r', '-proj', 'UTM', '-xres', '20', '-yres', '-20']\n---- Logfile              : SRP_recipe_sentinel1_grd.py.log\n---- PROCESSING ...\n---- DONE.\n---- RESULTS NAME: S1B_IW_GRDH_1SDV_20170708T230431_20170708T230456_006403_00B421_50AA-EBD\n---- WRITE OUTPUT DATA TO s3://data.earth/sar/sentinel1/rtc/20.0m ...\n---- DELETING FILE EBD_RESULT_FILES\n---- DELETING FILE S1B_IW_GRDH_1SDV_20170708T230431_20170708T230456_006403_00B421_50AA-EBD_pix.tif\n---- MAKING ZIPFILE S1B_IW_GRDH_1SDV_20170708T230431_20170708T230456_006403_00B421_50AA-EBD.zip\nAdded to zip archive and removed: S1B_IW_GRDH_1SDV_20170708T230431_20170708T230456_006403_00B421_50AA-EBD_inc_DN.tif\nAdded to zip archive and removed: S1B_IW_GRDH_1SDV_20170708T230431_20170708T230456_006403_00B421_50AA-EBD_lsmap.tif\nAdded to zip archive and removed: S1B_IW_GRDH_1SDV_20170708T230431_20170708T230456_006403_00B421_50AA-EBD_vh.log\nAdded to zip archive and removed: S1B_IW_GRDH_1SDV_20170708T230431_20170708T230456_006403_00B421_50AA-EBD_vh_AMP.tif\nAdded to zip archive and removed: S1B_IW_GRDH_1SDV_20170708T230431_20170708T230456_006403_00B421_50AA-EBD_vh_DN_browse.tif\nAdded to zip archive and removed: S1B_IW_GRDH_1SDV_20170708T230431_20170708T230456_006403_00B421_50AA-EBD_vv.log\nAdded to zip archive and removed: S1B_IW_GRDH_1SDV_20170708T230431_20170708T230456_006403_00B421_50AA-EBD_vv_AMP.tif\nAdded to zip archive and removed: S1B_IW_GRDH_1SDV_20170708T230431_20170708T230456_006403_00B421_50AA-EBD_vv_DN_browse.tif\nAdded to zip archive and removed: S1B_IW_GRDH_1SDV_20170708T230431_20170708T230456_006403_00B421_50AA-EBD_vvvh_DN_browse.tif\nAdded to zip archive and removed: SRP_recipe_sentinel1_grd.py.log\nUploaded file S1B_IW_GRDH_1SDV_20170708T230431_20170708T230456_006403_00B421_50AA-EBD.zip to s3://data.earth/sar/sentinel1/rtc/20.0m/S1B_IW_GRDH_1SDV_20170708T230431_20170708T230456_006403_00B421_50AA-EBD.zip\n---- DONE.\n---- RESULTS STORED in:\ns3://data.earth/sar/sentinel1/rtc/20.0m/S1B_IW_GRDH_1SDV_20170708T230431_20170708T230456_006403_00B421_50AA-EBD.zip\n\n---- FINAL CLEANUP DELETING TEMPDIR.\n",
    "Duration_hms": "0:18:06.102802",
    "Duration_sec": "1086.102802",
    "EndTime": "2017-10-07T17:21:28.659359",
    "Job": "seppo_recipe_processor.py -z -o s3://data.earth/sar/sentinel1/rtc/20.0m -r '/mnt/s/seppo/recipies/gamma/recipe_sentinel1_grd.py -r -proj UTM -xres 20 -yres -20' -i https://datapool.asf.alaska.edu/GRD_HD/SB/S1B_IW_GRDH_1SDV_20170708T230431_20170708T230456_006403_00B421_50AA.zip",
    "JobID": "colombia-s1p77gcs",
    "StartTime": "2017-10-07T17:03:22.556557",
    "User": "ebduser"
}
-----------------------------------------------------------
{
    "Attributes": "---- CHECKING WRITE PERMISSION on s3://data.earth/sar/sentinel1/rtc/20.0m\n---- OK.\n---- CREATED TEMPORARY WORKING DIRECTORY:\n/dev/shm/seppoRPdk4fgoll\n/dev/shm/seppoRPdk4fgoll/recipe_sentinel1_grd.py\n---- PREPARED RECIPE:\nCOMMAND   = /dev/shm/seppoRPdk4fgoll/recipe_sentinel1_grd.py\nARGUMENTS =['-r', '-proj', 'UTM', '-xres', '20', '-yres', '-20']\n---- PREPARING FILES:\n. exists and is writeable.\n\n---- Processing recipe    : /dev/shm/seppoRPdk4fgoll/recipe_sentinel1_grd.py\n---- Processing parameters: ['-r', '-proj', 'UTM', '-xres', '20', '-yres', '-20']\n---- Logfile              : SRP_recipe_sentinel1_grd.py.log\n---- PROCESSING ...\n---- DONE.\n---- RESULTS NAME: S1B_IW_GRDH_1SDV_20170626T230431_20170626T230456_006228_00AF2D_8B6E-EBD\n---- WRITE OUTPUT DATA TO s3://data.earth/sar/sentinel1/rtc/20.0m ...\n---- DELETING FILE EBD_RESULT_FILES\n---- DELETING FILE S1B_IW_GRDH_1SDV_20170626T230431_20170626T230456_006228_00AF2D_8B6E-EBD_pix.tif\n---- MAKING ZIPFILE S1B_IW_GRDH_1SDV_20170626T230431_20170626T230456_006228_00AF2D_8B6E-EBD.zip\nAdded to zip archive and removed: S1B_IW_GRDH_1SDV_20170626T230431_20170626T230456_006228_00AF2D_8B6E-EBD_inc_DN.tif\nAdded to zip archive and removed: S1B_IW_GRDH_1SDV_20170626T230431_20170626T230456_006228_00AF2D_8B6E-EBD_lsmap.tif\nAdded to zip archive and removed: S1B_IW_GRDH_1SDV_20170626T230431_20170626T230456_006228_00AF2D_8B6E-EBD_vh.log\nAdded to zip archive and removed: S1B_IW_GRDH_1SDV_20170626T230431_20170626T230456_006228_00AF2D_8B6E-EBD_vh_AMP.tif\nAdded to zip archive and removed: S1B_IW_GRDH_1SDV_20170626T230431_20170626T230456_006228_00AF2D_8B6E-EBD_vh_DN_browse.tif\nAdded to zip archive and removed: S1B_IW_GRDH_1SDV_20170626T230431_20170626T230456_006228_00AF2D_8B6E-EBD_vv.log\nAdded to zip archive and removed: S1B_IW_GRDH_1SDV_20170626T230431_20170626T230456_006228_00AF2D_8B6E-EBD_vv_AMP.tif\nAdded to zip archive and removed: S1B_IW_GRDH_1SDV_20170626T230431_20170626T230456_006228_00AF2D_8B6E-EBD_vv_DN_browse.tif\nAdded to zip archive and removed: S1B_IW_GRDH_1SDV_20170626T230431_20170626T230456_006228_00AF2D_8B6E-EBD_vvvh_DN_browse.tif\nAdded to zip archive and removed: SRP_recipe_sentinel1_grd.py.log\nUploaded file S1B_IW_GRDH_1SDV_20170626T230431_20170626T230456_006228_00AF2D_8B6E-EBD.zip to s3://data.earth/sar/sentinel1/rtc/20.0m/S1B_IW_GRDH_1SDV_20170626T230431_20170626T230456_006228_00AF2D_8B6E-EBD.zip\n---- DONE.\n---- RESULTS STORED in:\ns3://data.earth/sar/sentinel1/rtc/20.0m/S1B_IW_GRDH_1SDV_20170626T230431_20170626T230456_006228_00AF2D_8B6E-EBD.zip\n\n---- FINAL CLEANUP DELETING TEMPDIR.\n",
    "Duration_hms": "0:18:08.099358",
    "Duration_sec": "1088.099358",
    "EndTime": "2017-10-07T17:24:51.545622",
    "Job": "seppo_recipe_processor.py -z -o s3://data.earth/sar/sentinel1/rtc/20.0m -r '/mnt/s/seppo/recipies/gamma/recipe_sentinel1_grd.py -r -proj UTM -xres 20 -yres -20' -i https://datapool.asf.alaska.edu/GRD_HD/SB/S1B_IW_GRDH_1SDV_20170626T230431_20170626T230456_006228_00AF2D_8B6E.zip",
    "JobID": "colombia-s1p77gcs",
    "StartTime": "2017-10-07T17:06:43.446264",
    "User": "ebduser"
}
-----------------------------------------------------------
{
    "Attributes": "---- CHECKING WRITE PERMISSION on s3://data.earth/sar/sentinel1/rtc/20.0m\n---- OK.\n---- CREATED TEMPORARY WORKING DIRECTORY:\n/dev/shm/seppoRP0v1p5w39\n/dev/shm/seppoRP0v1p5w39/recipe_sentinel1_grd.py\n---- PREPARED RECIPE:\nCOMMAND   = /dev/shm/seppoRP0v1p5w39/recipe_sentinel1_grd.py\nARGUMENTS =['-r', '-proj', 'UTM', '-xres', '20', '-yres', '-20']\n---- PREPARING FILES:\n. exists and is writeable.\n\n---- Processing recipe    : /dev/shm/seppoRP0v1p5w39/recipe_sentinel1_grd.py\n---- Processing parameters: ['-r', '-proj', 'UTM', '-xres', '20', '-yres', '-20']\n---- Logfile              : SRP_recipe_sentinel1_grd.py.log\n---- PROCESSING ...\n---- DONE.\n---- RESULTS NAME: S1B_IW_GRDH_1SDV_20170906T230434_20170906T230459_007278_00CD65_E957-EBD\n---- WRITE OUTPUT DATA TO s3://data.earth/sar/sentinel1/rtc/20.0m ...\n---- DELETING FILE EBD_RESULT_FILES\n---- DELETING FILE S1B_IW_GRDH_1SDV_20170906T230434_20170906T230459_007278_00CD65_E957-EBD_pix.tif\n---- MAKING ZIPFILE S1B_IW_GRDH_1SDV_20170906T230434_20170906T230459_007278_00CD65_E957-EBD.zip\nAdded to zip archive and removed: S1B_IW_GRDH_1SDV_20170906T230434_20170906T230459_007278_00CD65_E957-EBD_inc_DN.tif\nAdded to zip archive and removed: S1B_IW_GRDH_1SDV_20170906T230434_20170906T230459_007278_00CD65_E957-EBD_lsmap.tif\nAdded to zip archive and removed: S1B_IW_GRDH_1SDV_20170906T230434_20170906T230459_007278_00CD65_E957-EBD_vh.log\nAdded to zip archive and removed: S1B_IW_GRDH_1SDV_20170906T230434_20170906T230459_007278_00CD65_E957-EBD_vh_AMP.tif\nAdded to zip archive and removed: S1B_IW_GRDH_1SDV_20170906T230434_20170906T230459_007278_00CD65_E957-EBD_vh_DN_browse.tif\nAdded to zip archive and removed: S1B_IW_GRDH_1SDV_20170906T230434_20170906T230459_007278_00CD65_E957-EBD_vv.log\nAdded to zip archive and removed: S1B_IW_GRDH_1SDV_20170906T230434_20170906T230459_007278_00CD65_E957-EBD_vv_AMP.tif\nAdded to zip archive and removed: S1B_IW_GRDH_1SDV_20170906T230434_20170906T230459_007278_00CD65_E957-EBD_vv_DN_browse.tif\nAdded to zip archive and removed: S1B_IW_GRDH_1SDV_20170906T230434_20170906T230459_007278_00CD65_E957-EBD_vvvh_DN_browse.tif\nAdded to zip archive and removed: SRP_recipe_sentinel1_grd.py.log\nUploaded file S1B_IW_GRDH_1SDV_20170906T230434_20170906T230459_007278_00CD65_E957-EBD.zip to s3://data.earth/sar/sentinel1/rtc/20.0m/S1B_IW_GRDH_1SDV_20170906T230434_20170906T230459_007278_00CD65_E957-EBD.zip\n---- DONE.\n---- RESULTS STORED in:\ns3://data.earth/sar/sentinel1/rtc/20.0m/S1B_IW_GRDH_1SDV_20170906T230434_20170906T230459_007278_00CD65_E957-EBD.zip\n\n---- FINAL CLEANUP DELETING TEMPDIR.\n",
    "Duration_hms": "0:16:13.121627",
    "Duration_sec": "973.121627",
    "EndTime": "2017-10-07T17:37:01.817856",
    "Job": "seppo_recipe_processor.py -z -o s3://data.earth/sar/sentinel1/rtc/20.0m -r '/mnt/s/seppo/recipies/gamma/recipe_sentinel1_grd.py -r -proj UTM -xres 20 -yres -20' -i https://datapool.asf.alaska.edu/GRD_HD/SB/S1B_IW_GRDH_1SDV_20170906T230434_20170906T230459_007278_00CD65_E957.zip",
    "JobID": "colombia-s1p77gcs",
    "StartTime": "2017-10-07T17:20:48.696229",
    "User": "ebduser"
}
-----------------------------------------------------------
{
    "Attributes": "---- CHECKING WRITE PERMISSION on s3://data.earth/sar/sentinel1/rtc/20.0m\n---- OK.\n---- CREATED TEMPORARY WORKING DIRECTORY:\n/dev/shm/seppoRP7z_uuov3\n/dev/shm/seppoRP7z_uuov3/recipe_sentinel1_grd.py\n---- PREPARED RECIPE:\nCOMMAND   = /dev/shm/seppoRP7z_uuov3/recipe_sentinel1_grd.py\nARGUMENTS =['-r', '-proj', 'UTM', '-xres', '20', '-yres', '-20']\n---- PREPARING FILES:\n. exists and is writeable.\n\n---- Processing recipe    : /dev/shm/seppoRP7z_uuov3/recipe_sentinel1_grd.py\n---- Processing parameters: ['-r', '-proj', 'UTM', '-xres', '20', '-yres', '-20']\n---- Logfile              : SRP_recipe_sentinel1_grd.py.log\n---- PROCESSING ...\n---- DONE.\n---- RESULTS NAME: S1B_IW_GRDH_1SDV_20170918T230438_20170918T230503_007453_00D287_DC62-EBD\n---- WRITE OUTPUT DATA TO s3://data.earth/sar/sentinel1/rtc/20.0m ...\n---- DELETING FILE EBD_RESULT_FILES\n---- DELETING FILE S1B_IW_GRDH_1SDV_20170918T230438_20170918T230503_007453_00D287_DC62-EBD_pix.tif\n---- MAKING ZIPFILE S1B_IW_GRDH_1SDV_20170918T230438_20170918T230503_007453_00D287_DC62-EBD.zip\nAdded to zip archive and removed: S1B_IW_GRDH_1SDV_20170918T230438_20170918T230503_007453_00D287_DC62-EBD_inc_DN.tif\nAdded to zip archive and removed: S1B_IW_GRDH_1SDV_20170918T230438_20170918T230503_007453_00D287_DC62-EBD_lsmap.tif\nAdded to zip archive and removed: S1B_IW_GRDH_1SDV_20170918T230438_20170918T230503_007453_00D287_DC62-EBD_vh.log\nAdded to zip archive and removed: S1B_IW_GRDH_1SDV_20170918T230438_20170918T230503_007453_00D287_DC62-EBD_vh_AMP.tif\nAdded to zip archive and removed: S1B_IW_GRDH_1SDV_20170918T230438_20170918T230503_007453_00D287_DC62-EBD_vh_DN_browse.tif\nAdded to zip archive and removed: S1B_IW_GRDH_1SDV_20170918T230438_20170918T230503_007453_00D287_DC62-EBD_vv.log\nAdded to zip archive and removed: S1B_IW_GRDH_1SDV_20170918T230438_20170918T230503_007453_00D287_DC62-EBD_vv_AMP.tif\nAdded to zip archive and removed: S1B_IW_GRDH_1SDV_20170918T230438_20170918T230503_007453_00D287_DC62-EBD_vv_DN_browse.tif\nAdded to zip archive and removed: S1B_IW_GRDH_1SDV_20170918T230438_20170918T230503_007453_00D287_DC62-EBD_vvvh_DN_browse.tif\nAdded to zip archive and removed: SRP_recipe_sentinel1_grd.py.log\nUploaded file S1B_IW_GRDH_1SDV_20170918T230438_20170918T230503_007453_00D287_DC62-EBD.zip to s3://data.earth/sar/sentinel1/rtc/20.0m/S1B_IW_GRDH_1SDV_20170918T230438_20170918T230503_007453_00D287_DC62-EBD.zip\n---- DONE.\n---- RESULTS STORED in:\ns3://data.earth/sar/sentinel1/rtc/20.0m/S1B_IW_GRDH_1SDV_20170918T230438_20170918T230503_007453_00D287_DC62-EBD.zip\n\n---- FINAL CLEANUP DELETING TEMPDIR.\n",
    "Duration_hms": "0:18:33.157842",
    "Duration_sec": "1113.157842",
    "EndTime": "2017-10-07T17:40:06.367053",
    "Job": "seppo_recipe_processor.py -z -o s3://data.earth/sar/sentinel1/rtc/20.0m -r '/mnt/s/seppo/recipies/gamma/recipe_sentinel1_grd.py -r -proj UTM -xres 20 -yres -20' -i https://datapool.asf.alaska.edu/GRD_HD/SB/S1B_IW_GRDH_1SDV_20170918T230438_20170918T230503_007453_00D287_DC62.zip",
    "JobID": "colombia-s1p77gcs",
    "StartTime": "2017-10-07T17:21:33.209211",
    "User": "ebduser"
}
-----------------------------------------------------------
