{
    "Attributes": "",
    "Duration_hms": "1:16:29.890273",
    "Duration_sec": "4589.890273",
    "EndTime": "2018-09-25T17:29:29.541145",
    "Job": "seppo_recipe_processor.py -v -z -o s3://data.earth/share/Sentinel-1/mgrs/18NUMsS1 -r '/mnt/s/seppo/recipies/timeseries/seppo_ts_processor.py -gid 18NUM -tr 20 20 -mb -mf -ts fil -ani browse -v -sqlopt \"scenedate >= '2016-01-01'\"'",
    "JobID": "ebd",
    "StartTime": "2018-09-25T16:12:59.650872",
    "User": "ebduser"
}
-----------------------------------------------------------
{
    "Attributes": "",
    "Duration_hms": "1:26:00.380779",
    "Duration_sec": "5160.380779",
    "EndTime": "2018-09-25T17:39:08.608003",
    "Job": "seppo_recipe_processor.py -v -z -o s3://data.earth/share/Sentinel-1/mgrs/18PYQsS1 -r '/mnt/s/seppo/recipies/timeseries/seppo_ts_processor.py -gid 18PYQ -tr 20 20 -mb -mf -ts fil -ani browse -v -sqlopt \"scenedate >= '2016-01-01'\"'",
    "JobID": "ebd",
    "StartTime": "2018-09-25T16:13:08.227224",
    "User": "ebduser"
}
-----------------------------------------------------------
