{
    "Attributes": "---- CHECKING WRITE PERMISSION on s3://data.earth/sar/sentinel1/rtc/20.0m\n---- OK.\n---- CREATED TEMPORARY WORKING DIRECTORY:\n/dev/shm/seppoRP38xs9m_7\n/dev/shm/seppoRP38xs9m_7/recipe_sentinel1_grd.py\n---- PREPARED RECIPE:\nCOMMAND   = /dev/shm/seppoRP38xs9m_7/recipe_sentinel1_grd.py\nARGUMENTS =['-r', '-proj', 'UTM', '-xres', '20', '-yres', '-20']\n---- PREPARING FILES:\n. exists and is writeable.\n\n---- Processing recipe    : /dev/shm/seppoRP38xs9m_7/recipe_sentinel1_grd.py\n---- Processing parameters: ['-r', '-proj', 'UTM', '-xres', '20', '-yres', '-20']\n---- Logfile              : SRP_recipe_sentinel1_grd.py.log\n---- PROCESSING ...\n---- DONE.\n---- RESULTS NAME: S1A_IW_GRDH_1SDV_20160606T001849_20160606T001918_011583_011B2D_1CFE-EBD\n---- WRITE OUTPUT DATA TO s3://data.earth/sar/sentinel1/rtc/20.0m ...\n---- DELETING FILE EBD_RESULT_FILES\n---- DELETING FILE S1A_IW_GRDH_1SDV_20160606T001849_20160606T001918_011583_011B2D_1CFE-EBD_pix.tif\n---- MAKING ZIPFILE S1A_IW_GRDH_1SDV_20160606T001849_20160606T001918_011583_011B2D_1CFE-EBD.zip\nAdded to zip archive and removed: S1A_IW_GRDH_1SDV_20160606T001849_20160606T001918_011583_011B2D_1CFE-EBD_inc_DN.tif\nAdded to zip archive and removed: S1A_IW_GRDH_1SDV_20160606T001849_20160606T001918_011583_011B2D_1CFE-EBD_lsmap.tif\nAdded to zip archive and removed: S1A_IW_GRDH_1SDV_20160606T001849_20160606T001918_011583_011B2D_1CFE-EBD_vh.log\nAdded to zip archive and removed: S1A_IW_GRDH_1SDV_20160606T001849_20160606T001918_011583_011B2D_1CFE-EBD_vh_AMP.tif\nAdded to zip archive and removed: S1A_IW_GRDH_1SDV_20160606T001849_20160606T001918_011583_011B2D_1CFE-EBD_vh_DN_browse.tif\nAdded to zip archive and removed: S1A_IW_GRDH_1SDV_20160606T001849_20160606T001918_011583_011B2D_1CFE-EBD_vv.log\nAdded to zip archive and removed: S1A_IW_GRDH_1SDV_20160606T001849_20160606T001918_011583_011B2D_1CFE-EBD_vv_AMP.tif\nAdded to zip archive and removed: S1A_IW_GRDH_1SDV_20160606T001849_20160606T001918_011583_011B2D_1CFE-EBD_vv_DN_browse.tif\nAdded to zip archive and removed: S1A_IW_GRDH_1SDV_20160606T001849_20160606T001918_011583_011B2D_1CFE-EBD_vvvh_DN_browse.tif\nAdded to zip archive and removed: SRP_recipe_sentinel1_grd.py.log\nUploaded file S1A_IW_GRDH_1SDV_20160606T001849_20160606T001918_011583_011B2D_1CFE-EBD.zip to s3://data.earth/sar/sentinel1/rtc/20.0m/S1A_IW_GRDH_1SDV_20160606T001849_20160606T001918_011583_011B2D_1CFE-EBD.zip\n---- DONE.\n---- RESULTS STORED in:\ns3://data.earth/sar/sentinel1/rtc/20.0m/S1A_IW_GRDH_1SDV_20160606T001849_20160606T001918_011583_011B2D_1CFE-EBD.zip\n\n---- FINAL CLEANUP DELETING TEMPDIR.\n",
    "Duration_hms": "0:20:35.494667",
    "Duration_sec": "1235.494667",
    "EndTime": "2017-10-10T04:17:27.073339",
    "Job": "seppo_recipe_processor.py -z -o s3://data.earth/sar/sentinel1/rtc/20.0m -r '/mnt/s/seppo/recipies/gamma/recipe_sentinel1_grd.py -r -proj UTM -xres 20 -yres -20' -i https://datapool.asf.alaska.edu/GRD_HD/SA/S1A_IW_GRDH_1SDV_20160606T001849_20160606T001918_011583_011B2D_1CFE.zip",
    "JobID": "josefk-mgrs15RWQ",
    "StartTime": "2017-10-10T03:56:51.578672",
    "User": "ebduser"
}
-----------------------------------------------------------
{
    "Attributes": "---- CHECKING WRITE PERMISSION on s3://data.earth/sar/sentinel1/rtc/20.0m\n---- OK.\n---- CREATED TEMPORARY WORKING DIRECTORY:\n/dev/shm/seppoRP21vo0e3h\n/dev/shm/seppoRP21vo0e3h/recipe_sentinel1_grd.py\n---- PREPARED RECIPE:\nCOMMAND   = /dev/shm/seppoRP21vo0e3h/recipe_sentinel1_grd.py\nARGUMENTS =['-r', '-proj', 'UTM', '-xres', '20', '-yres', '-20']\n---- PREPARING FILES:\n. exists and is writeable.\n\n---- Processing recipe    : /dev/shm/seppoRP21vo0e3h/recipe_sentinel1_grd.py\n---- Processing parameters: ['-r', '-proj', 'UTM', '-xres', '20', '-yres', '-20']\n---- Logfile              : SRP_recipe_sentinel1_grd.py.log\n---- PROCESSING ...\n---- DONE.\n---- RESULTS NAME: S1A_IW_GRDH_1SDV_20160513T001848_20160513T001917_011233_010FD9_68ED-EBD\n---- WRITE OUTPUT DATA TO s3://data.earth/sar/sentinel1/rtc/20.0m ...\n---- DELETING FILE EBD_RESULT_FILES\n---- DELETING FILE S1A_IW_GRDH_1SDV_20160513T001848_20160513T001917_011233_010FD9_68ED-EBD_pix.tif\n---- MAKING ZIPFILE S1A_IW_GRDH_1SDV_20160513T001848_20160513T001917_011233_010FD9_68ED-EBD.zip\nAdded to zip archive and removed: S1A_IW_GRDH_1SDV_20160513T001848_20160513T001917_011233_010FD9_68ED-EBD_inc_DN.tif\nAdded to zip archive and removed: S1A_IW_GRDH_1SDV_20160513T001848_20160513T001917_011233_010FD9_68ED-EBD_lsmap.tif\nAdded to zip archive and removed: S1A_IW_GRDH_1SDV_20160513T001848_20160513T001917_011233_010FD9_68ED-EBD_vh.log\nAdded to zip archive and removed: S1A_IW_GRDH_1SDV_20160513T001848_20160513T001917_011233_010FD9_68ED-EBD_vh_AMP.tif\nAdded to zip archive and removed: S1A_IW_GRDH_1SDV_20160513T001848_20160513T001917_011233_010FD9_68ED-EBD_vh_DN_browse.tif\nAdded to zip archive and removed: S1A_IW_GRDH_1SDV_20160513T001848_20160513T001917_011233_010FD9_68ED-EBD_vv.log\nAdded to zip archive and removed: S1A_IW_GRDH_1SDV_20160513T001848_20160513T001917_011233_010FD9_68ED-EBD_vv_AMP.tif\nAdded to zip archive and removed: S1A_IW_GRDH_1SDV_20160513T001848_20160513T001917_011233_010FD9_68ED-EBD_vv_DN_browse.tif\nAdded to zip archive and removed: S1A_IW_GRDH_1SDV_20160513T001848_20160513T001917_011233_010FD9_68ED-EBD_vvvh_DN_browse.tif\nAdded to zip archive and removed: SRP_recipe_sentinel1_grd.py.log\nUploaded file S1A_IW_GRDH_1SDV_20160513T001848_20160513T001917_011233_010FD9_68ED-EBD.zip to s3://data.earth/sar/sentinel1/rtc/20.0m/S1A_IW_GRDH_1SDV_20160513T001848_20160513T001917_011233_010FD9_68ED-EBD.zip\n---- DONE.\n---- RESULTS STORED in:\ns3://data.earth/sar/sentinel1/rtc/20.0m/S1A_IW_GRDH_1SDV_20160513T001848_20160513T001917_011233_010FD9_68ED-EBD.zip\n\n---- FINAL CLEANUP DELETING TEMPDIR.\n",
    "Duration_hms": "0:20:29.178874",
    "Duration_sec": "1229.178874",
    "EndTime": "2017-10-10T04:38:00.976280",
    "Job": "seppo_recipe_processor.py -z -o s3://data.earth/sar/sentinel1/rtc/20.0m -r '/mnt/s/seppo/recipies/gamma/recipe_sentinel1_grd.py -r -proj UTM -xres 20 -yres -20' -i https://datapool.asf.alaska.edu/GRD_HD/SA/S1A_IW_GRDH_1SDV_20160513T001848_20160513T001917_011233_010FD9_68ED.zip",
    "JobID": "josefk-mgrs15RWQ",
    "StartTime": "2017-10-10T04:17:31.797406",
    "User": "ebduser"
}
-----------------------------------------------------------
