{
    "Attributes": "",
    "Duration_hms": "0:17:46.091175",
    "Duration_sec": "1066.091175",
    "EndTime": "2018-09-20T00:12:31.491360",
    "Job": "seppo_recipe_processor.py -z -o s3://data.earth/sar/sentinel1/rtc/20.0m -r '${SEPPO_HOME}/recipies/gamma/recipe_sentinel1_grd.py -t -r' -i https://datapool.asf.alaska.edu/GRD_HD/SA/S1A_IW_GRDH_1SDV_20180824T233205_20180824T233230_023395_028BA7_256E.zip",
    "JobID": "sentinel1-scenes",
    "StartTime": "2018-09-19T23:54:45.400185",
    "User": "ebduser"
}
-----------------------------------------------------------
{
    "Attributes": "",
    "Duration_hms": "0:17:56.122456",
    "Duration_sec": "1076.122456",
    "EndTime": "2018-09-20T00:12:44.198234",
    "Job": "seppo_recipe_processor.py -z -o s3://data.earth/sar/sentinel1/rtc/20.0m -r '${SEPPO_HOME}/recipies/gamma/recipe_sentinel1_grd.py -t -r' -i https://datapool.asf.alaska.edu/GRD_HD/SA/S1A_IW_GRDH_1SDV_20180807T232433_20180807T232458_023147_0283AB_6CD8.zip",
    "JobID": "sentinel1-scenes",
    "StartTime": "2018-09-19T23:54:48.075778",
    "User": "ebduser"
}
-----------------------------------------------------------
{
    "Attributes": "",
    "Duration_hms": "0:18:21.134136",
    "Duration_sec": "1101.134136",
    "EndTime": "2018-09-20T00:13:04.429759",
    "Job": "seppo_recipe_processor.py -z -o s3://data.earth/sar/sentinel1/rtc/20.0m -r '${SEPPO_HOME}/recipies/gamma/recipe_sentinel1_grd.py -t -r' -i https://datapool.asf.alaska.edu/GRD_HD/SA/S1A_IW_GRDH_1SDV_20180831T232434_20180831T232459_023497_028EE6_1960.zip",
    "JobID": "sentinel1-scenes",
    "StartTime": "2018-09-19T23:54:43.295623",
    "User": "ebduser"
}
-----------------------------------------------------------
{
    "Attributes": "",
    "Duration_hms": "0:19:11.192867",
    "Duration_sec": "1151.192867",
    "EndTime": "2018-09-20T00:14:05.141670",
    "Job": "seppo_recipe_processor.py -z -o s3://data.earth/sar/sentinel1/rtc/20.0m -r '${SEPPO_HOME}/recipies/gamma/recipe_sentinel1_grd.py -t -r' -i https://datapool.asf.alaska.edu/GRD_HD/SA/S1A_IW_GRDH_1SDV_20180819T232434_20180819T232459_023322_028958_1437.zip",
    "JobID": "sentinel1-scenes",
    "StartTime": "2018-09-19T23:54:53.948803",
    "User": "ebduser"
}
-----------------------------------------------------------
{
    "Attributes": "",
    "Duration_hms": "0:21:46.310963",
    "Duration_sec": "1306.310963",
    "EndTime": "2018-09-20T00:16:37.780547",
    "Job": "seppo_recipe_processor.py -z -o s3://data.earth/sar/sentinel1/rtc/20.0m -r '${SEPPO_HOME}/recipies/gamma/recipe_sentinel1_grd.py -t -r' -i https://datapool.asf.alaska.edu/GRD_HD/SB/S1B_IW_GRDH_1SDV_20180818T233140_20180818T233209_012324_016B64_9050.zip",
    "JobID": "sentinel1-scenes",
    "StartTime": "2018-09-19T23:54:51.469584",
    "User": "ebduser"
}
-----------------------------------------------------------
{
    "Attributes": "",
    "Duration_hms": "0:21:51.345121",
    "Duration_sec": "1311.345121",
    "EndTime": "2018-09-20T00:16:43.737354",
    "Job": "seppo_recipe_processor.py -z -o s3://data.earth/sar/sentinel1/rtc/20.0m -r '${SEPPO_HOME}/recipies/gamma/recipe_sentinel1_grd.py -t -r' -i https://datapool.asf.alaska.edu/GRD_HD/SB/S1B_IW_GRDH_1SDV_20180806T233139_20180806T233208_012149_0165F5_256E.zip",
    "JobID": "sentinel1-scenes",
    "StartTime": "2018-09-19T23:54:52.392233",
    "User": "ebduser"
}
-----------------------------------------------------------
{
    "Attributes": "",
    "Duration_hms": "0:22:01.357140",
    "Duration_sec": "1321.35714",
    "EndTime": "2018-09-20T00:16:51.000700",
    "Job": "seppo_recipe_processor.py -z -o s3://data.earth/sar/sentinel1/rtc/20.0m -r '${SEPPO_HOME}/recipies/gamma/recipe_sentinel1_grd.py -t -r' -i https://datapool.asf.alaska.edu/GRD_HD/SB/S1B_IW_GRDH_1SDV_20180830T233140_20180830T233209_012499_0170CF_5C04.zip",
    "JobID": "sentinel1-scenes",
    "StartTime": "2018-09-19T23:54:49.643560",
    "User": "ebduser"
}
-----------------------------------------------------------
