{
    "Attributes": "",
    "Duration_hms": "0:17:51.102911",
    "Duration_sec": "1071.102911",
    "EndTime": "2018-09-20T01:06:01.515377",
    "Job": "seppo_recipe_processor.py -z -o s3://data.earth/sar/sentinel1/rtc/20.0m -r '${SEPPO_HOME}/recipies/gamma/recipe_sentinel1_grd.py -t -r' -i https://datapool.asf.alaska.edu/GRD_HD/SA/S1A_IW_GRDH_1SDV_20180509T223445_20180509T223510_021834_025B2A_310F.zip",
    "JobID": "sentinel1-scenes",
    "StartTime": "2018-09-20T00:48:10.412466",
    "User": "ebduser"
}
-----------------------------------------------------------
{
    "Attributes": "",
    "Duration_hms": "0:18:16.113990",
    "Duration_sec": "1096.11399",
    "EndTime": "2018-09-20T01:06:21.250292",
    "Job": "seppo_recipe_processor.py -z -o s3://data.earth/sar/sentinel1/rtc/20.0m -r '${SEPPO_HOME}/recipies/gamma/recipe_sentinel1_grd.py -t -r' -i https://datapool.asf.alaska.edu/GRD_HD/SB/S1B_IW_GRDH_1SDV_20180502T104814_20180502T104839_010741_0139F2_D430.zip",
    "JobID": "sentinel1-scenes",
    "StartTime": "2018-09-20T00:48:05.136302",
    "User": "ebduser"
}
-----------------------------------------------------------
{
    "Attributes": "",
    "Duration_hms": "0:18:26.135499",
    "Duration_sec": "1106.135499",
    "EndTime": "2018-09-20T01:06:21.762977",
    "Job": "seppo_recipe_processor.py -z -o s3://data.earth/sar/sentinel1/rtc/20.0m -r '${SEPPO_HOME}/recipies/gamma/recipe_sentinel1_grd.py -t -r' -i https://datapool.asf.alaska.edu/GRD_HD/SB/S1B_IW_GRDH_1SDV_20180607T104816_20180607T104841_011266_014ADC_C21C.zip",
    "JobID": "sentinel1-scenes",
    "StartTime": "2018-09-20T00:47:55.627478",
    "User": "ebduser"
}
-----------------------------------------------------------
{
    "Attributes": "",
    "Duration_hms": "0:17:56.111468",
    "Duration_sec": "1076.111468",
    "EndTime": "2018-09-20T01:06:23.455806",
    "Job": "seppo_recipe_processor.py -z -o s3://data.earth/sar/sentinel1/rtc/20.0m -r '${SEPPO_HOME}/recipies/gamma/recipe_sentinel1_grd.py -t -r' -i https://datapool.asf.alaska.edu/GRD_HD/SA/S1A_IW_GRDH_1SDV_20180310T223443_20180310T223508_020959_023F9B_51C6.zip",
    "JobID": "sentinel1-scenes",
    "StartTime": "2018-09-20T00:48:27.344338",
    "User": "ebduser"
}
-----------------------------------------------------------
{
    "Attributes": "",
    "Duration_hms": "0:17:51.119949",
    "Duration_sec": "1071.119949",
    "EndTime": "2018-09-20T01:06:46.988549",
    "Job": "seppo_recipe_processor.py -z -o s3://data.earth/sar/sentinel1/rtc/20.0m -r '${SEPPO_HOME}/recipies/gamma/recipe_sentinel1_grd.py -t -r' -i https://datapool.asf.alaska.edu/GRD_HD/SA/S1A_IW_GRDH_1SDV_20180202T223443_20180202T223508_020434_022EEC_2623.zip",
    "JobID": "sentinel1-scenes",
    "StartTime": "2018-09-20T00:48:55.868600",
    "User": "ebduser"
}
-----------------------------------------------------------
{
    "Attributes": "",
    "Duration_hms": "0:18:06.092484",
    "Duration_sec": "1086.092484",
    "EndTime": "2018-09-20T01:06:53.259535",
    "Job": "seppo_recipe_processor.py -z -o s3://data.earth/sar/sentinel1/rtc/20.0m -r '${SEPPO_HOME}/recipies/gamma/recipe_sentinel1_grd.py -t -r' -i https://datapool.asf.alaska.edu/GRD_HD/SB/S1B_IW_GRDH_1SDV_20170212T104806_20170212T104831_004266_007662_D629.zip",
    "JobID": "sentinel1-scenes",
    "StartTime": "2018-09-20T00:48:47.167051",
    "User": "ebduser"
}
-----------------------------------------------------------
{
    "Attributes": "",
    "Duration_hms": "0:18:21.131883",
    "Duration_sec": "1101.131883",
    "EndTime": "2018-09-20T01:06:56.220960",
    "Job": "seppo_recipe_processor.py -z -o s3://data.earth/sar/sentinel1/rtc/20.0m -r '${SEPPO_HOME}/recipies/gamma/recipe_sentinel1_grd.py -t -r' -i https://datapool.asf.alaska.edu/GRD_HD/SB/S1B_IW_GRDH_1SDV_20180526T104815_20180526T104840_011091_01454F_4463.zip",
    "JobID": "sentinel1-scenes",
    "StartTime": "2018-09-20T00:48:35.089077",
    "User": "ebduser"
}
-----------------------------------------------------------
{
    "Attributes": "",
    "Duration_hms": "0:18:36.147678",
    "Duration_sec": "1116.147678",
    "EndTime": "2018-09-20T01:07:14.869727",
    "Job": "seppo_recipe_processor.py -z -o s3://data.earth/sar/sentinel1/rtc/20.0m -r '${SEPPO_HOME}/recipies/gamma/recipe_sentinel1_grd.py -t -r' -i https://datapool.asf.alaska.edu/GRD_HD/SB/S1B_IW_GRDH_1SDV_20180701T104843_20180701T104908_011616_0155B3_6A8E.zip",
    "JobID": "sentinel1-scenes",
    "StartTime": "2018-09-20T00:48:38.722049",
    "User": "ebduser"
}
-----------------------------------------------------------
{
    "Attributes": "",
    "Duration_hms": "0:18:56.180831",
    "Duration_sec": "1136.180831",
    "EndTime": "2018-09-20T01:07:27.801419",
    "Job": "seppo_recipe_processor.py -z -o s3://data.earth/sar/sentinel1/rtc/20.0m -r '${SEPPO_HOME}/recipies/gamma/recipe_sentinel1_grd.py -t -r' -i https://datapool.asf.alaska.edu/GRD_HD/SA/S1A_IW_GRDH_1SDV_20170607T223502_20170607T223527_016934_01C2F0_3C20.zip",
    "JobID": "sentinel1-scenes",
    "StartTime": "2018-09-20T00:48:31.620588",
    "User": "ebduser"
}
-----------------------------------------------------------
{
    "Attributes": "",
    "Duration_hms": "0:18:31.139231",
    "Duration_sec": "1111.139231",
    "EndTime": "2018-09-20T01:07:39.840585",
    "Job": "seppo_recipe_processor.py -z -o s3://data.earth/sar/sentinel1/rtc/20.0m -r '${SEPPO_HOME}/recipies/gamma/recipe_sentinel1_grd.py -t -r' -i https://datapool.asf.alaska.edu/GRD_HD/SB/S1B_IW_GRDH_1SDV_20170119T104806_20170119T104831_003916_006BEF_B35B.zip",
    "JobID": "sentinel1-scenes",
    "StartTime": "2018-09-20T00:49:08.701354",
    "User": "ebduser"
}
-----------------------------------------------------------
{
    "Attributes": "",
    "Duration_hms": "0:19:56.261405",
    "Duration_sec": "1196.261405",
    "EndTime": "2018-09-20T01:07:45.229483",
    "Job": "seppo_recipe_processor.py -z -o s3://data.earth/sar/sentinel1/rtc/20.0m -r '${SEPPO_HOME}/recipies/gamma/recipe_sentinel1_grd.py -t -r' -i https://datapool.asf.alaska.edu/GRD_HD/SA/S1A_IW_GRDH_1SDV_20171005T223444_20171005T223513_018684_01F855_BEF8.zip",
    "JobID": "sentinel1-scenes",
    "StartTime": "2018-09-20T00:47:48.968078",
    "User": "ebduser"
}
-----------------------------------------------------------
{
    "Attributes": "",
    "Duration_hms": "0:19:16.180718",
    "Duration_sec": "1156.180718",
    "EndTime": "2018-09-20T01:08:00.687402",
    "Job": "seppo_recipe_processor.py -z -o s3://data.earth/sar/sentinel1/rtc/20.0m -r '${SEPPO_HOME}/recipies/gamma/recipe_sentinel1_grd.py -t -r' -i https://datapool.asf.alaska.edu/GRD_HD/SB/S1B_IW_GRDH_1SDV_20180502T104839_20180502T104904_010741_0139F2_2A1C.zip",
    "JobID": "sentinel1-scenes",
    "StartTime": "2018-09-20T00:48:44.506684",
    "User": "ebduser"
}
-----------------------------------------------------------
{
    "Attributes": "",
    "Duration_hms": "0:18:51.147597",
    "Duration_sec": "1131.147597",
    "EndTime": "2018-09-20T01:08:08.523950",
    "Job": "seppo_recipe_processor.py -z -o s3://data.earth/sar/sentinel1/rtc/20.0m -r '${SEPPO_HOME}/recipies/gamma/recipe_sentinel1_grd.py -t -r' -i https://datapool.asf.alaska.edu/GRD_HD/SB/S1B_IW_GRDH_1SDV_20180420T104838_20180420T104904_010566_01344F_C432.zip",
    "JobID": "sentinel1-scenes",
    "StartTime": "2018-09-20T00:49:17.376353",
    "User": "ebduser"
}
-----------------------------------------------------------
{
    "Attributes": "",
    "Duration_hms": "0:18:46.180856",
    "Duration_sec": "1126.180856",
    "EndTime": "2018-09-20T01:08:17.353295",
    "Job": "seppo_recipe_processor.py -z -o s3://data.earth/sar/sentinel1/rtc/20.0m -r '${SEPPO_HOME}/recipies/gamma/recipe_sentinel1_grd.py -t -r' -i https://datapool.asf.alaska.edu/GRD_HD/SA/S1A_IW_GRDH_1SDV_20180614T223447_20180614T223512_022359_026BBC_CBD2.zip",
    "JobID": "sentinel1-scenes",
    "StartTime": "2018-09-20T00:49:31.172439",
    "User": "ebduser"
}
-----------------------------------------------------------
{
    "Attributes": "",
    "Duration_hms": "0:19:01.202270",
    "Duration_sec": "1141.20227",
    "EndTime": "2018-09-20T01:08:29.488171",
    "Job": "seppo_recipe_processor.py -z -o s3://data.earth/sar/sentinel1/rtc/20.0m -r '${SEPPO_HOME}/recipies/gamma/recipe_sentinel1_grd.py -t -r' -i https://datapool.asf.alaska.edu/GRD_HD/SB/S1B_IW_GRDH_1SDV_20180619T104817_20180619T104842_011441_015043_92A1.zip",
    "JobID": "sentinel1-scenes",
    "StartTime": "2018-09-20T00:49:28.285901",
    "User": "ebduser"
}
-----------------------------------------------------------
{
    "Attributes": "",
    "Duration_hms": "0:19:06.194570",
    "Duration_sec": "1146.19457",
    "EndTime": "2018-09-20T01:08:51.759555",
    "Job": "seppo_recipe_processor.py -z -o s3://data.earth/sar/sentinel1/rtc/20.0m -r '${SEPPO_HOME}/recipies/gamma/recipe_sentinel1_grd.py -t -r' -i https://datapool.asf.alaska.edu/GRD_HD/SB/S1B_IW_GRDH_1SDV_20161027T104809_20161027T104834_002691_0048DF_B5BE.zip",
    "JobID": "sentinel1-scenes",
    "StartTime": "2018-09-20T00:49:45.564985",
    "User": "ebduser"
}
-----------------------------------------------------------
{
    "Attributes": "",
    "Duration_hms": "0:20:46.285036",
    "Duration_sec": "1246.285036",
    "EndTime": "2018-09-20T01:08:54.612408",
    "Job": "seppo_recipe_processor.py -z -o s3://data.earth/sar/sentinel1/rtc/20.0m -r '${SEPPO_HOME}/recipies/gamma/recipe_sentinel1_grd.py -t -r' -i https://datapool.asf.alaska.edu/GRD_HD/SA/S1A_IW_GRDH_1SDV_20170114T223435_20170114T223504_014834_0182DC_666C.zip",
    "JobID": "sentinel1-scenes",
    "StartTime": "2018-09-20T00:48:08.327372",
    "User": "ebduser"
}
-----------------------------------------------------------
{
    "Attributes": "",
    "Duration_hms": "0:19:56.231999",
    "Duration_sec": "1196.231999",
    "EndTime": "2018-09-20T01:09:07.100716",
    "Job": "seppo_recipe_processor.py -z -o s3://data.earth/sar/sentinel1/rtc/20.0m -r '${SEPPO_HOME}/recipies/gamma/recipe_sentinel1_grd.py -t -r' -i https://datapool.asf.alaska.edu/GRD_HD/SA/S1A_IW_GRDH_1SDV_20170701T223503_20170701T223528_017284_01CD9C_1337.zip",
    "JobID": "sentinel1-scenes",
    "StartTime": "2018-09-20T00:49:10.868717",
    "User": "ebduser"
}
-----------------------------------------------------------
{
    "Attributes": "",
    "Duration_hms": "0:19:11.190662",
    "Duration_sec": "1151.190662",
    "EndTime": "2018-09-20T01:09:09.558471",
    "Job": "seppo_recipe_processor.py -z -o s3://data.earth/sar/sentinel1/rtc/20.0m -r '${SEPPO_HOME}/recipies/gamma/recipe_sentinel1_grd.py -t -r' -i https://datapool.asf.alaska.edu/GRD_HD/SB/S1B_IW_GRDH_1SDV_20161120T104834_20161120T104859_003041_0052BC_8571.zip",
    "JobID": "sentinel1-scenes",
    "StartTime": "2018-09-20T00:49:58.367809",
    "User": "ebduser"
}
-----------------------------------------------------------
{
    "Attributes": "",
    "Duration_hms": "0:20:16.242315",
    "Duration_sec": "1216.242315",
    "EndTime": "2018-09-20T01:09:20.711540",
    "Job": "seppo_recipe_processor.py -z -o s3://data.earth/sar/sentinel1/rtc/20.0m -r '${SEPPO_HOME}/recipies/gamma/recipe_sentinel1_grd.py -t -r' -i https://datapool.asf.alaska.edu/GRD_HD/SA/S1A_IW_GRDH_1SDV_20161221T223437_20161221T223506_014484_01781F_2D83.zip",
    "JobID": "sentinel1-scenes",
    "StartTime": "2018-09-20T00:49:04.469225",
    "User": "ebduser"
}
-----------------------------------------------------------
{
    "Attributes": "",
    "Duration_hms": "0:19:11.214052",
    "Duration_sec": "1151.214052",
    "EndTime": "2018-09-20T01:09:22.535003",
    "Job": "seppo_recipe_processor.py -z -o s3://data.earth/sar/sentinel1/rtc/20.0m -r '${SEPPO_HOME}/recipies/gamma/recipe_sentinel1_grd.py -t -r' -i https://datapool.asf.alaska.edu/GRD_HD/SB/S1B_IW_GRDH_1SDV_20171103T104807_20171103T104832_008116_00E571_3C3F.zip",
    "JobID": "sentinel1-scenes",
    "StartTime": "2018-09-20T00:50:11.320951",
    "User": "ebduser"
}
-----------------------------------------------------------
{
    "Attributes": "",
    "Duration_hms": "0:21:21.340361",
    "Duration_sec": "1281.340361",
    "EndTime": "2018-09-20T01:09:27.408708",
    "Job": "seppo_recipe_processor.py -z -o s3://data.earth/sar/sentinel1/rtc/20.0m -r '${SEPPO_HOME}/recipies/gamma/recipe_sentinel1_grd.py -t -r' -i https://datapool.asf.alaska.edu/GRD_HD/SA/S1A_IW_GRDH_1SDV_20170713T223435_20170713T223504_017459_01D2E6_A83B.zip",
    "JobID": "sentinel1-scenes",
    "StartTime": "2018-09-20T00:48:06.068347",
    "User": "ebduser"
}
-----------------------------------------------------------
{
    "Attributes": "",
    "Duration_hms": "0:20:36.235072",
    "Duration_sec": "1236.235072",
    "EndTime": "2018-09-20T01:09:33.195628",
    "Job": "seppo_recipe_processor.py -z -o s3://data.earth/sar/sentinel1/rtc/20.0m -r '${SEPPO_HOME}/recipies/gamma/recipe_sentinel1_grd.py -t -r' -i https://datapool.asf.alaska.edu/GRD_HD/SA/S1A_IW_GRDH_1SDV_20171122T223443_20171122T223512_019384_020DEE_CDF9.zip",
    "JobID": "sentinel1-scenes",
    "StartTime": "2018-09-20T00:48:56.960556",
    "User": "ebduser"
}
-----------------------------------------------------------
{
    "Attributes": "",
    "Duration_hms": "0:19:11.241060",
    "Duration_sec": "1151.24106",
    "EndTime": "2018-09-20T01:09:34.593458",
    "Job": "seppo_recipe_processor.py -z -o s3://data.earth/sar/sentinel1/rtc/20.0m -r '${SEPPO_HOME}/recipies/gamma/recipe_sentinel1_grd.py -t -r' -i https://datapool.asf.alaska.edu/GRD_HD/SB/S1B_IW_GRDH_1SDV_20180526T104840_20180526T104906_011091_01454F_DD44.zip",
    "JobID": "sentinel1-scenes",
    "StartTime": "2018-09-20T00:50:23.352398",
    "User": "ebduser"
}
-----------------------------------------------------------
{
    "Attributes": "",
    "Duration_hms": "0:20:31.241180",
    "Duration_sec": "1231.24118",
    "EndTime": "2018-09-20T01:10:01.412538",
    "Job": "seppo_recipe_processor.py -z -o s3://data.earth/sar/sentinel1/rtc/20.0m -r '${SEPPO_HOME}/recipies/gamma/recipe_sentinel1_grd.py -t -r' -i https://datapool.asf.alaska.edu/GRD_HD/SA/S1A_IW_GRDH_1SDV_20171204T223443_20171204T223512_019559_021365_9C66.zip",
    "JobID": "sentinel1-scenes",
    "StartTime": "2018-09-20T00:49:30.171358",
    "User": "ebduser"
}
-----------------------------------------------------------
{
    "Attributes": "",
    "Duration_hms": "0:21:41.327494",
    "Duration_sec": "1301.327494",
    "EndTime": "2018-09-20T01:10:02.852635",
    "Job": "seppo_recipe_processor.py -z -o s3://data.earth/sar/sentinel1/rtc/20.0m -r '${SEPPO_HOME}/recipies/gamma/recipe_sentinel1_grd.py -t -r' -i https://datapool.asf.alaska.edu/GRD_HD/SA/S1A_IW_GRDH_1SDV_20161022T223438_20161022T223507_013609_015CDA_0BCF.zip",
    "JobID": "sentinel1-scenes",
    "StartTime": "2018-09-20T00:48:21.525141",
    "User": "ebduser"
}
-----------------------------------------------------------
{
    "Attributes": "",
    "Duration_hms": "0:20:41.321441",
    "Duration_sec": "1241.321441",
    "EndTime": "2018-09-20T01:10:08.198034",
    "Job": "seppo_recipe_processor.py -z -o s3://data.earth/sar/sentinel1/rtc/20.0m -r '${SEPPO_HOME}/recipies/gamma/recipe_sentinel1_grd.py -t -r' -i https://datapool.asf.alaska.edu/GRD_HD/SA/S1A_IW_GRDH_1SDV_20160903T104850_20160903T104915_012887_0145C1_E6C4.zip",
    "JobID": "sentinel1-scenes",
    "StartTime": "2018-09-20T00:49:26.876593",
    "User": "ebduser"
}
-----------------------------------------------------------
{
    "Attributes": "",
    "Duration_hms": "0:19:41.218532",
    "Duration_sec": "1181.218532",
    "EndTime": "2018-09-20T01:10:12.108989",
    "Job": "seppo_recipe_processor.py -z -o s3://data.earth/sar/sentinel1/rtc/20.0m -r '${SEPPO_HOME}/recipies/gamma/recipe_sentinel1_grd.py -t -r' -i https://datapool.asf.alaska.edu/GRD_HD/SA/S1A_IW_GRDH_1SDV_20180322T223443_20180322T223508_021134_024527_4525.zip",
    "JobID": "sentinel1-scenes",
    "StartTime": "2018-09-20T00:50:30.890457",
    "User": "ebduser"
}
-----------------------------------------------------------
{
    "Attributes": "",
    "Duration_hms": "0:20:41.342297",
    "Duration_sec": "1241.342297",
    "EndTime": "2018-09-20T01:11:07.915537",
    "Job": "seppo_recipe_processor.py -z -o s3://data.earth/sar/sentinel1/rtc/20.0m -r '${SEPPO_HOME}/recipies/gamma/recipe_sentinel1_grd.py -t -r' -i https://datapool.asf.alaska.edu/GRD_HD/SB/S1B_IW_GRDH_1SDV_20171127T104840_20171127T104905_008466_00F00D_A1D8.zip",
    "JobID": "sentinel1-scenes",
    "StartTime": "2018-09-20T00:50:26.573240",
    "User": "ebduser"
}
-----------------------------------------------------------
{
    "Attributes": "",
    "Duration_hms": "0:20:36.315276",
    "Duration_sec": "1236.315276",
    "EndTime": "2018-09-20T01:11:17.026276",
    "Job": "seppo_recipe_processor.py -z -o s3://data.earth/sar/sentinel1/rtc/20.0m -r '${SEPPO_HOME}/recipies/gamma/recipe_sentinel1_grd.py -t -r' -i https://datapool.asf.alaska.edu/GRD_HD/SA/S1A_IW_GRDH_1SDV_20180121T223443_20180121T223508_020259_022957_E4FB.zip",
    "JobID": "sentinel1-scenes",
    "StartTime": "2018-09-20T00:50:40.711000",
    "User": "ebduser"
}
-----------------------------------------------------------
{
    "Attributes": "",
    "Duration_hms": "0:21:31.316307",
    "Duration_sec": "1291.316307",
    "EndTime": "2018-09-20T01:11:41.440608",
    "Job": "seppo_recipe_processor.py -z -o s3://data.earth/sar/sentinel1/rtc/20.0m -r '${SEPPO_HOME}/recipies/gamma/recipe_sentinel1_grd.py -t -r' -i https://datapool.asf.alaska.edu/GRD_HD/SA/S1A_IW_GRDH_1SDV_20161010T223438_20161010T223507_013434_015759_110C.zip",
    "JobID": "sentinel1-scenes",
    "StartTime": "2018-09-20T00:50:10.124301",
    "User": "ebduser"
}
-----------------------------------------------------------
{
    "Attributes": "",
    "Duration_hms": "0:22:31.430971",
    "Duration_sec": "1351.430971",
    "EndTime": "2018-09-20T01:12:32.061420",
    "Job": "seppo_recipe_processor.py -z -o s3://data.earth/sar/sentinel1/rtc/20.0m -r '${SEPPO_HOME}/recipies/gamma/recipe_sentinel1_grd.py -t -r' -i https://datapool.asf.alaska.edu/GRD_HD/SA/S1A_IW_GRDH_1SDV_20180109T223442_20180109T223511_020084_0223CA_89FA.zip",
    "JobID": "sentinel1-scenes",
    "StartTime": "2018-09-20T00:50:00.630449",
    "User": "ebduser"
}
-----------------------------------------------------------
{
    "Attributes": "",
    "Duration_hms": "0:22:56.469406",
    "Duration_sec": "1376.469406",
    "EndTime": "2018-09-20T01:12:33.345869",
    "Job": "seppo_recipe_processor.py -z -o s3://data.earth/sar/sentinel1/rtc/20.0m -r '${SEPPO_HOME}/recipies/gamma/recipe_sentinel1_grd.py -t -r' -i https://datapool.asf.alaska.edu/GRD_HD/SA/S1A_IW_GRDH_1SDV_20170619T223502_20170619T223527_017109_01C857_5F93.zip",
    "JobID": "sentinel1-scenes",
    "StartTime": "2018-09-20T00:49:36.876463",
    "User": "ebduser"
}
-----------------------------------------------------------
{
    "Attributes": "",
    "Duration_hms": "0:21:46.362613",
    "Duration_sec": "1306.362613",
    "EndTime": "2018-09-20T01:12:43.227743",
    "Job": "seppo_recipe_processor.py -z -o s3://data.earth/sar/sentinel1/rtc/20.0m -r '${SEPPO_HOME}/recipies/gamma/recipe_sentinel1_grd.py -t -r' -i https://datapool.asf.alaska.edu/GRD_HD/SB/S1B_IW_GRDH_1SDV_20170823T104814_20170823T104839_007066_00C72C_A60C.zip",
    "JobID": "sentinel1-scenes",
    "StartTime": "2018-09-20T00:50:56.865130",
    "User": "ebduser"
}
-----------------------------------------------------------
{
    "Attributes": "",
    "Duration_hms": "0:21:51.409907",
    "Duration_sec": "1311.409907",
    "EndTime": "2018-09-20T01:13:01.120599",
    "Job": "seppo_recipe_processor.py -z -o s3://data.earth/sar/sentinel1/rtc/20.0m -r '${SEPPO_HOME}/recipies/gamma/recipe_sentinel1_grd.py -t -r' -i https://datapool.asf.alaska.edu/GRD_HD/SB/S1B_IW_GRDH_1SDV_20170224T104831_20170224T104856_004441_007BA2_DD8C.zip",
    "JobID": "sentinel1-scenes",
    "StartTime": "2018-09-20T00:51:09.710692",
    "User": "ebduser"
}
-----------------------------------------------------------
{
    "Attributes": "",
    "Duration_hms": "0:22:11.396490",
    "Duration_sec": "1331.39649",
    "EndTime": "2018-09-20T01:13:52.648156",
    "Job": "seppo_recipe_processor.py -z -o s3://data.earth/sar/sentinel1/rtc/20.0m -r '${SEPPO_HOME}/recipies/gamma/recipe_sentinel1_grd.py -t -r' -i https://datapool.asf.alaska.edu/GRD_HD/SB/S1B_IW_GRDH_1SDV_20171022T104832_20171022T104857_007941_00E06E_E16C.zip",
    "JobID": "sentinel1-scenes",
    "StartTime": "2018-09-20T00:51:41.251666",
    "User": "ebduser"
}
-----------------------------------------------------------
{
    "Attributes": "",
    "Duration_hms": "0:22:31.428845",
    "Duration_sec": "1351.428845",
    "EndTime": "2018-09-20T01:13:55.645338",
    "Job": "seppo_recipe_processor.py -z -o s3://data.earth/sar/sentinel1/rtc/20.0m -r '${SEPPO_HOME}/recipies/gamma/recipe_sentinel1_grd.py -t -r' -i https://datapool.asf.alaska.edu/GRD_HD/SB/S1B_IW_GRDH_1SDV_20170107T104831_20170107T104857_003741_0066D7_FB0B.zip",
    "JobID": "sentinel1-scenes",
    "StartTime": "2018-09-20T00:51:24.216493",
    "User": "ebduser"
}
-----------------------------------------------------------
{
    "Attributes": "",
    "Duration_hms": "0:23:01.479908",
    "Duration_sec": "1381.479908",
    "EndTime": "2018-09-20T01:14:00.205593",
    "Job": "seppo_recipe_processor.py -z -o s3://data.earth/sar/sentinel1/rtc/20.0m -r '${SEPPO_HOME}/recipies/gamma/recipe_sentinel1_grd.py -t -r' -i https://datapool.asf.alaska.edu/GRD_HD/SA/S1A_IW_GRDH_1SDV_20170420T223459_20170420T223524_016234_01AD81_8E5A.zip",
    "JobID": "sentinel1-scenes",
    "StartTime": "2018-09-20T00:50:58.725685",
    "User": "ebduser"
}
-----------------------------------------------------------
{
    "Attributes": "",
    "Duration_hms": "0:22:16.400302",
    "Duration_sec": "1336.400302",
    "EndTime": "2018-09-20T01:14:10.493457",
    "Job": "seppo_recipe_processor.py -z -o s3://data.earth/sar/sentinel1/rtc/20.0m -r '${SEPPO_HOME}/recipies/gamma/recipe_sentinel1_grd.py -t -r' -i https://datapool.asf.alaska.edu/GRD_HD/SB/S1B_IW_GRDH_1SDV_20180207T104837_20180207T104903_009516_011201_3147.zip",
    "JobID": "sentinel1-scenes",
    "StartTime": "2018-09-20T00:51:54.093155",
    "User": "ebduser"
}
-----------------------------------------------------------
{
    "Attributes": "",
    "Duration_hms": "0:22:26.428091",
    "Duration_sec": "1346.428091",
    "EndTime": "2018-09-20T01:14:50.680489",
    "Job": "seppo_recipe_processor.py -z -o s3://data.earth/sar/sentinel1/rtc/20.0m -r '${SEPPO_HOME}/recipies/gamma/recipe_sentinel1_grd.py -t -r' -i https://datapool.asf.alaska.edu/GRD_HD/SA/S1A_IW_GRDH_1SDV_20180626T223447_20180626T223512_022534_0270DD_B3AF.zip",
    "JobID": "sentinel1-scenes",
    "StartTime": "2018-09-20T00:52:24.252398",
    "User": "ebduser"
}
-----------------------------------------------------------
{
    "Attributes": "",
    "Duration_hms": "0:23:01.437093",
    "Duration_sec": "1381.437093",
    "EndTime": "2018-09-20T01:14:51.164017",
    "Job": "seppo_recipe_processor.py -z -o s3://data.earth/sar/sentinel1/rtc/20.0m -r '${SEPPO_HOME}/recipies/gamma/recipe_sentinel1_grd.py -t -r' -i https://datapool.asf.alaska.edu/GRD_HD/SB/S1B_IW_GRDH_1SDV_20170119T104831_20170119T104856_003916_006BEF_C948.zip",
    "JobID": "sentinel1-scenes",
    "StartTime": "2018-09-20T00:51:49.726924",
    "User": "ebduser"
}
-----------------------------------------------------------
{
    "Attributes": "",
    "Duration_hms": "0:22:36.435872",
    "Duration_sec": "1356.435872",
    "EndTime": "2018-09-20T01:14:51.916565",
    "Job": "seppo_recipe_processor.py -z -o s3://data.earth/sar/sentinel1/rtc/20.0m -r '${SEPPO_HOME}/recipies/gamma/recipe_sentinel1_grd.py -t -r' -i https://datapool.asf.alaska.edu/GRD_HD/SB/S1B_IW_GRDH_1SDV_20180806T104844_20180806T104909_012141_0165BB_6DCC.zip",
    "JobID": "sentinel1-scenes",
    "StartTime": "2018-09-20T00:52:15.480693",
    "User": "ebduser"
}
-----------------------------------------------------------
{
    "Attributes": "",
    "Duration_hms": "0:26:11.699602",
    "Duration_sec": "1571.699602",
    "EndTime": "2018-09-20T01:14:55.699312",
    "Job": "seppo_recipe_processor.py -z -o s3://data.earth/sar/sentinel1/rtc/20.0m -r '${SEPPO_HOME}/recipies/gamma/recipe_sentinel1_grd.py -t -r' -i https://datapool.asf.alaska.edu/GRD_HD/SA/S1A_IW_GRDH_1SDV_20170514T223500_20170514T223525_016584_01B81F_D0AE.zip",
    "JobID": "sentinel1-scenes",
    "StartTime": "2018-09-20T00:48:43.999710",
    "User": "ebduser"
}
-----------------------------------------------------------
{
    "Attributes": "",
    "Duration_hms": "0:23:06.501197",
    "Duration_sec": "1386.501197",
    "EndTime": "2018-09-20T01:15:00.603158",
    "Job": "seppo_recipe_processor.py -z -o s3://data.earth/sar/sentinel1/rtc/20.0m -r '${SEPPO_HOME}/recipies/gamma/recipe_sentinel1_grd.py -t -r' -i https://datapool.asf.alaska.edu/GRD_HD/SB/S1B_IW_GRDH_1SDV_20161120T104809_20161120T104834_003041_0052BC_0BF1.zip",
    "JobID": "sentinel1-scenes",
    "StartTime": "2018-09-20T00:51:54.101961",
    "User": "ebduser"
}
-----------------------------------------------------------
{
    "Attributes": "",
    "Duration_hms": "0:23:41.542892",
    "Duration_sec": "1421.542892",
    "EndTime": "2018-09-20T01:15:04.568433",
    "Job": "seppo_recipe_processor.py -z -o s3://data.earth/sar/sentinel1/rtc/20.0m -r '${SEPPO_HOME}/recipies/gamma/recipe_sentinel1_grd.py -t -r' -i https://datapool.asf.alaska.edu/GRD_HD/SB/S1B_IW_GRDH_1SDV_20161108T104809_20161108T104834_002866_004DBB_C946.zip",
    "JobID": "sentinel1-scenes",
    "StartTime": "2018-09-20T00:51:23.025541",
    "User": "ebduser"
}
-----------------------------------------------------------
{
    "Attributes": "",
    "Duration_hms": "0:24:21.521313",
    "Duration_sec": "1461.521313",
    "EndTime": "2018-09-20T01:15:15.983524",
    "Job": "seppo_recipe_processor.py -z -o s3://data.earth/sar/sentinel1/rtc/20.0m -r '${SEPPO_HOME}/recipies/gamma/recipe_sentinel1_grd.py -t -r' -i https://datapool.asf.alaska.edu/GRD_HD/SA/S1A_IW_GRDH_1SDV_20170102T223435_20170102T223504_014659_017D81_5C65.zip",
    "JobID": "sentinel1-scenes",
    "StartTime": "2018-09-20T00:50:54.462211",
    "User": "ebduser"
}
-----------------------------------------------------------
{
    "Attributes": "",
    "Duration_hms": "0:25:46.597991",
    "Duration_sec": "1546.597991",
    "EndTime": "2018-09-20T01:15:33.976056",
    "Job": "seppo_recipe_processor.py -z -o s3://data.earth/sar/sentinel1/rtc/20.0m -r '${SEPPO_HOME}/recipies/gamma/recipe_sentinel1_grd.py -t -r' -i https://datapool.asf.alaska.edu/GRD_HD/SA/S1A_IW_GRDH_1SDV_20170420T223430_20170420T223459_016234_01AD81_6351.zip",
    "JobID": "sentinel1-scenes",
    "StartTime": "2018-09-20T00:49:47.378065",
    "User": "ebduser"
}
-----------------------------------------------------------
{
    "Attributes": "",
    "Duration_hms": "0:24:21.562680",
    "Duration_sec": "1461.56268",
    "EndTime": "2018-09-20T01:15:53.253189",
    "Job": "seppo_recipe_processor.py -z -o s3://data.earth/sar/sentinel1/rtc/20.0m -r '${SEPPO_HOME}/recipies/gamma/recipe_sentinel1_grd.py -t -r' -i https://datapool.asf.alaska.edu/GRD_HD/SB/S1B_IW_GRDH_1SDV_20170519T104833_20170519T104859_005666_009ECB_2CE8.zip",
    "JobID": "sentinel1-scenes",
    "StartTime": "2018-09-20T00:51:31.690509",
    "User": "ebduser"
}
-----------------------------------------------------------
{
    "Attributes": "",
    "Duration_hms": "0:24:46.570402",
    "Duration_sec": "1486.570402",
    "EndTime": "2018-09-20T01:16:00.700197",
    "Job": "seppo_recipe_processor.py -z -o s3://data.earth/sar/sentinel1/rtc/20.0m -r '${SEPPO_HOME}/recipies/gamma/recipe_sentinel1_grd.py -t -r' -i https://datapool.asf.alaska.edu/GRD_HD/SA/S1A_IW_GRDH_1SDV_20170923T223443_20170923T223512_018509_01F2FE_0508.zip",
    "JobID": "sentinel1-scenes",
    "StartTime": "2018-09-20T00:51:14.129795",
    "User": "ebduser"
}
-----------------------------------------------------------
{
    "Attributes": "",
    "Duration_hms": "0:25:26.642211",
    "Duration_sec": "1526.642211",
    "EndTime": "2018-09-20T01:16:12.553537",
    "Job": "seppo_recipe_processor.py -z -o s3://data.earth/sar/sentinel1/rtc/20.0m -r '${SEPPO_HOME}/recipies/gamma/recipe_sentinel1_grd.py -t -r' -i https://datapool.asf.alaska.edu/GRD_HD/SA/S1A_IW_GRDH_1SDV_20170207T223434_20170207T223503_015184_018DAC_65CD.zip",
    "JobID": "sentinel1-scenes",
    "StartTime": "2018-09-20T00:50:45.911326",
    "User": "ebduser"
}
-----------------------------------------------------------
{
    "Attributes": "",
    "Duration_hms": "0:23:41.540331",
    "Duration_sec": "1421.540331",
    "EndTime": "2018-09-20T01:16:27.296111",
    "Job": "seppo_recipe_processor.py -z -o s3://data.earth/sar/sentinel1/rtc/20.0m -r '${SEPPO_HOME}/recipies/gamma/recipe_sentinel1_grd.py -t -r' -i https://datapool.asf.alaska.edu/GRD_HD/SB/S1B_IW_GRDH_1SDV_20180303T104812_20180303T104837_009866_011D91_C4C6.zip",
    "JobID": "sentinel1-scenes",
    "StartTime": "2018-09-20T00:52:45.755780",
    "User": "ebduser"
}
-----------------------------------------------------------
{
    "Attributes": "",
    "Duration_hms": "0:24:56.613389",
    "Duration_sec": "1496.613389",
    "EndTime": "2018-09-20T01:16:45.269345",
    "Job": "seppo_recipe_processor.py -z -o s3://data.earth/sar/sentinel1/rtc/20.0m -r '${SEPPO_HOME}/recipies/gamma/recipe_sentinel1_grd.py -t -r' -i https://datapool.asf.alaska.edu/GRD_HD/SB/S1B_IW_GRDH_1SDV_20170401T104806_20170401T104831_004966_008AEE_791E.zip",
    "JobID": "sentinel1-scenes",
    "StartTime": "2018-09-20T00:51:48.655956",
    "User": "ebduser"
}
-----------------------------------------------------------
{
    "Attributes": "",
    "Duration_hms": "0:23:41.488889",
    "Duration_sec": "1421.488889",
    "EndTime": "2018-09-20T01:16:56.310717",
    "Job": "seppo_recipe_processor.py -z -o s3://data.earth/sar/sentinel1/rtc/20.0m -r '${SEPPO_HOME}/recipies/gamma/recipe_sentinel1_grd.py -t -r' -i https://datapool.asf.alaska.edu/GRD_HD/SB/S1B_IW_GRDH_1SDV_20171010T104840_20171010T104906_007766_00DB71_74A4.zip",
    "JobID": "sentinel1-scenes",
    "StartTime": "2018-09-20T00:53:14.821828",
    "User": "ebduser"
}
-----------------------------------------------------------
{
    "Attributes": "",
    "Duration_hms": "0:23:41.514067",
    "Duration_sec": "1421.514067",
    "EndTime": "2018-09-20T01:17:09.272594",
    "Job": "seppo_recipe_processor.py -z -o s3://data.earth/sar/sentinel1/rtc/20.0m -r '${SEPPO_HOME}/recipies/gamma/recipe_sentinel1_grd.py -t -r' -i https://datapool.asf.alaska.edu/GRD_HD/SB/S1B_IW_GRDH_1SDV_20180207T104812_20180207T104837_009516_011201_A3E7.zip",
    "JobID": "sentinel1-scenes",
    "StartTime": "2018-09-20T00:53:27.758527",
    "User": "ebduser"
}
-----------------------------------------------------------
{
    "Attributes": "",
    "Duration_hms": "0:23:36.574390",
    "Duration_sec": "1416.57439",
    "EndTime": "2018-09-20T01:17:29.876153",
    "Job": "seppo_recipe_processor.py -z -o s3://data.earth/sar/sentinel1/rtc/20.0m -r '${SEPPO_HOME}/recipies/gamma/recipe_sentinel1_grd.py -t -r' -i https://datapool.asf.alaska.edu/GRD_HD/SB/S1B_IW_GRDH_1SDV_20170212T104831_20170212T104856_004266_007662_6539.zip",
    "JobID": "sentinel1-scenes",
    "StartTime": "2018-09-20T00:53:53.301763",
    "User": "ebduser"
}
-----------------------------------------------------------
{
    "Attributes": "",
    "Duration_hms": "0:23:16.518319",
    "Duration_sec": "1396.518319",
    "EndTime": "2018-09-20T01:17:35.929433",
    "Job": "seppo_recipe_processor.py -z -o s3://data.earth/sar/sentinel1/rtc/20.0m -r '${SEPPO_HOME}/recipies/gamma/recipe_sentinel1_grd.py -t -r' -i https://datapool.asf.alaska.edu/GRD_HD/SB/S1B_IW_GRDH_1SDV_20170730T104838_20170730T104903_006716_00BD05_1883.zip",
    "JobID": "sentinel1-scenes",
    "StartTime": "2018-09-20T00:54:19.411114",
    "User": "ebduser"
}
-----------------------------------------------------------
{
    "Attributes": "",
    "Duration_hms": "0:24:16.535216",
    "Duration_sec": "1456.535216",
    "EndTime": "2018-09-20T01:17:41.072364",
    "Job": "seppo_recipe_processor.py -z -o s3://data.earth/sar/sentinel1/rtc/20.0m -r '${SEPPO_HOME}/recipies/gamma/recipe_sentinel1_grd.py -t -r' -i https://datapool.asf.alaska.edu/GRD_HD/SB/S1B_IW_GRDH_1SDV_20180327T104837_20180327T104903_010216_01290B_BE95.zip",
    "JobID": "sentinel1-scenes",
    "StartTime": "2018-09-20T00:53:24.537148",
    "User": "ebduser"
}
-----------------------------------------------------------
{
    "Attributes": "",
    "Duration_hms": "0:23:31.495140",
    "Duration_sec": "1411.49514",
    "EndTime": "2018-09-20T01:17:43.217603",
    "Job": "seppo_recipe_processor.py -z -o s3://data.earth/sar/sentinel1/rtc/20.0m -r '${SEPPO_HOME}/recipies/gamma/recipe_sentinel1_grd.py -t -r' -i https://datapool.asf.alaska.edu/GRD_HD/SB/S1B_IW_GRDH_1SDV_20180725T104819_20180725T104844_011966_01606C_7F23.zip",
    "JobID": "sentinel1-scenes",
    "StartTime": "2018-09-20T00:54:11.722463",
    "User": "ebduser"
}
-----------------------------------------------------------
{
    "Attributes": "",
    "Duration_hms": "0:25:36.645506",
    "Duration_sec": "1536.645506",
    "EndTime": "2018-09-20T01:17:44.028858",
    "Job": "seppo_recipe_processor.py -z -o s3://data.earth/sar/sentinel1/rtc/20.0m -r '${SEPPO_HOME}/recipies/gamma/recipe_sentinel1_grd.py -t -r' -i https://datapool.asf.alaska.edu/GRD_HD/SA/S1A_IW_GRDH_1SDV_20171228T223442_20171228T223511_019909_021E43_1E6D.zip",
    "JobID": "sentinel1-scenes",
    "StartTime": "2018-09-20T00:52:07.383352",
    "User": "ebduser"
}
-----------------------------------------------------------
{
    "Attributes": "",
    "Duration_hms": "0:23:11.471550",
    "Duration_sec": "1391.47155",
    "EndTime": "2018-09-20T01:17:53.107935",
    "Job": "seppo_recipe_processor.py -z -o s3://data.earth/sar/sentinel1/rtc/20.0m -r '${SEPPO_HOME}/recipies/gamma/recipe_sentinel1_grd.py -t -r' -i https://datapool.asf.alaska.edu/GRD_HD/SB/S1B_IW_GRDH_1SDV_20180408T104838_20180408T104903_010391_012EC0_89DB.zip",
    "JobID": "sentinel1-scenes",
    "StartTime": "2018-09-20T00:54:41.636385",
    "User": "ebduser"
}
-----------------------------------------------------------
{
    "Attributes": "",
    "Duration_hms": "0:22:26.400086",
    "Duration_sec": "1346.400086",
    "EndTime": "2018-09-20T01:17:54.293948",
    "Job": "seppo_recipe_processor.py -z -o s3://data.earth/sar/sentinel1/rtc/20.0m -r '${SEPPO_HOME}/recipies/gamma/recipe_sentinel1_grd.py -t -r' -i https://datapool.asf.alaska.edu/GRD_HD/SA/S1A_IW_GRDH_1SDV_20180813T223450_20180813T223515_023234_02867D_E250.zip",
    "JobID": "sentinel1-scenes",
    "StartTime": "2018-09-20T00:55:27.893862",
    "User": "ebduser"
}
-----------------------------------------------------------
{
    "Attributes": "",
    "Duration_hms": "0:23:46.488709",
    "Duration_sec": "1426.488709",
    "EndTime": "2018-09-20T01:17:56.841088",
    "Job": "seppo_recipe_processor.py -z -o s3://data.earth/sar/sentinel1/rtc/20.0m -r '${SEPPO_HOME}/recipies/gamma/recipe_sentinel1_grd.py -t -r' -i https://datapool.asf.alaska.edu/GRD_HD/SB/S1B_IW_GRDH_1SDV_20170131T104831_20170131T104856_004091_00712B_12E1.zip",
    "JobID": "sentinel1-scenes",
    "StartTime": "2018-09-20T00:54:10.352379",
    "User": "ebduser"
}
-----------------------------------------------------------
{
    "Attributes": "",
    "Duration_hms": "0:23:31.493474",
    "Duration_sec": "1411.493474",
    "EndTime": "2018-09-20T01:17:59.469430",
    "Job": "seppo_recipe_processor.py -z -o s3://data.earth/sar/sentinel1/rtc/20.0m -r '${SEPPO_HOME}/recipies/gamma/recipe_sentinel1_grd.py -t -r' -i https://datapool.asf.alaska.edu/GRD_HD/SB/S1B_IW_GRDH_1SDV_20161202T104809_20161202T104834_003216_00579C_344F.zip",
    "JobID": "sentinel1-scenes",
    "StartTime": "2018-09-20T00:54:27.975956",
    "User": "ebduser"
}
-----------------------------------------------------------
{
    "Attributes": "",
    "Duration_hms": "0:24:21.555264",
    "Duration_sec": "1461.555264",
    "EndTime": "2018-09-20T01:18:06.237272",
    "Job": "seppo_recipe_processor.py -z -o s3://data.earth/sar/sentinel1/rtc/20.0m -r '${SEPPO_HOME}/recipies/gamma/recipe_sentinel1_grd.py -t -r' -i https://datapool.asf.alaska.edu/GRD_HD/SB/S1B_IW_GRDH_1SDV_20161003T104834_20161003T104900_002341_003F4E_FED8.zip",
    "JobID": "sentinel1-scenes",
    "StartTime": "2018-09-20T00:53:44.682008",
    "User": "ebduser"
}
-----------------------------------------------------------
{
    "Attributes": "",
    "Duration_hms": "0:22:31.460645",
    "Duration_sec": "1351.460645",
    "EndTime": "2018-09-20T01:18:12.863482",
    "Job": "seppo_recipe_processor.py -z -o s3://data.earth/sar/sentinel1/rtc/20.0m -r '${SEPPO_HOME}/recipies/gamma/recipe_sentinel1_grd.py -t -r' -i https://datapool.asf.alaska.edu/GRD_HD/SA/S1A_IW_GRDH_1SDV_20180906T223452_20180906T223517_023584_0291B3_D081.zip",
    "JobID": "sentinel1-scenes",
    "StartTime": "2018-09-20T00:55:41.402837",
    "User": "ebduser"
}
-----------------------------------------------------------
{
    "Attributes": "",
    "Duration_hms": "0:26:36.748308",
    "Duration_sec": "1596.748308",
    "EndTime": "2018-09-20T01:18:26.606636",
    "Job": "seppo_recipe_processor.py -z -o s3://data.earth/sar/sentinel1/rtc/20.0m -r '${SEPPO_HOME}/recipies/gamma/recipe_sentinel1_grd.py -t -r' -i https://datapool.asf.alaska.edu/GRD_HD/SB/S1B_IW_GRDH_1SDV_20170308T104830_20170308T104856_004616_0080C0_9D52.zip",
    "JobID": "sentinel1-scenes",
    "StartTime": "2018-09-20T00:51:49.858328",
    "User": "ebduser"
}
-----------------------------------------------------------
{
    "Attributes": "",
    "Duration_hms": "0:24:11.549082",
    "Duration_sec": "1451.549082",
    "EndTime": "2018-09-20T01:18:27.428061",
    "Job": "seppo_recipe_processor.py -z -o s3://data.earth/sar/sentinel1/rtc/20.0m -r '${SEPPO_HOME}/recipies/gamma/recipe_sentinel1_grd.py -t -r' -i https://datapool.asf.alaska.edu/GRD_HD/SB/S1B_IW_GRDH_1SDV_20180701T104818_20180701T104843_011616_0155B3_FD61.zip",
    "JobID": "sentinel1-scenes",
    "StartTime": "2018-09-20T00:54:15.878979",
    "User": "ebduser"
}
-----------------------------------------------------------
{
    "Attributes": "",
    "Duration_hms": "0:22:26.491097",
    "Duration_sec": "1346.491097",
    "EndTime": "2018-09-20T01:18:43.562458",
    "Job": "seppo_recipe_processor.py -z -o s3://data.earth/sar/sentinel1/rtc/20.0m -r '${SEPPO_HOME}/recipies/gamma/recipe_sentinel1_grd.py -t -r' -i https://datapool.asf.alaska.edu/GRD_HD/SA/S1A_IW_GRDH_1SDV_20180403T223443_20180403T223508_021309_024AB1_5EEC.zip",
    "JobID": "sentinel1-scenes",
    "StartTime": "2018-09-20T00:56:17.071361",
    "User": "ebduser"
}
-----------------------------------------------------------
{
    "Attributes": "",
    "Duration_hms": "0:26:11.699713",
    "Duration_sec": "1571.699713",
    "EndTime": "2018-09-20T01:18:44.652748",
    "Job": "seppo_recipe_processor.py -z -o s3://data.earth/sar/sentinel1/rtc/20.0m -r '${SEPPO_HOME}/recipies/gamma/recipe_sentinel1_grd.py -t -r' -i https://datapool.asf.alaska.edu/GRD_HD/SA/S1A_IW_GRDH_1SDV_20170126T223434_20170126T223503_015009_018840_01C5.zip",
    "JobID": "sentinel1-scenes",
    "StartTime": "2018-09-20T00:52:32.953035",
    "User": "ebduser"
}
-----------------------------------------------------------
{
    "Attributes": "",
    "Duration_hms": "0:23:01.466620",
    "Duration_sec": "1381.46662",
    "EndTime": "2018-09-20T01:18:51.122930",
    "Job": "seppo_recipe_processor.py -z -o s3://data.earth/sar/sentinel1/rtc/20.0m -r '${SEPPO_HOME}/recipies/gamma/recipe_sentinel1_grd.py -t -r' -i https://datapool.asf.alaska.edu/GRD_HD/SB/S1B_IW_GRDH_1SDV_20180830T104846_20180830T104911_012491_017094_BBEA.zip",
    "JobID": "sentinel1-scenes",
    "StartTime": "2018-09-20T00:55:49.656310",
    "User": "ebduser"
}
-----------------------------------------------------------
{
    "Attributes": "",
    "Duration_hms": "0:21:51.395287",
    "Duration_sec": "1311.395287",
    "EndTime": "2018-09-20T01:18:55.687389",
    "Job": "seppo_recipe_processor.py -z -o s3://data.earth/sar/sentinel1/rtc/20.0m -r '${SEPPO_HOME}/recipies/gamma/recipe_sentinel1_grd.py -t -r' -i https://datapool.asf.alaska.edu/GRD_HD/SA/S1A_IW_GRDH_1SDV_20180427T223444_20180427T223509_021659_02559C_B8BB.zip",
    "JobID": "sentinel1-scenes",
    "StartTime": "2018-09-20T00:57:04.292102",
    "User": "ebduser"
}
-----------------------------------------------------------
{
    "Attributes": "",
    "Duration_hms": "0:23:41.546990",
    "Duration_sec": "1421.54699",
    "EndTime": "2018-09-20T01:18:56.569005",
    "Job": "seppo_recipe_processor.py -z -o s3://data.earth/sar/sentinel1/rtc/20.0m -r '${SEPPO_HOME}/recipies/gamma/recipe_sentinel1_grd.py -t -r' -i https://datapool.asf.alaska.edu/GRD_HD/SB/S1B_IW_GRDH_1SDV_20170131T104806_20170131T104831_004091_00712B_2A19.zip",
    "JobID": "sentinel1-scenes",
    "StartTime": "2018-09-20T00:55:15.022015",
    "User": "ebduser"
}
-----------------------------------------------------------
{
    "Attributes": "",
    "Duration_hms": "0:24:01.529640",
    "Duration_sec": "1441.52964",
    "EndTime": "2018-09-20T01:19:00.932997",
    "Job": "seppo_recipe_processor.py -z -o s3://data.earth/sar/sentinel1/rtc/20.0m -r '${SEPPO_HOME}/recipies/gamma/recipe_sentinel1_grd.py -t -r' -i https://datapool.asf.alaska.edu/GRD_HD/SA/S1A_IW_GRDH_1SDV_20160903T104915_20160903T104941_012887_0145C1_A73B.zip",
    "JobID": "sentinel1-scenes",
    "StartTime": "2018-09-20T00:54:59.403357",
    "User": "ebduser"
}
-----------------------------------------------------------
{
    "Attributes": "",
    "Duration_hms": "0:23:46.574144",
    "Duration_sec": "1426.574144",
    "EndTime": "2018-09-20T01:19:10.156319",
    "Job": "seppo_recipe_processor.py -z -o s3://data.earth/sar/sentinel1/rtc/20.0m -r '${SEPPO_HOME}/recipies/gamma/recipe_sentinel1_grd.py -t -r' -i https://datapool.asf.alaska.edu/GRD_HD/SB/S1B_IW_GRDH_1SDV_20180514T104814_20180514T104839_010916_013F9C_BD99.zip",
    "JobID": "sentinel1-scenes",
    "StartTime": "2018-09-20T00:55:23.582175",
    "User": "ebduser"
}
-----------------------------------------------------------
{
    "Attributes": "",
    "Duration_hms": "0:24:01.584510",
    "Duration_sec": "1441.58451",
    "EndTime": "2018-09-20T01:19:12.926279",
    "Job": "seppo_recipe_processor.py -z -o s3://data.earth/sar/sentinel1/rtc/20.0m -r '${SEPPO_HOME}/recipies/gamma/recipe_sentinel1_grd.py -t -r' -i https://datapool.asf.alaska.edu/GRD_HD/SA/S1A_IW_GRDH_1SDV_20170502T223500_20170502T223525_016409_01B2CD_3C65.zip",
    "JobID": "sentinel1-scenes",
    "StartTime": "2018-09-20T00:55:11.341769",
    "User": "ebduser"
}
-----------------------------------------------------------
{
    "Attributes": "",
    "Duration_hms": "0:23:36.525187",
    "Duration_sec": "1416.525187",
    "EndTime": "2018-09-20T01:19:13.561836",
    "Job": "seppo_recipe_processor.py -z -o s3://data.earth/sar/sentinel1/rtc/20.0m -r '${SEPPO_HOME}/recipies/gamma/recipe_sentinel1_grd.py -t -r' -i https://datapool.asf.alaska.edu/GRD_HD/SB/S1B_IW_GRDH_1SDV_20161003T104809_20161003T104834_002341_003F4E_4E22.zip",
    "JobID": "sentinel1-scenes",
    "StartTime": "2018-09-20T00:55:37.036649",
    "User": "ebduser"
}
-----------------------------------------------------------
{
    "Attributes": "",
    "Duration_hms": "0:22:56.479350",
    "Duration_sec": "1376.47935",
    "EndTime": "2018-09-20T01:19:16.053295",
    "Job": "seppo_recipe_processor.py -z -o s3://data.earth/sar/sentinel1/rtc/20.0m -r '${SEPPO_HOME}/recipies/gamma/recipe_sentinel1_grd.py -t -r' -i https://datapool.asf.alaska.edu/GRD_HD/SB/S1B_IW_GRDH_1SDV_20180725T104844_20180725T104909_011966_01606C_5A50.zip",
    "JobID": "sentinel1-scenes",
    "StartTime": "2018-09-20T00:56:19.573945",
    "User": "ebduser"
}
-----------------------------------------------------------
{
    "Attributes": "",
    "Duration_hms": "0:25:56.687135",
    "Duration_sec": "1556.687135",
    "EndTime": "2018-09-20T01:19:21.384231",
    "Job": "seppo_recipe_processor.py -z -o s3://data.earth/sar/sentinel1/rtc/20.0m -r '${SEPPO_HOME}/recipies/gamma/recipe_sentinel1_grd.py -t -r' -i https://datapool.asf.alaska.edu/GRD_HD/SA/S1A_IW_GRDH_1SDV_20170315T223437_20170315T223506_015709_019DAE_9635.zip",
    "JobID": "sentinel1-scenes",
    "StartTime": "2018-09-20T00:53:24.697096",
    "User": "ebduser"
}
-----------------------------------------------------------
{
    "Attributes": "",
    "Duration_hms": "0:22:26.416579",
    "Duration_sec": "1346.416579",
    "EndTime": "2018-09-20T01:19:22.128280",
    "Job": "seppo_recipe_processor.py -z -o s3://data.earth/sar/sentinel1/rtc/20.0m -r '${SEPPO_HOME}/recipies/gamma/recipe_sentinel1_grd.py -t -r' -i https://datapool.asf.alaska.edu/GRD_HD/SB/S1B_IW_GRDH_1SDV_20180713T104843_20180713T104908_011791_015B1C_DB04.zip",
    "JobID": "sentinel1-scenes",
    "StartTime": "2018-09-20T00:56:55.711701",
    "User": "ebduser"
}
-----------------------------------------------------------
{
    "Attributes": "",
    "Duration_hms": "0:22:36.777427",
    "Duration_sec": "1356.777427",
    "EndTime": "2018-09-20T01:19:22.695453",
    "Job": "seppo_recipe_processor.py -z -o s3://data.earth/sar/sentinel1/rtc/20.0m -r '${SEPPO_HOME}/recipies/gamma/recipe_sentinel1_grd.py -t -r' -i https://datapool.asf.alaska.edu/GRD_HD/SA/S1A_IW_GRDH_1SDV_20170327T223436_20170327T223501_015884_01A2E8_EB50.zip",
    "JobID": "sentinel1-scenes",
    "StartTime": "2018-09-20T00:56:45.918026",
    "User": "ebduser"
}
-----------------------------------------------------------
{
    "Attributes": "",
    "Duration_hms": "0:31:27.052439",
    "Duration_sec": "1887.052439",
    "EndTime": "2018-09-20T01:19:28.849805",
    "Job": "seppo_recipe_processor.py -z -o s3://data.earth/sar/sentinel1/rtc/20.0m -r '${SEPPO_HOME}/recipies/gamma/recipe_sentinel1_grd.py -t -r' -i https://datapool.asf.alaska.edu/GRD_HD/SA/S1A_IW_GRDH_1SDV_20160928T223438_20160928T223507_013259_0151D5_602F.zip",
    "JobID": "sentinel1-scenes",
    "StartTime": "2018-09-20T00:48:01.797366",
    "User": "ebduser"
}
-----------------------------------------------------------
{
    "Attributes": "",
    "Duration_hms": "0:23:31.534670",
    "Duration_sec": "1411.53467",
    "EndTime": "2018-09-20T01:19:31.126140",
    "Job": "seppo_recipe_processor.py -z -o s3://data.earth/sar/sentinel1/rtc/20.0m -r '${SEPPO_HOME}/recipies/gamma/recipe_sentinel1_grd.py -t -r' -i https://datapool.asf.alaska.edu/GRD_HD/SB/S1B_IW_GRDH_1SDV_20170425T104807_20170425T104832_005316_00950E_F9B7.zip",
    "JobID": "sentinel1-scenes",
    "StartTime": "2018-09-20T00:55:59.591470",
    "User": "ebduser"
}
-----------------------------------------------------------
{
    "Attributes": "",
    "Duration_hms": "0:23:21.536830",
    "Duration_sec": "1401.53683",
    "EndTime": "2018-09-20T01:19:34.149621",
    "Job": "seppo_recipe_processor.py -z -o s3://data.earth/sar/sentinel1/rtc/20.0m -r '${SEPPO_HOME}/recipies/gamma/recipe_sentinel1_grd.py -t -r' -i https://datapool.asf.alaska.edu/GRD_HD/SA/S1A_IW_GRDH_1SDV_20170713T223504_20170713T223529_017459_01D2E6_5F28.zip",
    "JobID": "sentinel1-scenes",
    "StartTime": "2018-09-20T00:56:12.612791",
    "User": "ebduser"
}
-----------------------------------------------------------
{
    "Attributes": "",
    "Duration_hms": "0:22:41.437772",
    "Duration_sec": "1361.437772",
    "EndTime": "2018-09-20T01:19:35.875334",
    "Job": "seppo_recipe_processor.py -z -o s3://data.earth/sar/sentinel1/rtc/20.0m -r '${SEPPO_HOME}/recipies/gamma/recipe_sentinel1_grd.py -t -r' -i https://datapool.asf.alaska.edu/GRD_HD/SB/S1B_IW_GRDH_1SDV_20171010T104815_20171010T104840_007766_00DB71_4CCE.zip",
    "JobID": "sentinel1-scenes",
    "StartTime": "2018-09-20T00:56:54.437562",
    "User": "ebduser"
}
-----------------------------------------------------------
{
    "Attributes": "",
    "Duration_hms": "0:22:16.483211",
    "Duration_sec": "1336.483211",
    "EndTime": "2018-09-20T01:19:44.774999",
    "Job": "seppo_recipe_processor.py -z -o s3://data.earth/sar/sentinel1/rtc/20.0m -r '${SEPPO_HOME}/recipies/gamma/recipe_sentinel1_grd.py -t -r' -i https://datapool.asf.alaska.edu/GRD_HD/SA/S1A_IW_GRDH_1SDV_20180825T223451_20180825T223516_023409_028C1D_A6DA.zip",
    "JobID": "sentinel1-scenes",
    "StartTime": "2018-09-20T00:57:28.291788",
    "User": "ebduser"
}
-----------------------------------------------------------
{
    "Attributes": "",
    "Duration_hms": "0:24:16.561188",
    "Duration_sec": "1456.561188",
    "EndTime": "2018-09-20T01:19:48.808923",
    "Job": "seppo_recipe_processor.py -z -o s3://data.earth/sar/sentinel1/rtc/20.0m -r '${SEPPO_HOME}/recipies/gamma/recipe_sentinel1_grd.py -t -r' -i https://datapool.asf.alaska.edu/GRD_HD/SB/S1B_IW_GRDH_1SDV_20170308T104805_20170308T104830_004616_0080C0_D0CF.zip",
    "JobID": "sentinel1-scenes",
    "StartTime": "2018-09-20T00:55:32.247735",
    "User": "ebduser"
}
-----------------------------------------------------------
{
    "Attributes": "",
    "Duration_hms": "0:22:06.407130",
    "Duration_sec": "1326.40713",
    "EndTime": "2018-09-20T01:20:00.432378",
    "Job": "seppo_recipe_processor.py -z -o s3://data.earth/sar/sentinel1/rtc/20.0m -r '${SEPPO_HOME}/recipies/gamma/recipe_sentinel1_grd.py -t -r' -i https://datapool.asf.alaska.edu/GRD_HD/SB/S1B_IW_GRDH_1SDV_20171103T104832_20171103T104857_008116_00E571_168F.zip",
    "JobID": "sentinel1-scenes",
    "StartTime": "2018-09-20T00:57:54.025248",
    "User": "ebduser"
}
-----------------------------------------------------------
{
    "Attributes": "",
    "Duration_hms": "0:25:41.624573",
    "Duration_sec": "1541.624573",
    "EndTime": "2018-09-20T01:20:01.743665",
    "Job": "seppo_recipe_processor.py -z -o s3://data.earth/sar/sentinel1/rtc/20.0m -r '${SEPPO_HOME}/recipies/gamma/recipe_sentinel1_grd.py -t -r' -i https://datapool.asf.alaska.edu/GRD_HD/SA/S1A_IW_GRDH_1SDV_20171110T223443_20171110T223513_019209_020864_41C0.zip",
    "JobID": "sentinel1-scenes",
    "StartTime": "2018-09-20T00:54:20.119092",
    "User": "ebduser"
}
-----------------------------------------------------------
{
    "Attributes": "",
    "Duration_hms": "0:29:11.862897",
    "Duration_sec": "1751.862897",
    "EndTime": "2018-09-20T01:20:02.078795",
    "Job": "seppo_recipe_processor.py -z -o s3://data.earth/sar/sentinel1/rtc/20.0m -r '${SEPPO_HOME}/recipies/gamma/recipe_sentinel1_grd.py -t -r' -i https://datapool.asf.alaska.edu/GRD_HD/SA/S1A_IW_GRDH_1SDV_20170526T223432_20170526T223501_016759_01BD80_8CF2.zip",
    "JobID": "sentinel1-scenes",
    "StartTime": "2018-09-20T00:50:50.215898",
    "User": "ebduser"
}
-----------------------------------------------------------
{
    "Attributes": "",
    "Duration_hms": "0:23:21.476738",
    "Duration_sec": "1401.476738",
    "EndTime": "2018-09-20T01:20:08.685131",
    "Job": "seppo_recipe_processor.py -z -o s3://data.earth/sar/sentinel1/rtc/20.0m -r '${SEPPO_HOME}/recipies/gamma/recipe_sentinel1_grd.py -t -r' -i https://datapool.asf.alaska.edu/GRD_HD/SB/S1B_IW_GRDH_1SDV_20161214T104808_20161214T104833_003391_005CA9_6497.zip",
    "JobID": "sentinel1-scenes",
    "StartTime": "2018-09-20T00:56:47.208393",
    "User": "ebduser"
}
-----------------------------------------------------------
{
    "Attributes": "",
    "Duration_hms": "0:22:36.434897",
    "Duration_sec": "1356.434897",
    "EndTime": "2018-09-20T01:20:10.431781",
    "Job": "seppo_recipe_processor.py -z -o s3://data.earth/sar/sentinel1/rtc/20.0m -r '${SEPPO_HOME}/recipies/gamma/recipe_sentinel1_grd.py -t -r' -i https://datapool.asf.alaska.edu/GRD_HD/SB/S1B_IW_GRDH_1SDV_20171127T104815_20171127T104840_008466_00F00D_DE08.zip",
    "JobID": "sentinel1-scenes",
    "StartTime": "2018-09-20T00:57:33.996884",
    "User": "ebduser"
}
-----------------------------------------------------------
{
    "Attributes": "",
    "Duration_hms": "0:23:51.544595",
    "Duration_sec": "1431.544595",
    "EndTime": "2018-09-20T01:20:12.903406",
    "Job": "seppo_recipe_processor.py -z -o s3://data.earth/sar/sentinel1/rtc/20.0m -r '${SEPPO_HOME}/recipies/gamma/recipe_sentinel1_grd.py -t -r' -i https://datapool.asf.alaska.edu/GRD_HD/SB/S1B_IW_GRDH_1SDV_20161015T104809_20161015T104834_002516_0043F1_CE42.zip",
    "JobID": "sentinel1-scenes",
    "StartTime": "2018-09-20T00:56:21.358811",
    "User": "ebduser"
}
-----------------------------------------------------------
{
    "Attributes": "",
    "Duration_hms": "0:24:06.585298",
    "Duration_sec": "1446.585298",
    "EndTime": "2018-09-20T01:20:14.806574",
    "Job": "seppo_recipe_processor.py -z -o s3://data.earth/sar/sentinel1/rtc/20.0m -r '${SEPPO_HOME}/recipies/gamma/recipe_sentinel1_grd.py -t -r' -i https://datapool.asf.alaska.edu/GRD_HD/SB/S1B_IW_GRDH_1SDV_20161214T104833_20161214T104859_003391_005CA9_5A0B.zip",
    "JobID": "sentinel1-scenes",
    "StartTime": "2018-09-20T00:56:08.221276",
    "User": "ebduser"
}
-----------------------------------------------------------
{
    "Attributes": "",
    "Duration_hms": "0:21:41.382063",
    "Duration_sec": "1301.382063",
    "EndTime": "2018-09-20T01:20:23.154077",
    "Job": "seppo_recipe_processor.py -z -o s3://data.earth/sar/sentinel1/rtc/20.0m -r '${SEPPO_HOME}/recipies/gamma/recipe_sentinel1_grd.py -t -r' -i https://datapool.asf.alaska.edu/GRD_HD/SA/S1A_IW_GRDH_1SDV_20180918T223452_20180918T223517_023759_02974F_F4BB.zip",
    "JobID": "sentinel1-scenes",
    "StartTime": "2018-09-20T00:58:41.772014",
    "User": "ebduser"
}
-----------------------------------------------------------
{
    "Attributes": "",
    "Duration_hms": "0:23:16.501731",
    "Duration_sec": "1396.501731",
    "EndTime": "2018-09-20T01:20:25.015933",
    "Job": "seppo_recipe_processor.py -z -o s3://data.earth/sar/sentinel1/rtc/20.0m -r '${SEPPO_HOME}/recipies/gamma/recipe_sentinel1_grd.py -t -r' -i https://datapool.asf.alaska.edu/GRD_HD/SB/S1B_IW_GRDH_1SDV_20180830T104821_20180830T104846_012491_017094_DB7B.zip",
    "JobID": "sentinel1-scenes",
    "StartTime": "2018-09-20T00:57:08.514202",
    "User": "ebduser"
}
-----------------------------------------------------------
{
    "Attributes": "",
    "Duration_hms": "0:22:06.417619",
    "Duration_sec": "1326.417619",
    "EndTime": "2018-09-20T01:20:26.318039",
    "Job": "seppo_recipe_processor.py -z -o s3://data.earth/sar/sentinel1/rtc/20.0m -r '${SEPPO_HOME}/recipies/gamma/recipe_sentinel1_grd.py -t -r' -i https://datapool.asf.alaska.edu/GRD_HD/SA/S1A_IW_GRDH_1SDV_20180801T223449_20180801T223514_023059_0280DF_A0EE.zip",
    "JobID": "sentinel1-scenes",
    "StartTime": "2018-09-20T00:58:19.900420",
    "User": "ebduser"
}
-----------------------------------------------------------
{
    "Attributes": "",
    "Duration_hms": "0:22:36.446984",
    "Duration_sec": "1356.446984",
    "EndTime": "2018-09-20T01:20:31.921531",
    "Job": "seppo_recipe_processor.py -z -o s3://data.earth/sar/sentinel1/rtc/20.0m -r '${SEPPO_HOME}/recipies/gamma/recipe_sentinel1_grd.py -t -r' -i https://datapool.asf.alaska.edu/GRD_HD/SB/S1B_IW_GRDH_1SDV_20180607T104841_20180607T104906_011266_014ADC_D14E.zip",
    "JobID": "sentinel1-scenes",
    "StartTime": "2018-09-20T00:57:55.474547",
    "User": "ebduser"
}
-----------------------------------------------------------
{
    "Attributes": "",
    "Duration_hms": "0:22:11.390458",
    "Duration_sec": "1331.390458",
    "EndTime": "2018-09-20T01:20:44.271580",
    "Job": "seppo_recipe_processor.py -z -o s3://data.earth/sar/sentinel1/rtc/20.0m -r '${SEPPO_HOME}/recipies/gamma/recipe_sentinel1_grd.py -t -r' -i https://datapool.asf.alaska.edu/GRD_HD/SB/S1B_IW_GRDH_1SDV_20180408T104813_20180408T104838_010391_012EC0_E1F0.zip",
    "JobID": "sentinel1-scenes",
    "StartTime": "2018-09-20T00:58:32.881122",
    "User": "ebduser"
}
-----------------------------------------------------------
{
    "Attributes": "",
    "Duration_hms": "0:21:46.373571",
    "Duration_sec": "1306.373571",
    "EndTime": "2018-09-20T01:20:45.558885",
    "Job": "seppo_recipe_processor.py -z -o s3://data.earth/sar/sentinel1/rtc/20.0m -r '${SEPPO_HOME}/recipies/gamma/recipe_sentinel1_grd.py -t -r' -i https://datapool.asf.alaska.edu/GRD_HD/SA/S1A_IW_GRDH_1SDV_20170303T223436_20170303T223501_015534_01986C_0B07.zip",
    "JobID": "sentinel1-scenes",
    "StartTime": "2018-09-20T00:58:59.185314",
    "User": "ebduser"
}
-----------------------------------------------------------
{
    "Attributes": "",
    "Duration_hms": "0:22:56.428261",
    "Duration_sec": "1376.428261",
    "EndTime": "2018-09-20T01:20:46.169693",
    "Job": "seppo_recipe_processor.py -z -o s3://data.earth/sar/sentinel1/rtc/20.0m -r '${SEPPO_HOME}/recipies/gamma/recipe_sentinel1_grd.py -t -r' -i https://datapool.asf.alaska.edu/GRD_HD/SB/S1B_IW_GRDH_1SDV_20180619T104842_20180619T104907_011441_015043_3E98.zip",
    "JobID": "sentinel1-scenes",
    "StartTime": "2018-09-20T00:57:49.741432",
    "User": "ebduser"
}
-----------------------------------------------------------
{
    "Attributes": "",
    "Duration_hms": "0:23:26.552334",
    "Duration_sec": "1406.552334",
    "EndTime": "2018-09-20T01:20:46.521139",
    "Job": "seppo_recipe_processor.py -z -o s3://data.earth/sar/sentinel1/rtc/20.0m -r '${SEPPO_HOME}/recipies/gamma/recipe_sentinel1_grd.py -t -r' -i https://datapool.asf.alaska.edu/GRD_HD/SB/S1B_IW_GRDH_1SDV_20161015T104834_20161015T104900_002516_0043F1_D13F.zip",
    "JobID": "sentinel1-scenes",
    "StartTime": "2018-09-20T00:57:19.968805",
    "User": "ebduser"
}
-----------------------------------------------------------
{
    "Attributes": "",
    "Duration_hms": "0:22:31.440439",
    "Duration_sec": "1351.440439",
    "EndTime": "2018-09-20T01:20:51.678958",
    "Job": "seppo_recipe_processor.py -z -o s3://data.earth/sar/sentinel1/rtc/20.0m -r '${SEPPO_HOME}/recipies/gamma/recipe_sentinel1_grd.py -t -r' -i https://datapool.asf.alaska.edu/GRD_HD/SB/S1B_IW_GRDH_1SDV_20171221T104814_20171221T104839_008816_00FB2B_2D3E.zip",
    "JobID": "sentinel1-scenes",
    "StartTime": "2018-09-20T00:58:20.238519",
    "User": "ebduser"
}
-----------------------------------------------------------
{
    "Attributes": "",
    "Duration_hms": "0:23:11.511122",
    "Duration_sec": "1391.511122",
    "EndTime": "2018-09-20T01:20:52.989997",
    "Job": "seppo_recipe_processor.py -z -o s3://data.earth/sar/sentinel1/rtc/20.0m -r '${SEPPO_HOME}/recipies/gamma/recipe_sentinel1_grd.py -t -r' -i https://datapool.asf.alaska.edu/GRD_HD/SB/S1B_IW_GRDH_1SDV_20180114T104813_20180114T104838_009166_010688_5310.zip",
    "JobID": "sentinel1-scenes",
    "StartTime": "2018-09-20T00:57:41.478875",
    "User": "ebduser"
}
-----------------------------------------------------------
{
    "Attributes": "",
    "Duration_hms": "0:22:11.414611",
    "Duration_sec": "1331.414611",
    "EndTime": "2018-09-20T01:20:57.552234",
    "Job": "seppo_recipe_processor.py -z -o s3://data.earth/sar/sentinel1/rtc/20.0m -r '${SEPPO_HOME}/recipies/gamma/recipe_sentinel1_grd.py -t -r' -i https://datapool.asf.alaska.edu/GRD_HD/SA/S1A_IW_GRDH_1SDV_20180720T223449_20180720T223514_022884_027B57_9D32.zip",
    "JobID": "sentinel1-scenes",
    "StartTime": "2018-09-20T00:58:46.137623",
    "User": "ebduser"
}
-----------------------------------------------------------
{
    "Attributes": "",
    "Duration_hms": "0:22:36.467153",
    "Duration_sec": "1356.467153",
    "EndTime": "2018-09-20T01:21:01.874791",
    "Job": "seppo_recipe_processor.py -z -o s3://data.earth/sar/sentinel1/rtc/20.0m -r '${SEPPO_HOME}/recipies/gamma/recipe_sentinel1_grd.py -t -r' -i https://datapool.asf.alaska.edu/GRD_HD/SB/S1B_IW_GRDH_1SDV_20161027T104834_20161027T104900_002691_0048DF_E6E0.zip",
    "JobID": "sentinel1-scenes",
    "StartTime": "2018-09-20T00:58:25.407638",
    "User": "ebduser"
}
-----------------------------------------------------------
{
    "Attributes": "",
    "Duration_hms": "0:21:41.352906",
    "Duration_sec": "1301.352906",
    "EndTime": "2018-09-20T01:21:05.776807",
    "Job": "seppo_recipe_processor.py -z -o s3://data.earth/sar/sentinel1/rtc/20.0m -r '${SEPPO_HOME}/recipies/gamma/recipe_sentinel1_grd.py -t -r' -i https://datapool.asf.alaska.edu/GRD_HD/SA/S1A_IW_GRDH_1SDV_20180214T223443_20180214T223508_020609_023486_FBFA.zip",
    "JobID": "sentinel1-scenes",
    "StartTime": "2018-09-20T00:59:24.423901",
    "User": "ebduser"
}
-----------------------------------------------------------
{
    "Attributes": "",
    "Duration_hms": "0:22:21.417480",
    "Duration_sec": "1341.41748",
    "EndTime": "2018-09-20T01:21:11.786864",
    "Job": "seppo_recipe_processor.py -z -o s3://data.earth/sar/sentinel1/rtc/20.0m -r '${SEPPO_HOME}/recipies/gamma/recipe_sentinel1_grd.py -t -r' -i https://datapool.asf.alaska.edu/GRD_HD/SB/S1B_IW_GRDH_1SDV_20180327T104812_20180327T104837_010216_01290B_284D.zip",
    "JobID": "sentinel1-scenes",
    "StartTime": "2018-09-20T00:58:50.369384",
    "User": "ebduser"
}
-----------------------------------------------------------
{
    "Attributes": "",
    "Duration_hms": "0:23:11.508785",
    "Duration_sec": "1391.508785",
    "EndTime": "2018-09-20T01:21:15.588688",
    "Job": "seppo_recipe_processor.py -z -o s3://data.earth/sar/sentinel1/rtc/20.0m -r '${SEPPO_HOME}/recipies/gamma/recipe_sentinel1_grd.py -t -r' -i https://datapool.asf.alaska.edu/GRD_HD/SB/S1B_IW_GRDH_1SDV_20180420T104813_20180420T104838_010566_01344F_0EB9.zip",
    "JobID": "sentinel1-scenes",
    "StartTime": "2018-09-20T00:58:04.079903",
    "User": "ebduser"
}
-----------------------------------------------------------
{
    "Attributes": "",
    "Duration_hms": "0:22:06.402882",
    "Duration_sec": "1326.402882",
    "EndTime": "2018-09-20T01:21:18.193584",
    "Job": "seppo_recipe_processor.py -z -o s3://data.earth/sar/sentinel1/rtc/20.0m -r '${SEPPO_HOME}/recipies/gamma/recipe_sentinel1_grd.py -t -r' -i https://datapool.asf.alaska.edu/GRD_HD/SB/S1B_IW_GRDH_1SDV_20180911T104846_20180911T104911_012666_0175F6_BF1F.zip",
    "JobID": "sentinel1-scenes",
    "StartTime": "2018-09-20T00:59:11.790702",
    "User": "ebduser"
}
-----------------------------------------------------------
{
    "Attributes": "",
    "Duration_hms": "0:21:11.309215",
    "Duration_sec": "1271.309215",
    "EndTime": "2018-09-20T01:21:18.719147",
    "Job": "seppo_recipe_processor.py -z -o s3://data.earth/sar/sentinel1/rtc/20.0m -r '${SEPPO_HOME}/recipies/gamma/recipe_sentinel1_grd.py -t -r' -i https://datapool.asf.alaska.edu/GRD_HD/SA/S1A_IW_GRDH_1SDV_20180602T223446_20180602T223511_022184_02664C_E0C1.zip",
    "JobID": "sentinel1-scenes",
    "StartTime": "2018-09-20T01:00:07.409932",
    "User": "ebduser"
}
-----------------------------------------------------------
{
    "Attributes": "",
    "Duration_hms": "0:27:11.743941",
    "Duration_sec": "1631.743941",
    "EndTime": "2018-09-20T01:21:18.811740",
    "Job": "seppo_recipe_processor.py -z -o s3://data.earth/sar/sentinel1/rtc/20.0m -r '${SEPPO_HOME}/recipies/gamma/recipe_sentinel1_grd.py -t -r' -i https://datapool.asf.alaska.edu/GRD_HD/SA/S1A_IW_GRDH_1SDV_20170701T223434_20170701T223503_017284_01CD9C_8D22.zip",
    "JobID": "sentinel1-scenes",
    "StartTime": "2018-09-20T00:54:07.067799",
    "User": "ebduser"
}
-----------------------------------------------------------
{
    "Attributes": "",
    "Duration_hms": "0:23:11.478854",
    "Duration_sec": "1391.478854",
    "EndTime": "2018-09-20T01:21:24.133013",
    "Job": "seppo_recipe_processor.py -z -o s3://data.earth/sar/sentinel1/rtc/20.0m -r '${SEPPO_HOME}/recipies/gamma/recipe_sentinel1_grd.py -t -r' -i https://datapool.asf.alaska.edu/GRD_HD/SB/S1B_IW_GRDH_1SDV_20180818T104820_20180818T104845_012316_016B28_843B.zip",
    "JobID": "sentinel1-scenes",
    "StartTime": "2018-09-20T00:58:12.654159",
    "User": "ebduser"
}
-----------------------------------------------------------
{
    "Attributes": "",
    "Duration_hms": "0:20:46.284307",
    "Duration_sec": "1246.284307",
    "EndTime": "2018-09-20T01:21:30.839024",
    "Job": "seppo_recipe_processor.py -z -o s3://data.earth/sar/sentinel1/rtc/20.0m -r '${SEPPO_HOME}/recipies/gamma/recipe_sentinel1_grd.py -t -r' -i https://datapool.asf.alaska.edu/GRD_HD/SA/S1A_IW_GRDH_1SDV_20170219T223436_20170219T223501_015359_019321_253C.zip",
    "JobID": "sentinel1-scenes",
    "StartTime": "2018-09-20T01:00:44.554717",
    "User": "ebduser"
}
-----------------------------------------------------------
{
    "Attributes": "",
    "Duration_hms": "0:22:16.462829",
    "Duration_sec": "1336.462829",
    "EndTime": "2018-09-20T01:21:32.461053",
    "Job": "seppo_recipe_processor.py -z -o s3://data.earth/sar/sentinel1/rtc/20.0m -r '${SEPPO_HOME}/recipies/gamma/recipe_sentinel1_grd.py -t -r' -i https://datapool.asf.alaska.edu/GRD_HD/SB/S1B_IW_GRDH_1SDV_20161108T104834_20161108T104900_002866_004DBB_35AA.zip",
    "JobID": "sentinel1-scenes",
    "StartTime": "2018-09-20T00:59:15.998224",
    "User": "ebduser"
}
-----------------------------------------------------------
{
    "Attributes": "",
    "Duration_hms": "0:20:56.328909",
    "Duration_sec": "1256.328909",
    "EndTime": "2018-09-20T01:21:33.535875",
    "Job": "seppo_recipe_processor.py -z -o s3://data.earth/sar/sentinel1/rtc/20.0m -r '${SEPPO_HOME}/recipies/gamma/recipe_sentinel1_grd.py -t -r' -i https://datapool.asf.alaska.edu/GRD_HD/SA/S1A_IW_GRDH_1SDV_20180226T223442_20180226T223507_020784_023A1D_1103.zip",
    "JobID": "sentinel1-scenes",
    "StartTime": "2018-09-20T01:00:37.206966",
    "User": "ebduser"
}
-----------------------------------------------------------
{
    "Attributes": "",
    "Duration_hms": "0:21:31.359558",
    "Duration_sec": "1291.359558",
    "EndTime": "2018-09-20T01:21:34.415820",
    "Job": "seppo_recipe_processor.py -z -o s3://data.earth/sar/sentinel1/rtc/20.0m -r '${SEPPO_HOME}/recipies/gamma/recipe_sentinel1_grd.py -t -r' -i https://datapool.asf.alaska.edu/GRD_HD/SA/S1A_IW_GRDH_1SDV_20180708T223448_20180708T223513_022709_0275FB_B064.zip",
    "JobID": "sentinel1-scenes",
    "StartTime": "2018-09-20T01:00:03.056262",
    "User": "ebduser"
}
-----------------------------------------------------------
{
    "Attributes": "",
    "Duration_hms": "0:21:01.320042",
    "Duration_sec": "1261.320042",
    "EndTime": "2018-09-20T01:21:34.750008",
    "Job": "seppo_recipe_processor.py -z -o s3://data.earth/sar/sentinel1/rtc/20.0m -r '${SEPPO_HOME}/recipies/gamma/recipe_sentinel1_grd.py -t -r' -i https://datapool.asf.alaska.edu/GRD_HD/SA/S1A_IW_GRDH_1SDV_20180521T223445_20180521T223510_022009_0260C0_4CC1.zip",
    "JobID": "sentinel1-scenes",
    "StartTime": "2018-09-20T01:00:33.429966",
    "User": "ebduser"
}
-----------------------------------------------------------
{
    "Attributes": "",
    "Duration_hms": "0:22:31.522816",
    "Duration_sec": "1351.522816",
    "EndTime": "2018-09-20T01:21:39.200468",
    "Job": "seppo_recipe_processor.py -z -o s3://data.earth/sar/sentinel1/rtc/20.0m -r '${SEPPO_HOME}/recipies/gamma/recipe_sentinel1_grd.py -t -r' -i https://datapool.asf.alaska.edu/GRD_HD/SB/S1B_IW_GRDH_1SDV_20180303T104837_20180303T104903_009866_011D91_8500.zip",
    "JobID": "sentinel1-scenes",
    "StartTime": "2018-09-20T00:59:07.677652",
    "User": "ebduser"
}
-----------------------------------------------------------
{
    "Attributes": "",
    "Duration_hms": "0:22:11.399409",
    "Duration_sec": "1331.399409",
    "EndTime": "2018-09-20T01:21:40.166126",
    "Job": "seppo_recipe_processor.py -z -o s3://data.earth/sar/sentinel1/rtc/20.0m -r '${SEPPO_HOME}/recipies/gamma/recipe_sentinel1_grd.py -t -r' -i https://datapool.asf.alaska.edu/GRD_HD/SB/S1B_IW_GRDH_1SDV_20170823T104839_20170823T104904_007066_00C72C_6916.zip",
    "JobID": "sentinel1-scenes",
    "StartTime": "2018-09-20T00:59:28.766717",
    "User": "ebduser"
}
-----------------------------------------------------------
{
    "Attributes": "",
    "Duration_hms": "0:21:51.372775",
    "Duration_sec": "1311.372775",
    "EndTime": "2018-09-20T01:21:46.106756",
    "Job": "seppo_recipe_processor.py -z -o s3://data.earth/sar/sentinel1/rtc/20.0m -r '${SEPPO_HOME}/recipies/gamma/recipe_sentinel1_grd.py -t -r' -i https://datapool.asf.alaska.edu/GRD_HD/SB/S1B_IW_GRDH_1SDV_20180911T104821_20180911T104846_012666_0175F6_C175.zip",
    "JobID": "sentinel1-scenes",
    "StartTime": "2018-09-20T00:59:54.733981",
    "User": "ebduser"
}
-----------------------------------------------------------
{
    "Attributes": "",
    "Duration_hms": "0:22:56.428653",
    "Duration_sec": "1376.428653",
    "EndTime": "2018-09-20T01:21:51.089751",
    "Job": "seppo_recipe_processor.py -z -o s3://data.earth/sar/sentinel1/rtc/20.0m -r '${SEPPO_HOME}/recipies/gamma/recipe_sentinel1_grd.py -t -r' -i https://datapool.asf.alaska.edu/GRD_HD/SA/S1A_IW_GRDH_1SDV_20170526T223501_20170526T223526_016759_01BD80_0095.zip",
    "JobID": "sentinel1-scenes",
    "StartTime": "2018-09-20T00:58:54.661098",
    "User": "ebduser"
}
-----------------------------------------------------------
{
    "Attributes": "",
    "Duration_hms": "0:23:36.509562",
    "Duration_sec": "1416.509562",
    "EndTime": "2018-09-20T01:21:52.125927",
    "Job": "seppo_recipe_processor.py -z -o s3://data.earth/sar/sentinel1/rtc/20.0m -r '${SEPPO_HOME}/recipies/gamma/recipe_sentinel1_grd.py -t -r' -i https://datapool.asf.alaska.edu/GRD_HD/SB/S1B_IW_GRDH_1SDV_20170519T104808_20170519T104833_005666_009ECB_B6C5.zip",
    "JobID": "sentinel1-scenes",
    "StartTime": "2018-09-20T00:58:15.616365",
    "User": "ebduser"
}
-----------------------------------------------------------
{
    "Attributes": "",
    "Duration_hms": "0:21:26.363290",
    "Duration_sec": "1286.36329",
    "EndTime": "2018-09-20T01:21:55.592485",
    "Job": "seppo_recipe_processor.py -z -o s3://data.earth/sar/sentinel1/rtc/20.0m -r '${SEPPO_HOME}/recipies/gamma/recipe_sentinel1_grd.py -t -r' -i https://datapool.asf.alaska.edu/GRD_HD/SA/S1A_IW_GRDH_1SDV_20180415T223443_20180415T223508_021484_025024_8653.zip",
    "JobID": "sentinel1-scenes",
    "StartTime": "2018-09-20T01:00:29.229195",
    "User": "ebduser"
}
-----------------------------------------------------------
{
    "Attributes": "",
    "Duration_hms": "0:21:56.385464",
    "Duration_sec": "1316.385464",
    "EndTime": "2018-09-20T01:21:59.785942",
    "Job": "seppo_recipe_processor.py -z -o s3://data.earth/sar/sentinel1/rtc/20.0m -r '${SEPPO_HOME}/recipies/gamma/recipe_sentinel1_grd.py -t -r' -i https://datapool.asf.alaska.edu/GRD_HD/SA/S1A_IW_GRDH_1SDV_20170408T223458_20170408T223523_016059_01A825_29BE.zip",
    "JobID": "sentinel1-scenes",
    "StartTime": "2018-09-20T01:00:03.400478",
    "User": "ebduser"
}
-----------------------------------------------------------
{
    "Attributes": "",
    "Duration_hms": "0:21:51.346283",
    "Duration_sec": "1311.346283",
    "EndTime": "2018-09-20T01:22:16.203961",
    "Job": "seppo_recipe_processor.py -z -o s3://data.earth/sar/sentinel1/rtc/20.0m -r '${SEPPO_HOME}/recipies/gamma/recipe_sentinel1_grd.py -t -r' -i https://datapool.asf.alaska.edu/GRD_HD/SB/S1B_IW_GRDH_1SDV_20161226T104808_20161226T104833_003566_00619B_2313.zip",
    "JobID": "sentinel1-scenes",
    "StartTime": "2018-09-20T01:00:24.857678",
    "User": "ebduser"
}
-----------------------------------------------------------
{
    "Attributes": "",
    "Duration_hms": "0:21:31.364598",
    "Duration_sec": "1291.364598",
    "EndTime": "2018-09-20T01:22:17.108246",
    "Job": "seppo_recipe_processor.py -z -o s3://data.earth/sar/sentinel1/rtc/20.0m -r '${SEPPO_HOME}/recipies/gamma/recipe_sentinel1_grd.py -t -r' -i https://datapool.asf.alaska.edu/GRD_HD/SB/S1B_IW_GRDH_1SDV_20161226T104833_20161226T104858_003566_00619B_599D.zip",
    "JobID": "sentinel1-scenes",
    "StartTime": "2018-09-20T01:00:45.743648",
    "User": "ebduser"
}
-----------------------------------------------------------
{
    "Attributes": "",
    "Duration_hms": "0:20:41.286900",
    "Duration_sec": "1241.2869",
    "EndTime": "2018-09-20T01:22:18.640818",
    "Job": "seppo_recipe_processor.py -z -o s3://data.earth/sar/sentinel1/rtc/20.0m -r '${SEPPO_HOME}/recipies/gamma/recipe_sentinel1_grd.py -t -r' -i https://datapool.asf.alaska.edu/GRD_HD/SB/S1B_IW_GRDH_1SDV_20180818T104845_20180818T104910_012316_016B28_BC7B.zip",
    "JobID": "sentinel1-scenes",
    "StartTime": "2018-09-20T01:01:37.353918",
    "User": "ebduser"
}
-----------------------------------------------------------
{
    "Attributes": "",
    "Duration_hms": "0:22:36.457700",
    "Duration_sec": "1356.4577",
    "EndTime": "2018-09-20T01:22:22.553687",
    "Job": "seppo_recipe_processor.py -z -o s3://data.earth/sar/sentinel1/rtc/20.0m -r '${SEPPO_HOME}/recipies/gamma/recipe_sentinel1_grd.py -t -r' -i https://datapool.asf.alaska.edu/GRD_HD/SB/S1B_IW_GRDH_1SDV_20180713T104818_20180713T104843_011791_015B1C_9B5F.zip",
    "JobID": "sentinel1-scenes",
    "StartTime": "2018-09-20T00:59:46.095987",
    "User": "ebduser"
}
-----------------------------------------------------------
{
    "Attributes": "",
    "Duration_hms": "0:20:26.277941",
    "Duration_sec": "1226.277941",
    "EndTime": "2018-09-20T01:22:24.845599",
    "Job": "seppo_recipe_processor.py -z -o s3://data.earth/sar/sentinel1/rtc/20.0m -r '${SEPPO_HOME}/recipies/gamma/recipe_sentinel1_grd.py -t -r' -i https://datapool.asf.alaska.edu/GRD_HD/SB/S1B_IW_GRDH_1SDV_20170730T104813_20170730T104838_006716_00BD05_2DB5.zip",
    "JobID": "sentinel1-scenes",
    "StartTime": "2018-09-20T01:01:58.567658",
    "User": "ebduser"
}
-----------------------------------------------------------
{
    "Attributes": "",
    "Duration_hms": "0:21:21.350203",
    "Duration_sec": "1281.350203",
    "EndTime": "2018-09-20T01:22:27.514195",
    "Job": "seppo_recipe_processor.py -z -o s3://data.earth/sar/sentinel1/rtc/20.0m -r '${SEPPO_HOME}/recipies/gamma/recipe_sentinel1_grd.py -t -r' -i https://datapool.asf.alaska.edu/GRD_HD/SB/S1B_IW_GRDH_1SDV_20180806T104819_20180806T104844_012141_0165BB_A311.zip",
    "JobID": "sentinel1-scenes",
    "StartTime": "2018-09-20T01:01:06.163992",
    "User": "ebduser"
}
-----------------------------------------------------------
{
    "Attributes": "",
    "Duration_hms": "0:21:51.381519",
    "Duration_sec": "1311.381519",
    "EndTime": "2018-09-20T01:22:33.313292",
    "Job": "seppo_recipe_processor.py -z -o s3://data.earth/sar/sentinel1/rtc/20.0m -r '${SEPPO_HOME}/recipies/gamma/recipe_sentinel1_grd.py -t -r' -i https://datapool.asf.alaska.edu/GRD_HD/SB/S1B_IW_GRDH_1SDV_20170224T104806_20170224T104831_004441_007BA2_61D2.zip",
    "JobID": "sentinel1-scenes",
    "StartTime": "2018-09-20T01:00:41.931773",
    "User": "ebduser"
}
-----------------------------------------------------------
{
    "Attributes": "",
    "Duration_hms": "0:22:41.439643",
    "Duration_sec": "1361.439643",
    "EndTime": "2018-09-20T01:22:35.902519",
    "Job": "seppo_recipe_processor.py -z -o s3://data.earth/sar/sentinel1/rtc/20.0m -r '${SEPPO_HOME}/recipies/gamma/recipe_sentinel1_grd.py -t -r' -i https://datapool.asf.alaska.edu/GRD_HD/SB/S1B_IW_GRDH_1SDV_20170612T104835_20170612T104900_006016_00A8F4_F976.zip",
    "JobID": "sentinel1-scenes",
    "StartTime": "2018-09-20T00:59:54.462876",
    "User": "ebduser"
}
-----------------------------------------------------------
{
    "Attributes": "",
    "Duration_hms": "0:22:41.467877",
    "Duration_sec": "1361.467877",
    "EndTime": "2018-09-20T01:22:36.077719",
    "Job": "seppo_recipe_processor.py -z -o s3://data.earth/sar/sentinel1/rtc/20.0m -r '${SEPPO_HOME}/recipies/gamma/recipe_sentinel1_grd.py -t -r' -i https://datapool.asf.alaska.edu/GRD_HD/SB/S1B_IW_GRDH_1SDV_20170401T104831_20170401T104857_004966_008AEE_B8E8.zip",
    "JobID": "sentinel1-scenes",
    "StartTime": "2018-09-20T00:59:54.609842",
    "User": "ebduser"
}
-----------------------------------------------------------
{
    "Attributes": "",
    "Duration_hms": "0:22:31.424620",
    "Duration_sec": "1351.42462",
    "EndTime": "2018-09-20T01:22:38.754289",
    "Job": "seppo_recipe_processor.py -z -o s3://data.earth/sar/sentinel1/rtc/20.0m -r '${SEPPO_HOME}/recipies/gamma/recipe_sentinel1_grd.py -t -r' -i https://datapool.asf.alaska.edu/GRD_HD/SB/S1B_IW_GRDH_1SDV_20171022T104807_20171022T104832_007941_00E06E_4FF0.zip",
    "JobID": "sentinel1-scenes",
    "StartTime": "2018-09-20T01:00:07.329669",
    "User": "ebduser"
}
-----------------------------------------------------------
{
    "Attributes": "",
    "Duration_hms": "0:20:51.329512",
    "Duration_sec": "1251.329512",
    "EndTime": "2018-09-20T01:22:40.345747",
    "Job": "seppo_recipe_processor.py -z -o s3://data.earth/sar/sentinel1/rtc/20.0m -r '${SEPPO_HOME}/recipies/gamma/recipe_sentinel1_grd.py -t -r' -i https://datapool.asf.alaska.edu/GRD_HD/SB/S1B_IW_GRDH_1SDV_20170107T104806_20170107T104831_003741_0066D7_2591.zip",
    "JobID": "sentinel1-scenes",
    "StartTime": "2018-09-20T01:01:49.016235",
    "User": "ebduser"
}
-----------------------------------------------------------
{
    "Attributes": "",
    "Duration_hms": "0:22:06.381593",
    "Duration_sec": "1326.381593",
    "EndTime": "2018-09-20T01:22:52.582655",
    "Job": "seppo_recipe_processor.py -z -o s3://data.earth/sar/sentinel1/rtc/20.0m -r '${SEPPO_HOME}/recipies/gamma/recipe_sentinel1_grd.py -t -r' -i https://datapool.asf.alaska.edu/GRD_HD/SB/S1B_IW_GRDH_1SDV_20180514T104839_20180514T104905_010916_013F9C_0EF9.zip",
    "JobID": "sentinel1-scenes",
    "StartTime": "2018-09-20T01:00:46.201062",
    "User": "ebduser"
}
-----------------------------------------------------------
{
    "Attributes": "",
    "Duration_hms": "0:24:51.570677",
    "Duration_sec": "1491.570677",
    "EndTime": "2018-09-20T01:22:54.325672",
    "Job": "seppo_recipe_processor.py -z -o s3://data.earth/sar/sentinel1/rtc/20.0m -r '${SEPPO_HOME}/recipies/gamma/recipe_sentinel1_grd.py -t -r' -i https://datapool.asf.alaska.edu/GRD_HD/SA/S1A_IW_GRDH_1SDV_20161103T223438_20161103T223507_013784_01624D_47D3.zip",
    "JobID": "sentinel1-scenes",
    "StartTime": "2018-09-20T00:58:02.754995",
    "User": "ebduser"
}
-----------------------------------------------------------
{
    "Attributes": "",
    "Duration_hms": "0:21:51.380356",
    "Duration_sec": "1311.380356",
    "EndTime": "2018-09-20T01:22:54.992629",
    "Job": "seppo_recipe_processor.py -z -o s3://data.earth/sar/sentinel1/rtc/20.0m -r '${SEPPO_HOME}/recipies/gamma/recipe_sentinel1_grd.py -t -r' -i https://datapool.asf.alaska.edu/GRD_HD/SB/S1B_IW_GRDH_1SDV_20171221T104839_20171221T104904_008816_00FB2B_5B20.zip",
    "JobID": "sentinel1-scenes",
    "StartTime": "2018-09-20T01:01:03.612273",
    "User": "ebduser"
}
-----------------------------------------------------------
{
    "Attributes": "",
    "Duration_hms": "0:24:36.528329",
    "Duration_sec": "1476.528329",
    "EndTime": "2018-09-20T01:22:57.659973",
    "Job": "seppo_recipe_processor.py -z -o s3://data.earth/sar/sentinel1/rtc/20.0m -r '${SEPPO_HOME}/recipies/gamma/recipe_sentinel1_grd.py -t -r' -i https://datapool.asf.alaska.edu/GRD_HD/SA/S1A_IW_GRDH_1SDV_20170830T223443_20170830T223512_018159_01E828_0EAC.zip",
    "JobID": "sentinel1-scenes",
    "StartTime": "2018-09-20T00:58:21.131644",
    "User": "ebduser"
}
-----------------------------------------------------------
{
    "Attributes": "",
    "Duration_hms": "0:23:46.566477",
    "Duration_sec": "1426.566477",
    "EndTime": "2018-09-20T01:22:58.544664",
    "Job": "seppo_recipe_processor.py -z -o s3://data.earth/sar/sentinel1/rtc/20.0m -r '${SEPPO_HOME}/recipies/gamma/recipe_sentinel1_grd.py -t -r' -i https://datapool.asf.alaska.edu/GRD_HD/SB/S1B_IW_GRDH_1SDV_20170612T104810_20170612T104835_006016_00A8F4_90EB.zip",
    "JobID": "sentinel1-scenes",
    "StartTime": "2018-09-20T00:59:11.978187",
    "User": "ebduser"
}
-----------------------------------------------------------
{
    "Attributes": "",
    "Duration_hms": "0:24:36.541042",
    "Duration_sec": "1476.541042",
    "EndTime": "2018-09-20T01:23:00.666334",
    "Job": "seppo_recipe_processor.py -z -o s3://data.earth/sar/sentinel1/rtc/20.0m -r '${SEPPO_HOME}/recipies/gamma/recipe_sentinel1_grd.py -t -r' -i https://datapool.asf.alaska.edu/GRD_HD/SA/S1A_IW_GRDH_1SDV_20161209T223437_20161209T223506_014309_0172A8_1024.zip",
    "JobID": "sentinel1-scenes",
    "StartTime": "2018-09-20T00:58:24.125292",
    "User": "ebduser"
}
-----------------------------------------------------------
{
    "Attributes": "",
    "Duration_hms": "0:25:11.569264",
    "Duration_sec": "1511.569264",
    "EndTime": "2018-09-20T01:23:05.963773",
    "Job": "seppo_recipe_processor.py -z -o s3://data.earth/sar/sentinel1/rtc/20.0m -r '${SEPPO_HOME}/recipies/gamma/recipe_sentinel1_grd.py -t -r' -i https://datapool.asf.alaska.edu/GRD_HD/SA/S1A_IW_GRDH_1SDV_20171216T223443_20171216T223512_019734_0218D6_B4ED.zip",
    "JobID": "sentinel1-scenes",
    "StartTime": "2018-09-20T00:57:54.394509",
    "User": "ebduser"
}
-----------------------------------------------------------
{
    "Attributes": "",
    "Duration_hms": "0:23:01.485029",
    "Duration_sec": "1381.485029",
    "EndTime": "2018-09-20T01:23:17.446015",
    "Job": "seppo_recipe_processor.py -z -o s3://data.earth/sar/sentinel1/rtc/20.0m -r '${SEPPO_HOME}/recipies/gamma/recipe_sentinel1_grd.py -t -r' -i https://datapool.asf.alaska.edu/GRD_HD/SB/S1B_IW_GRDH_1SDV_20170425T104832_20170425T104858_005316_00950E_4969.zip",
    "JobID": "sentinel1-scenes",
    "StartTime": "2018-09-20T01:00:15.960986",
    "User": "ebduser"
}
-----------------------------------------------------------
{
    "Attributes": "",
    "Duration_hms": "0:22:31.436754",
    "Duration_sec": "1351.436754",
    "EndTime": "2018-09-20T01:23:25.785198",
    "Job": "seppo_recipe_processor.py -z -o s3://data.earth/sar/sentinel1/rtc/20.0m -r '${SEPPO_HOME}/recipies/gamma/recipe_sentinel1_grd.py -t -r' -i https://datapool.asf.alaska.edu/GRD_HD/SB/S1B_IW_GRDH_1SDV_20170706T104811_20170706T104836_006366_00B2FE_0CF5.zip",
    "JobID": "sentinel1-scenes",
    "StartTime": "2018-09-20T01:00:54.348444",
    "User": "ebduser"
}
-----------------------------------------------------------
{
    "Attributes": "",
    "Duration_hms": "0:23:06.440410",
    "Duration_sec": "1386.44041",
    "EndTime": "2018-09-20T01:23:29.439778",
    "Job": "seppo_recipe_processor.py -z -o s3://data.earth/sar/sentinel1/rtc/20.0m -r '${SEPPO_HOME}/recipies/gamma/recipe_sentinel1_grd.py -t -r' -i https://datapool.asf.alaska.edu/GRD_HD/SA/S1A_IW_GRDH_1SDV_20170911T223443_20170911T223512_018334_01EDA1_6E0C.zip",
    "JobID": "sentinel1-scenes",
    "StartTime": "2018-09-20T01:00:22.999368",
    "User": "ebduser"
}
-----------------------------------------------------------
{
    "Attributes": "",
    "Duration_hms": "0:23:31.500536",
    "Duration_sec": "1411.500536",
    "EndTime": "2018-09-20T01:23:34.628658",
    "Job": "seppo_recipe_processor.py -z -o s3://data.earth/sar/sentinel1/rtc/20.0m -r '${SEPPO_HOME}/recipies/gamma/recipe_sentinel1_grd.py -t -r' -i https://datapool.asf.alaska.edu/GRD_HD/SB/S1B_IW_GRDH_1SDV_20170706T104836_20170706T104901_006366_00B2FE_7FF3.zip",
    "JobID": "sentinel1-scenes",
    "StartTime": "2018-09-20T01:00:03.128122",
    "User": "ebduser"
}
-----------------------------------------------------------
{
    "Attributes": "",
    "Duration_hms": "0:24:16.550819",
    "Duration_sec": "1456.550819",
    "EndTime": "2018-09-20T01:23:36.731458",
    "Job": "seppo_recipe_processor.py -z -o s3://data.earth/sar/sentinel1/rtc/20.0m -r '${SEPPO_HOME}/recipies/gamma/recipe_sentinel1_grd.py -t -r' -i https://datapool.asf.alaska.edu/GRD_HD/SA/S1A_IW_GRDH_1SDV_20161115T223438_20161115T223507_013959_0167C3_EA97.zip",
    "JobID": "sentinel1-scenes",
    "StartTime": "2018-09-20T00:59:20.180639",
    "User": "ebduser"
}
-----------------------------------------------------------
{
    "Attributes": "",
    "Duration_hms": "0:22:21.403001",
    "Duration_sec": "1341.403001",
    "EndTime": "2018-09-20T01:23:37.414363",
    "Job": "seppo_recipe_processor.py -z -o s3://data.earth/sar/sentinel1/rtc/20.0m -r '${SEPPO_HOME}/recipies/gamma/recipe_sentinel1_grd.py -t -r' -i https://datapool.asf.alaska.edu/GRD_HD/SB/S1B_IW_GRDH_1SDV_20180114T104838_20180114T104903_009166_010688_6680.zip",
    "JobID": "sentinel1-scenes",
    "StartTime": "2018-09-20T01:01:16.011362",
    "User": "ebduser"
}
-----------------------------------------------------------
{
    "Attributes": "",
    "Duration_hms": "0:22:56.470978",
    "Duration_sec": "1376.470978",
    "EndTime": "2018-09-20T01:23:45.377073",
    "Job": "seppo_recipe_processor.py -z -o s3://data.earth/sar/sentinel1/rtc/20.0m -r '${SEPPO_HOME}/recipies/gamma/recipe_sentinel1_grd.py -t -r' -i https://datapool.asf.alaska.edu/GRD_HD/SA/S1A_IW_GRDH_1SDV_20161127T223437_20161127T223506_014134_016D1C_528B.zip",
    "JobID": "sentinel1-scenes",
    "StartTime": "2018-09-20T01:00:48.906095",
    "User": "ebduser"
}
-----------------------------------------------------------
{
    "Attributes": "",
    "Duration_hms": "0:22:56.397387",
    "Duration_sec": "1376.397387",
    "EndTime": "2018-09-20T01:23:53.935145",
    "Job": "seppo_recipe_processor.py -z -o s3://data.earth/sar/sentinel1/rtc/20.0m -r '${SEPPO_HOME}/recipies/gamma/recipe_sentinel1_grd.py -t -r' -i https://datapool.asf.alaska.edu/GRD_HD/SA/S1A_IW_GRDH_1SDV_20170725T223441_20170725T223510_017634_01D841_9AA3.zip",
    "JobID": "sentinel1-scenes",
    "StartTime": "2018-09-20T01:00:57.537758",
    "User": "ebduser"
}
-----------------------------------------------------------
{
    "Attributes": "",
    "Duration_hms": "0:22:56.471200",
    "Duration_sec": "1376.4712",
    "EndTime": "2018-09-20T01:23:58.278866",
    "Job": "seppo_recipe_processor.py -z -o s3://data.earth/sar/sentinel1/rtc/20.0m -r '${SEPPO_HOME}/recipies/gamma/recipe_sentinel1_grd.py -t -r' -i https://datapool.asf.alaska.edu/GRD_HD/SA/S1A_IW_GRDH_1SDV_20170818T223442_20170818T223511_017984_01E2E3_2427.zip",
    "JobID": "sentinel1-scenes",
    "StartTime": "2018-09-20T01:01:01.807666",
    "User": "ebduser"
}
-----------------------------------------------------------
{
    "Attributes": "",
    "Duration_hms": "0:23:26.499408",
    "Duration_sec": "1406.499408",
    "EndTime": "2018-09-20T01:24:04.203132",
    "Job": "seppo_recipe_processor.py -z -o s3://data.earth/sar/sentinel1/rtc/20.0m -r '${SEPPO_HOME}/recipies/gamma/recipe_sentinel1_grd.py -t -r' -i https://datapool.asf.alaska.edu/GRD_HD/SB/S1B_IW_GRDH_1SDV_20161202T104834_20161202T104859_003216_00579C_149D.zip",
    "JobID": "sentinel1-scenes",
    "StartTime": "2018-09-20T01:00:37.703724",
    "User": "ebduser"
}
-----------------------------------------------------------
{
    "Attributes": "",
    "Duration_hms": "0:23:01.445649",
    "Duration_sec": "1381.445649",
    "EndTime": "2018-09-20T01:24:09.309319",
    "Job": "seppo_recipe_processor.py -z -o s3://data.earth/sar/sentinel1/rtc/20.0m -r '${SEPPO_HOME}/recipies/gamma/recipe_sentinel1_grd.py -t -r' -i https://datapool.asf.alaska.edu/GRD_HD/SA/S1A_IW_GRDH_1SDV_20171017T223444_20171017T223513_018859_01FDAF_D896.zip",
    "JobID": "sentinel1-scenes",
    "StartTime": "2018-09-20T01:01:07.863670",
    "User": "ebduser"
}
-----------------------------------------------------------
{
    "Attributes": "",
    "Duration_hms": "0:29:21.935094",
    "Duration_sec": "1761.935094",
    "EndTime": "2018-09-20T01:24:12.606159",
    "Job": "seppo_recipe_processor.py -z -o s3://data.earth/sar/sentinel1/rtc/20.0m -r '${SEPPO_HOME}/recipies/gamma/recipe_sentinel1_grd.py -t -r' -i https://datapool.asf.alaska.edu/GRD_HD/SA/S1A_IW_GRDH_1SDV_20170514T223431_20170514T223500_016584_01B81F_891E.zip",
    "JobID": "sentinel1-scenes",
    "StartTime": "2018-09-20T00:54:50.671065",
    "User": "ebduser"
}
-----------------------------------------------------------
{
    "Attributes": "",
    "Duration_hms": "0:23:46.488808",
    "Duration_sec": "1426.488808",
    "EndTime": "2018-09-20T01:24:18.181568",
    "Job": "seppo_recipe_processor.py -z -o s3://data.earth/sar/sentinel1/rtc/20.0m -r '${SEPPO_HOME}/recipies/gamma/recipe_sentinel1_grd.py -t -r' -i https://datapool.asf.alaska.edu/GRD_HD/SA/S1A_IW_GRDH_1SDV_20170502T223431_20170502T223500_016409_01B2CD_0418.zip",
    "JobID": "sentinel1-scenes",
    "StartTime": "2018-09-20T01:00:31.692760",
    "User": "ebduser"
}
-----------------------------------------------------------
{
    "Attributes": "",
    "Duration_hms": "0:23:51.503834",
    "Duration_sec": "1431.503834",
    "EndTime": "2018-09-20T01:24:31.745052",
    "Job": "seppo_recipe_processor.py -z -o s3://data.earth/sar/sentinel1/rtc/20.0m -r '${SEPPO_HOME}/recipies/gamma/recipe_sentinel1_grd.py -t -r' -i https://datapool.asf.alaska.edu/GRD_HD/SA/S1A_IW_GRDH_1SDV_20170408T223429_20170408T223458_016059_01A825_F7AB.zip",
    "JobID": "sentinel1-scenes",
    "StartTime": "2018-09-20T01:00:40.241218",
    "User": "ebduser"
}
-----------------------------------------------------------
{
    "Attributes": "",
    "Duration_hms": "0:21:21.308140",
    "Duration_sec": "1281.30814",
    "EndTime": "2018-09-20T01:24:36.492156",
    "Job": "seppo_recipe_processor.py -z -o s3://data.earth/sar/sentinel1/rtc/20.0m -r '${SEPPO_HOME}/recipies/gamma/recipe_sentinel1_grd.py -t -r' -i https://datapool.asf.alaska.edu/GRD_HD/SA/S1A_IW_GRDH_1SDV_20170619T223433_20170619T223502_017109_01C857_EA93.zip",
    "JobID": "sentinel1-scenes",
    "StartTime": "2018-09-20T01:03:15.184016",
    "User": "ebduser"
}
-----------------------------------------------------------
{
    "Attributes": "",
    "Duration_hms": "0:24:51.577959",
    "Duration_sec": "1491.577959",
    "EndTime": "2018-09-20T01:24:41.995811",
    "Job": "seppo_recipe_processor.py -z -o s3://data.earth/sar/sentinel1/rtc/20.0m -r '${SEPPO_HOME}/recipies/gamma/recipe_sentinel1_grd.py -t -r' -i https://datapool.asf.alaska.edu/GRD_HD/SA/S1A_IW_GRDH_1SDV_20170607T223433_20170607T223502_016934_01C2F0_DA90.zip",
    "JobID": "sentinel1-scenes",
    "StartTime": "2018-09-20T00:59:50.417852",
    "User": "ebduser"
}
-----------------------------------------------------------
{
    "Attributes": "",
    "Duration_hms": "0:24:11.530634",
    "Duration_sec": "1451.530634",
    "EndTime": "2018-09-20T01:24:52.986304",
    "Job": "seppo_recipe_processor.py -z -o s3://data.earth/sar/sentinel1/rtc/20.0m -r '${SEPPO_HOME}/recipies/gamma/recipe_sentinel1_grd.py -t -r' -i https://datapool.asf.alaska.edu/GRD_HD/SA/S1A_IW_GRDH_1SDV_20170806T223441_20170806T223510_017809_01DD94_2E19.zip",
    "JobID": "sentinel1-scenes",
    "StartTime": "2018-09-20T01:00:41.455670",
    "User": "ebduser"
}
-----------------------------------------------------------
