{
    "Attributes": "",
    "Duration_hms": "0:13:10.778941",
    "Duration_sec": "790.778941",
    "EndTime": "2018-09-19T02:48:50.962129",
    "Job": "seppo_recipe_processor.py -z -o s3://data.earth/sar/sentinel1/rtc/20.0m -r '${SEPPO_HOME}/recipies/gamma/recipe_sentinel1_grd.py -t -r' -i https://datapool.asf.alaska.edu/GRD_HS/SA/S1A_IW_GRDH_1SSV_20161111T103528_20161111T103553_013893_0165BE_57B2.zip",
    "JobID": "sentinel1-scenes",
    "StartTime": "2018-09-19T02:35:40.183188",
    "User": "ebduser"
}
-----------------------------------------------------------
{
    "Attributes": "",
    "Duration_hms": "0:13:50.853396",
    "Duration_sec": "830.853396",
    "EndTime": "2018-09-19T02:49:29.835395",
    "Job": "seppo_recipe_processor.py -z -o s3://data.earth/sar/sentinel1/rtc/20.0m -r '${SEPPO_HOME}/recipies/gamma/recipe_sentinel1_grd.py -t -r' -i https://datapool.asf.alaska.edu/GRD_HD/SB/S1B_IW_GRDH_1SDV_20171017T231149_20171017T231206_007875_00DE97_4F55.zip",
    "JobID": "sentinel1-scenes",
    "StartTime": "2018-09-19T02:35:38.981999",
    "User": "ebduser"
}
-----------------------------------------------------------
{
    "Attributes": "",
    "Duration_hms": "0:14:05.857038",
    "Duration_sec": "845.857038",
    "EndTime": "2018-09-19T02:49:57.470443",
    "Job": "seppo_recipe_processor.py -z -o s3://data.earth/sar/sentinel1/rtc/20.0m -r '${SEPPO_HOME}/recipies/gamma/recipe_sentinel1_grd.py -t -r' -i https://datapool.asf.alaska.edu/GRD_HD/SB/S1B_IW_GRDH_1SDV_20180322T231146_20180322T231203_010150_012706_3F63.zip",
    "JobID": "sentinel1-scenes",
    "StartTime": "2018-09-19T02:35:51.613405",
    "User": "ebduser"
}
-----------------------------------------------------------
{
    "Attributes": "",
    "Duration_hms": "0:18:01.133482",
    "Duration_sec": "1081.133482",
    "EndTime": "2018-09-19T02:53:48.805489",
    "Job": "seppo_recipe_processor.py -z -o s3://data.earth/sar/sentinel1/rtc/20.0m -r '${SEPPO_HOME}/recipies/gamma/recipe_sentinel1_grd.py -t -r' -i https://datapool.asf.alaska.edu/GRD_HD/SB/S1B_IW_GRDH_1SDV_20170207T231133_20170207T231158_004200_007477_CF80.zip",
    "JobID": "sentinel1-scenes",
    "StartTime": "2018-09-19T02:35:47.672007",
    "User": "ebduser"
}
-----------------------------------------------------------
{
    "Attributes": "",
    "Duration_hms": "0:18:41.161452",
    "Duration_sec": "1121.161452",
    "EndTime": "2018-09-19T02:54:13.869694",
    "Job": "seppo_recipe_processor.py -z -o s3://data.earth/sar/sentinel1/rtc/20.0m -r '${SEPPO_HOME}/recipies/gamma/recipe_sentinel1_grd.py -t -r' -i https://datapool.asf.alaska.edu/GRD_HD/SB/S1B_IW_GRDH_1SDV_20171031T103518_20171031T103543_008072_00E43A_9ABC.zip",
    "JobID": "sentinel1-scenes",
    "StartTime": "2018-09-19T02:35:32.708242",
    "User": "ebduser"
}
-----------------------------------------------------------
{
    "Attributes": "",
    "Duration_hms": "0:18:56.174102",
    "Duration_sec": "1136.174102",
    "EndTime": "2018-09-19T02:54:38.515720",
    "Job": "seppo_recipe_processor.py -z -o s3://data.earth/sar/sentinel1/rtc/20.0m -r '${SEPPO_HOME}/recipies/gamma/recipe_sentinel1_grd.py -t -r' -i https://datapool.asf.alaska.edu/GRD_HD/SB/S1B_IW_GRDH_1SDV_20171112T103517_20171112T103542_008247_00E964_AECA.zip",
    "JobID": "sentinel1-scenes",
    "StartTime": "2018-09-19T02:35:42.341618",
    "User": "ebduser"
}
-----------------------------------------------------------
{
    "Attributes": "",
    "Duration_hms": "0:19:06.208901",
    "Duration_sec": "1146.208901",
    "EndTime": "2018-09-19T02:54:49.883722",
    "Job": "seppo_recipe_processor.py -z -o s3://data.earth/sar/sentinel1/rtc/20.0m -r '${SEPPO_HOME}/recipies/gamma/recipe_sentinel1_grd.py -t -r' -i https://datapool.asf.alaska.edu/GRD_HD/SB/S1B_IW_GRDH_1SDV_20180523T103517_20180523T103542_011047_0143E8_4DD4.zip",
    "JobID": "sentinel1-scenes",
    "StartTime": "2018-09-19T02:35:43.674821",
    "User": "ebduser"
}
-----------------------------------------------------------
{
    "Attributes": "",
    "Duration_hms": "0:19:11.210428",
    "Duration_sec": "1151.210428",
    "EndTime": "2018-09-19T02:54:57.852167",
    "Job": "seppo_recipe_processor.py -z -o s3://data.earth/sar/sentinel1/rtc/20.0m -r '${SEPPO_HOME}/recipies/gamma/recipe_sentinel1_grd.py -t -r' -i https://datapool.asf.alaska.edu/GRD_HD/SB/S1B_IW_GRDH_1SDV_20180305T104302_20180305T104327_009895_011E91_5578.zip",
    "JobID": "sentinel1-scenes",
    "StartTime": "2018-09-19T02:35:46.641739",
    "User": "ebduser"
}
-----------------------------------------------------------
