{
    "Attributes": "",
    "Duration_hms": "0:00:15.018273",
    "Duration_sec": "15.018273",
    "EndTime": "2018-09-12T22:19:16.459829",
    "Job": "aws s3 ls data.earth/sar/sentinel1/ --recursive; sleep 10",
    "JobID": "ebd",
    "StartTime": "2018-09-12T22:19:01.441556",
    "User": "josefk"
}
-----------------------------------------------------------
{
    "Attributes": "",
    "Duration_hms": "0:00:15.034395",
    "Duration_sec": "15.034395",
    "EndTime": "2018-09-12T22:21:30.101640",
    "Job": "aws s3 ls data.earth/sar/sentinel1/ --recursive; sleep 10",
    "JobID": "ebd",
    "StartTime": "2018-09-12T22:21:15.067245",
    "User": "josefk"
}
-----------------------------------------------------------
