{
    "Attributes": "",
    "Duration_hms": "0:01:00.102048",
    "Duration_sec": "60.102048",
    "EndTime": "2018-09-19T05:07:52.185891",
    "Job": "sleep 60",
    "JobID": "Colombia",
    "StartTime": "2018-09-19T05:06:52.083843",
    "User": "josefk"
}
-----------------------------------------------------------
{
    "Attributes": "",
    "Duration_hms": "0:01:00.093419",
    "Duration_sec": "60.093419",
    "EndTime": "2018-09-19T05:08:56.773456",
    "Job": "sleep 60",
    "JobID": "Colombia",
    "StartTime": "2018-09-19T05:07:56.680037",
    "User": "josefk"
}
-----------------------------------------------------------
