{
    "Attributes": {
        "Error": "Unallowed exceptions in depending Job Group ith ID: ebduser_sentinel1-scenes_20180912T230620-784282_0601165"
    },
    "Duration_hms": "0:00:00.000004",
    "Duration_sec": "4e-06",
    "EndTime": "2018-09-13T06:50:32.251628",
    "Job": "seppo_recipe_processor.py -v -z -o s3://data.earth/share/florence/tiles/17RMQsS1 -r '/mnt/s/seppo/recipies/recipies/timeseries/seppo_ts_processor.py -gid 17RMQ -tr 20 20 -mb -mf -ts fil -ani browse -v'",
    "JobID": "florence",
    "StartTime": "2018-09-13T06:50:32.251624",
    "User": "josefk"
}
-----------------------------------------------------------
{
    "Attributes": {
        "Error": "Unallowed exceptions in depending Job Group ith ID: ebduser_sentinel1-scenes_20180912T230620-784282_0601165"
    },
    "Duration_hms": "0:00:00.000009",
    "Duration_sec": "9e-06",
    "EndTime": "2018-09-13T06:50:41.729590",
    "Job": "seppo_recipe_processor.py -v -z -o s3://data.earth/share/florence/tiles/17SMRsS1 -r '/mnt/s/seppo/recipies/recipies/timeseries/seppo_ts_processor.py -gid 17SMR -tr 20 20 -mb -mf -ts fil -ani browse -v'",
    "JobID": "florence",
    "StartTime": "2018-09-13T06:50:41.729581",
    "User": "josefk"
}
-----------------------------------------------------------
{
    "Attributes": {
        "Error": "Unallowed exceptions in depending Job Group ith ID: ebduser_sentinel1-scenes_20180912T230620-784282_0601165"
    },
    "Duration_hms": "0:00:00.000008",
    "Duration_sec": "8e-06",
    "EndTime": "2018-09-13T06:50:51.086759",
    "Job": "seppo_recipe_processor.py -v -z -o s3://data.earth/share/florence/tiles/17SMSsS1 -r '/mnt/s/seppo/recipies/recipies/timeseries/seppo_ts_processor.py -gid 17SMS -tr 20 20 -mb -mf -ts fil -ani browse -v'",
    "JobID": "florence",
    "StartTime": "2018-09-13T06:50:51.086751",
    "User": "josefk"
}
-----------------------------------------------------------
{
    "Attributes": {
        "Error": "Unallowed exceptions in depending Job Group ith ID: ebduser_sentinel1-scenes_20180912T230620-784282_0601165"
    },
    "Duration_hms": "0:00:00.000004",
    "Duration_sec": "4e-06",
    "EndTime": "2018-09-13T06:50:52.681778",
    "Job": "seppo_recipe_processor.py -v -z -o s3://data.earth/share/florence/tiles/17SNRsS1 -r '/mnt/s/seppo/recipies/recipies/timeseries/seppo_ts_processor.py -gid 17SNR -tr 20 20 -mb -mf -ts fil -ani browse -v'",
    "JobID": "florence",
    "StartTime": "2018-09-13T06:50:52.681774",
    "User": "josefk"
}
-----------------------------------------------------------
{
    "Attributes": {
        "Error": "Unallowed exceptions in depending Job Group ith ID: ebduser_sentinel1-scenes_20180912T230620-784282_0601165"
    },
    "Duration_hms": "0:00:00.000009",
    "Duration_sec": "9e-06",
    "EndTime": "2018-09-13T06:51:00.448056",
    "Job": "seppo_recipe_processor.py -v -z -o s3://data.earth/share/florence/tiles/17SNSsS1 -r '/mnt/s/seppo/recipies/recipies/timeseries/seppo_ts_processor.py -gid 17SNS -tr 20 20 -mb -mf -ts fil -ani browse -v'",
    "JobID": "florence",
    "StartTime": "2018-09-13T06:51:00.448047",
    "User": "josefk"
}
-----------------------------------------------------------
{
    "Attributes": {
        "Error": "Unallowed exceptions in depending Job Group ith ID: ebduser_sentinel1-scenes_20180912T230620-784282_0601165"
    },
    "Duration_hms": "0:00:00.000005",
    "Duration_sec": "5e-06",
    "EndTime": "2018-09-13T06:51:01.970684",
    "Job": "seppo_recipe_processor.py -v -z -o s3://data.earth/share/florence/tiles/17SNTsS1 -r '/mnt/s/seppo/recipies/recipies/timeseries/seppo_ts_processor.py -gid 17SNT -tr 20 20 -mb -mf -ts fil -ani browse -v'",
    "JobID": "florence",
    "StartTime": "2018-09-13T06:51:01.970679",
    "User": "josefk"
}
-----------------------------------------------------------
{
    "Attributes": {
        "Error": "Unallowed exceptions in depending Job Group ith ID: ebduser_sentinel1-scenes_20180912T230620-784282_0601165"
    },
    "Duration_hms": "0:00:00.000010",
    "Duration_sec": "1e-05",
    "EndTime": "2018-09-13T06:51:09.783195",
    "Job": "seppo_recipe_processor.py -v -z -o s3://data.earth/share/florence/tiles/17SPSsS1 -r '/mnt/s/seppo/recipies/recipies/timeseries/seppo_ts_processor.py -gid 17SPS -tr 20 20 -mb -mf -ts fil -ani browse -v'",
    "JobID": "florence",
    "StartTime": "2018-09-13T06:51:09.783185",
    "User": "josefk"
}
-----------------------------------------------------------
{
    "Attributes": {
        "Error": "Unallowed exceptions in depending Job Group ith ID: ebduser_sentinel1-scenes_20180912T230620-784282_0601165"
    },
    "Duration_hms": "0:00:00.000005",
    "Duration_sec": "5e-06",
    "EndTime": "2018-09-13T06:51:11.246873",
    "Job": "seppo_recipe_processor.py -v -z -o s3://data.earth/share/florence/tiles/17SPTsS1 -r '/mnt/s/seppo/recipies/recipies/timeseries/seppo_ts_processor.py -gid 17SPT -tr 20 20 -mb -mf -ts fil -ani browse -v'",
    "JobID": "florence",
    "StartTime": "2018-09-13T06:51:11.246868",
    "User": "josefk"
}
-----------------------------------------------------------
{
    "Attributes": {
        "Error": "Unallowed exceptions in depending Job Group ith ID: ebduser_sentinel1-scenes_20180912T230620-784282_0601165"
    },
    "Duration_hms": "0:00:00.000010",
    "Duration_sec": "1e-05",
    "EndTime": "2018-09-13T06:51:19.257892",
    "Job": "seppo_recipe_processor.py -v -z -o s3://data.earth/share/florence/tiles/17SPUsS1 -r '/mnt/s/seppo/recipies/recipies/timeseries/seppo_ts_processor.py -gid 17SPU -tr 20 20 -mb -mf -ts fil -ani browse -v'",
    "JobID": "florence",
    "StartTime": "2018-09-13T06:51:19.257882",
    "User": "josefk"
}
-----------------------------------------------------------
{
    "Attributes": {
        "Error": "Unallowed exceptions in depending Job Group ith ID: ebduser_sentinel1-scenes_20180912T230620-784282_0601165"
    },
    "Duration_hms": "0:00:00.000004",
    "Duration_sec": "4e-06",
    "EndTime": "2018-09-13T06:51:20.569806",
    "Job": "seppo_recipe_processor.py -v -z -o s3://data.earth/share/florence/tiles/17SQTsS1 -r '/mnt/s/seppo/recipies/recipies/timeseries/seppo_ts_processor.py -gid 17SQT -tr 20 20 -mb -mf -ts fil -ani browse -v'",
    "JobID": "florence",
    "StartTime": "2018-09-13T06:51:20.569802",
    "User": "josefk"
}
-----------------------------------------------------------
{
    "Attributes": {
        "Error": "Unallowed exceptions in depending Job Group ith ID: ebduser_sentinel1-scenes_20180912T230620-784282_0601165"
    },
    "Duration_hms": "0:00:00.000009",
    "Duration_sec": "9e-06",
    "EndTime": "2018-09-13T06:51:28.634545",
    "Job": "seppo_recipe_processor.py -v -z -o s3://data.earth/share/florence/tiles/17SQUsS1 -r '/mnt/s/seppo/recipies/recipies/timeseries/seppo_ts_processor.py -gid 17SQU -tr 20 20 -mb -mf -ts fil -ani browse -v'",
    "JobID": "florence",
    "StartTime": "2018-09-13T06:51:28.634536",
    "User": "josefk"
}
-----------------------------------------------------------
{
    "Attributes": {
        "Error": "Unallowed exceptions in depending Job Group ith ID: ebduser_sentinel1-scenes_20180912T230620-784282_0601165"
    },
    "Duration_hms": "0:00:00.000008",
    "Duration_sec": "8e-06",
    "EndTime": "2018-09-13T06:51:30.033542",
    "Job": "seppo_recipe_processor.py -v -z -o s3://data.earth/share/florence/tiles/18STCsS1 -r '/mnt/s/seppo/recipies/recipies/timeseries/seppo_ts_processor.py -gid 18STC -tr 20 20 -mb -mf -ts fil -ani browse -v'",
    "JobID": "florence",
    "StartTime": "2018-09-13T06:51:30.033534",
    "User": "josefk"
}
-----------------------------------------------------------
{
    "Attributes": {
        "Error": "Unallowed exceptions in depending Job Group ith ID: ebduser_sentinel1-scenes_20180912T230620-784282_0601165"
    },
    "Duration_hms": "0:00:00.000007",
    "Duration_sec": "7e-06",
    "EndTime": "2018-09-13T06:51:37.972329",
    "Job": "seppo_recipe_processor.py -v -z -o s3://data.earth/share/florence/tiles/18STDsS1 -r '/mnt/s/seppo/recipies/recipies/timeseries/seppo_ts_processor.py -gid 18STD -tr 20 20 -mb -mf -ts fil -ani browse -v'",
    "JobID": "florence",
    "StartTime": "2018-09-13T06:51:37.972322",
    "User": "josefk"
}
-----------------------------------------------------------
{
    "Attributes": {
        "Error": "Unallowed exceptions in depending Job Group ith ID: ebduser_sentinel1-scenes_20180912T230620-784282_0601165"
    },
    "Duration_hms": "0:00:00.000009",
    "Duration_sec": "9e-06",
    "EndTime": "2018-09-13T06:51:39.397098",
    "Job": "seppo_recipe_processor.py -v -z -o s3://data.earth/share/florence/tiles/18STEsS1 -r '/mnt/s/seppo/recipies/recipies/timeseries/seppo_ts_processor.py -gid 18STE -tr 20 20 -mb -mf -ts fil -ani browse -v'",
    "JobID": "florence",
    "StartTime": "2018-09-13T06:51:39.397089",
    "User": "josefk"
}
-----------------------------------------------------------
{
    "Attributes": {
        "Error": "Unallowed exceptions in depending Job Group ith ID: ebduser_sentinel1-scenes_20180912T230620-784282_0601165"
    },
    "Duration_hms": "0:00:00.000008",
    "Duration_sec": "8e-06",
    "EndTime": "2018-09-13T06:51:47.339786",
    "Job": "seppo_recipe_processor.py -v -z -o s3://data.earth/share/florence/tiles/18SUDsS1 -r '/mnt/s/seppo/recipies/recipies/timeseries/seppo_ts_processor.py -gid 18SUD -tr 20 20 -mb -mf -ts fil -ani browse -v'",
    "JobID": "florence",
    "StartTime": "2018-09-13T06:51:47.339778",
    "User": "josefk"
}
-----------------------------------------------------------
{
    "Attributes": {
        "Error": "Unallowed exceptions in depending Job Group ith ID: ebduser_sentinel1-scenes_20180912T230620-784282_0601165"
    },
    "Duration_hms": "0:00:00.000009",
    "Duration_sec": "9e-06",
    "EndTime": "2018-09-13T06:51:48.748852",
    "Job": "seppo_recipe_processor.py -v -z -o s3://data.earth/share/florence/tiles/18SUEsS1 -r '/mnt/s/seppo/recipies/recipies/timeseries/seppo_ts_processor.py -gid 18SUE -tr 20 20 -mb -mf -ts fil -ani browse -v'",
    "JobID": "florence",
    "StartTime": "2018-09-13T06:51:48.748843",
    "User": "josefk"
}
-----------------------------------------------------------
{
    "Attributes": {
        "Error": "Unallowed exceptions in depending Job Group ith ID: ebduser_sentinel1-scenes_20180912T230620-784282_0601165"
    },
    "Duration_hms": "0:00:00.000004",
    "Duration_sec": "4e-06",
    "EndTime": "2018-09-13T06:51:55.215167",
    "Job": "seppo_recipe_processor.py -v -z -o s3://data.earth/share/florence/tiles/18SUFsS1 -r '/mnt/s/seppo/recipies/recipies/timeseries/seppo_ts_processor.py -gid 18SUF -tr 20 20 -mb -mf -ts fil -ani browse -v'",
    "JobID": "florence",
    "StartTime": "2018-09-13T06:51:55.215163",
    "User": "josefk"
}
-----------------------------------------------------------
{
    "Attributes": {
        "Error": "Unallowed exceptions in depending Job Group ith ID: ebduser_sentinel1-scenes_20180912T230620-784282_0601165"
    },
    "Duration_hms": "0:00:00.000010",
    "Duration_sec": "1e-05",
    "EndTime": "2018-09-13T06:51:56.664590",
    "Job": "seppo_recipe_processor.py -v -z -o s3://data.earth/share/florence/tiles/18SVDsS1 -r '/mnt/s/seppo/recipies/recipies/timeseries/seppo_ts_processor.py -gid 18SVD -tr 20 20 -mb -mf -ts fil -ani browse -v'",
    "JobID": "florence",
    "StartTime": "2018-09-13T06:51:56.664580",
    "User": "josefk"
}
-----------------------------------------------------------
{
    "Attributes": {
        "Error": "Unallowed exceptions in depending Job Group ith ID: ebduser_sentinel1-scenes_20180912T230620-784282_0601165"
    },
    "Duration_hms": "0:00:00.000009",
    "Duration_sec": "9e-06",
    "EndTime": "2018-09-13T06:51:58.094425",
    "Job": "seppo_recipe_processor.py -v -z -o s3://data.earth/share/florence/tiles/18SVEsS1 -r '/mnt/s/seppo/recipies/recipies/timeseries/seppo_ts_processor.py -gid 18SVE -tr 20 20 -mb -mf -ts fil -ani browse -v'",
    "JobID": "florence",
    "StartTime": "2018-09-13T06:51:58.094416",
    "User": "josefk"
}
-----------------------------------------------------------
{
    "Attributes": {
        "Error": "Unallowed exceptions in depending Job Group ith ID: ebduser_sentinel1-scenes_20180912T230620-784282_0601165"
    },
    "Duration_hms": "0:00:00.000005",
    "Duration_sec": "5e-06",
    "EndTime": "2018-09-13T06:52:04.511853",
    "Job": "seppo_recipe_processor.py -v -z -o s3://data.earth/share/florence/tiles/18SVFsS1 -r '/mnt/s/seppo/recipies/recipies/timeseries/seppo_ts_processor.py -gid 18SVF -tr 20 20 -mb -mf -ts fil -ani browse -v'",
    "JobID": "florence",
    "StartTime": "2018-09-13T06:52:04.511848",
    "User": "josefk"
}
-----------------------------------------------------------
